TRACE-69901-P4TdQEhGenzI6xw9TaLhOAUR3Zft3kGsUqWOzG2KYHTH2ECRle-sso-cas.univ-lille1.fr:etud0
TRACE-69902-kh5p0wbC00r3TX9fCFHMuNy54b14GbzEpKAhqZmfDFRHgh9dlO-sso-cas.univ-lille1.fr:pers0
TRACE-69903-EUej9c5G2d4cd7xaT79gqF0PO3xTz7rdEPI7rExkyfavCJxndJ-sso-cas.univ-lille1.fr:ens0
TRACE-69904-cnCMdG3wFB0aZclFB0hwbKTgQfbhDNe0hyaIRLPj5FPK6OxTEd-sso-cas.univ-lille1.fr:ens6
TRACE-69905-J5tnamDWcsd49jbxLHohgqwR9euc3VEK1AbtL2qcRUZdagaSzm-sso-cas.univ-lille1.fr:etud1
TRACE-69906-aZPQaBQZL0yblx64sgTuSqeR4Tr4QYgjTdoSuarXKDhwO3QoEZ-sso-cas.univ-lille1.fr:pers1
TRACE-69908-fjde7abSYYRFHG39CNXP5rbLwcRXOiWhLzdm3seRxVYOFwIJL5-sso-cas.univ-lille1.fr:ens1
TRACE-69911-Q2lbMSgHftbddUZIZk0HCNgze4z9c6XeBIveWJQIkQhKXXu4Iy-sso-cas.univ-lille1.fr:etud2
TRACE-69912-qRRXLYJka55A9yPNul4gcOO4o4VVbbWUTSvGlzed4tasbIhfY5-sso-cas.univ-lille1.fr:pers2
TRACE-69913-vysGpg0zh5r0jJZgisQh9HldbulVrZv5fdeUfsT1IucMmBOsOf-sso-cas.univ-lille1.fr:etud1
TRACE-69915-NFAtgTwlta1eoDQTczfLNKKfciKo6ommqY5vTDcV1gQmdjWg2y-sso-cas.univ-lille1.fr:ens2
TRACE-69917-5G1NqqiIQ4Dx2mmYXjtGAMJXmB46IwrSfvv6nXtwxcwZGag52S-sso-cas.univ-lille1.fr:etud3
TRACE-69918-KeOqISIZTAQyw5y7ruc6LNbinqyrXPkOrgP0Kqnu2qW5Hg07k0-sso-cas.univ-lille1.fr:pers3
TRACE-69919-n7fHeWZUhcNA7dnnzsuL2bC4TXQ4qL13IBREDMIsA16axsWpFE-sso-cas.univ-lille1.fr:etud7
TRACE-69920-cJpXqbqKL5toEgXfAckGT2I5VqCc4BiynisIBBjythKGBJ9cJQ-sso-cas.univ-lille1.fr:ens3
TRACE-69921-pongCPYH7TayHMoqMHGyclirR55QvhReZqcC0e4VdJQKbDENAQ-sso-cas.univ-lille1.fr:etud4
TRACE-69924-0bKfULfKf5PQNHMWZKPHDxMWSasMAF1s7na45tP5Cg6PiBXzK6-sso-cas.univ-lille1.fr:pers4
TRACE-69926-gfAmEBhakdkEgNfD66mXEY0xsmepfK3A2M2dx7xewFBOON5A70-sso-cas.univ-lille1.fr:ens4
TRACE-69929-bf20OR9zHm7dmp2kxzW1QNwTdw4S3AbxiIT4pYvx1h4IXMUn3o-sso-cas.univ-lille1.fr:etud5
TRACE-69931-PuZZ1CwcJHAWNKUZdME97X0rzyDdPOlDRURUujG5gCAygvOlIK-sso-cas.univ-lille1.fr:pers5
TRACE-69932-oKNNtYX1ceEighL4mhQH4YwLdRI1hKkw3KZp20xpAqda3RGedq-sso-cas.univ-lille1.fr:ens2
TRACE-69933-XDbkjy16nLD0CkXQagrA4Cc5zdtMHEXEX59RrW3ag2UGdbYS67-sso-cas.univ-lille1.fr:pers0
TRACE-69934-F0JKmLCGTAKfnQy0BVnA2JXBZGVx9wLhtRcIP4g7emMn0grsWx-sso-cas.univ-lille1.fr:ens8
TRACE-69936-u3pVRKieABLf0aXnuoFl1GwVhZcdALjhNv4bZf4rRvo7anoXDV-sso-cas.univ-lille1.fr:ens8
TRACE-69938-sHNDfMRfnpq6waK6XsDSdFGcbPRcsYCOhsvnmk9rSa6bB4AxcL-sso-cas.univ-lille1.fr:ens5
TRACE-69939-dLdQ1aX5TjpjdCyPeZVeC09jvmoGspLRpgue2bDF4ZseYWRlHe-sso-cas.univ-lille1.fr:etud6
TRACE-69940-vlT3ERH6NSv6niMMLnYY3VtdPFJCNhmQMpTuplHLPBFTaPb75k-sso-cas.univ-lille1.fr:pers6
TRACE-69942-a9lQoW7ap1wuLd1MXI5SONazbGeeYbiJpGYWd5MtxjdIceNo5E-sso-cas.univ-lille1.fr:ens2
TRACE-69949-ebVQhvhSMwpEMiRuTKYrbQk0valZO0B6e3dSYfnoEfF5qMr7Kf-sso-cas.univ-lille1.fr:pers4
TRACE-69950-AQMyFQWh9FscNYVn4quhoCO54exYcoTjPshvAxZkwAEdyGkfIi-sso-cas.univ-lille1.fr:pers7
TRACE-69953-jOWyn2jIdDexf7P0fhN7UgyoA3BgmabztFYYFLvd9gVdfF3qzB-sso-cas.univ-lille1.fr:ens7
TRACE-69954-q24XheuYxfK2eVFxbZdstH2MH9N9X7s47xNJboU9cLLAVggLw2-sso-cas.univ-lille1.fr:etud8
TRACE-69955-wuwR9enKJJ7MNYDSANqmpdYjfmLm4ohxngKdo6abOsb26pWmk0-sso-cas.univ-lille1.fr:pers8
TRACE-69958-MTP32oUYDXuFM2J24NWALyOKSyLZYT5CdvVjmIyaUy7YFdhl0n-sso-cas.univ-lille1.fr:etud11
TRACE-69960-PNIP3x0BSd4qQ2zA3dLmpc5GP9PCb0xIUvBlUKQtmM1QIrVUEI-sso-cas.univ-lille1.fr:etud9
TRACE-69961-mg1swDAwucHvnOXsAxfVkJAWGnSSvBYdxqY6BVRW7FHeQ6ViB5-sso-cas.univ-lille1.fr:pers9
TRACE-69962-Yv7sspDgIdP0PBfQJa0TXb7PSiIqo6OKmG7IG64jTMOTgl6cIk-sso-cas.univ-lille1.fr:ens9
TRACE-69963-AZXjbahwR02yenLZ9aCyneQyjbHkDqttTzUQUvKaoq1EaExHzs-sso-cas.univ-lille1.fr:etud10
TRACE-69966-ikllcbDpBV5wnXWHPLKc6USI0NMwFTMsVoCBuLx1EczqkWSh2y-sso-cas.univ-lille1.fr:ens10
TRACE-69967-JRyjp9l9I3scdy2kZ2OS3s2rm0U0aLMtYMSaClre0lZD63fwqe-sso-cas.univ-lille1.fr:pers10
TRACE-69969-qdIAxTQNLS1ufWlY0d1W5fOTDYNngOLAsSdCnHnghTWzdhVu7q-sso-cas.univ-lille1.fr:pers11
TRACE-69970-JF5OJJfkey06LE0TMZATgN2nNwhbzvke3qAOZotiEJiXIQb4DW-sso-cas.univ-lille1.fr:ens11
TRACE-69971-lmezUrsEG0oqhO2z42ApxaPge2LQPRNWeKctiPYuzaylKfeXg4-sso-cas.univ-lille1.fr:etud12
TRACE-69974-dtYGxdXBTaXf6FZVmfLvzeaziMbeR5nN06baqLBIrMmkGa5e3c-sso-cas.univ-lille1.fr:pers12
TRACE-69975-4SxbN74uZdw9uVWd4VAsWuWXgbu4isfp3tWh3jid7bGt3SIRMo-sso-cas.univ-lille1.fr:ens12
TRACE-69977-9HrcYSGt2SkknBZi3crJNt6cevqoJJDpj01rWabfXkMVxjldxo-sso-cas.univ-lille1.fr:etud13
TRACE-69981-LAuYQkbjNlZNyfiMRL0breRYxVoCVoNTy5cbYTJGiWZPEtIE7i-sso-cas.univ-lille1.fr:ens5
TRACE-69982-fuFqFhWSAfgUsDZBpfdblmffoDKaJdpZeZDeZtf2pHoVb6z9fP-sso-cas.univ-lille1.fr:pers13
TRACE-69983-JQZWDAykfgiJAgmbm5dDcAJ4RfVBF7Hebh7ewGBGWO25DaBcuG-sso-cas.univ-lille1.fr:ens13
TRACE-69986-YsTEyuUeGsRPdVM51bufvSiVatANDjLxlDYXFBjYcoAWHr5eVY-sso-cas.univ-lille1.fr:etud14
TRACE-69987-BVapHm67yTrXCI37cynVaEe5egMV6BacCpMZ73BkUfvx6PSru1-sso-cas.univ-lille1.fr:etud6
TRACE-69988-SiWsWLILnbtIn49DDUbM46Ndm39DjZ0sXehOI7VnDO0F2qxnmh-sso-cas.univ-lille1.fr:pers14
TRACE-69989-nQ547DsL4RoCgl6gQktQlW5It6Ae2aeYxccaRY2TV9NFvOqekW-sso-cas.univ-lille1.fr:ens14
TRACE-69990-UglZ5PgASbbtY4M9CdLlxGgh2CmDN0l50j23qfdCLezWVaRtM5-sso-cas.univ-lille1.fr:etud15
TRACE-69991-bnGyCyjrv0NRjvR17AcvnJsnJV3gcLoOXFAgnnVuETujEiDAuj-sso-cas.univ-lille1.fr:pers15
TRACE-69994-twg4lElajhZ5c5T2ikdvWOZIewHJm2sEbzRxwGuwyUjiugd1FW-sso-cas.univ-lille1.fr:ens15
TRACE-69996-okWwDqxbeDsnsYLcpucGaNZPqeCpEaFIx6aIbccATqgvUQGSaD-sso-cas.univ-lille1.fr:etud15
TRACE-69998-35GXPKcZBEwZlVhBEeS0QcU07BVhcsNUQMwx5UaFQwhbzoXCfC-sso-cas.univ-lille1.fr:etud16
TRACE-70003-d6fNLRiCqW7stnjJbcbiMsinqxDtXLt40pvtHnZgYRKkdeFlVQ-sso-cas.univ-lille1.fr:pers16
TRACE-70005-bFYOV2p6SBCGL3I1CNfqAv9gzYYSCNAd0RfA0w91MoRIbdBSWR-sso-cas.univ-lille1.fr:ens16
TRACE-70012-h3rhuhQrolwtW9XBnkn64spgGEhQwodg71xyU3HkvXc9FuxlFA-sso-cas.univ-lille1.fr:etud17
TRACE-70014-go7rrTP5p96KfTsJc2pRlERTIMKejRl9VOSbP5ds7qlRx9YeId-sso-cas.univ-lille1.fr:pers17
TRACE-70019-kK5r3wWvaXwpav2KI1ZpQaIxDGKzSVakXPLjy0nfHndWCMIKqa-sso-cas.univ-lille1.fr:ens17
TRACE-70022-bXYoTviCi6x4Jig1eOqipe6LgzYlcM3JyGbboT6qiG5by4ghQT-sso-cas.univ-lille1.fr:etud18
TRACE-70024-q2pvJl0zmoZpZkODRfppgsCTOfAoIieZZZJT1lI1F6OSBIEB1E-sso-cas.univ-lille1.fr:pers18
TRACE-70029-W4tbd3dUArQzfm3uBMrI52nezHVxOuDgpjEcbtWJodG0N9PAj7-sso-cas.univ-lille1.fr:ens18
TRACE-70034-AjLn3ZDvOvNen5tqWzec6zXBjPClmXCWAdef2JlXQxAP5SROWi-sso-cas.univ-lille1.fr:etud19
TRACE-70038-Mfs5JJvwEVdA0Ypryxd5r4qHXnMkO22RPBprGArMPYYydaLqfi-sso-cas.univ-lille1.fr:pers19
TRACE-70040-IQ4MMZrtjhsjzJg0gwkebMaNS0U6NDMans7excGbiiYkwoWTrG-sso-cas.univ-lille1.fr:ens19
TRACE-70041-igKMOvLfT2CNGvcNGUmyymiNqOxGVVsFwTkVSoMsNqxt2vHfsy-sso-cas.univ-lille1.fr:etud0
TRACE-70043-winZvB5eHfZKG9Lwze3crIva2Qq9D4erEvCTZhUnSwi1fpfDjg-sso-cas.univ-lille1.fr:pers0
TRACE-70044-h9rwfuTbjfrOimFweSMrueNcRtknlNckVcTnpxjUzjOosoQHph-sso-cas.univ-lille1.fr:ens0
TRACE-70049-E3qbvil2K9HFanSeiHIqmVvxh1RAQILHsQ34fjAUCxoR57iHfq-sso-cas.univ-lille1.fr:etud1
TRACE-70052-fvIbtQEDTEDyKUf3xoyvleeQicCysnmnoSXXnb43xSa9aBnvCs-sso-cas.univ-lille1.fr:etud0
TRACE-70053-zFxKbjyc0ezWRwkmkY3xLTUburVuBN4UZwWYRqbysEaFAd7Yle-sso-cas.univ-lille1.fr:pers1
TRACE-70056-g7a7ucQeQz1VEEnKnxAfCxbY6FeP3vYv1Y1bCoi0HEzKh5ynR9-sso-cas.univ-lille1.fr:ens1
TRACE-70059-PydYfTJ5nnBEhM6QzHfQ7OPLfPZArQcWqbVkdgKpQdLutOpfhc-sso-cas.univ-lille1.fr:etud2
TRACE-70060-aXSCdkJVvXl1RZ1AjNwmbDMkvSUq1d125qBYmEFFsS7vXNokHV-sso-cas.univ-lille1.fr:pers2
TRACE-70061-MhXFdqsr7sr5szxoz1b0mCrpIyuPpcfZi4TeHVGvvPOVR1ZBUN-sso-cas.univ-lille1.fr:ens2
TRACE-70062-P5gAfzXsgIJIjEDecaQpVxbm2JKwATrcpHVcLSqFBp9divaFKO-sso-cas.univ-lille1.fr:etud3
TRACE-70064-4fM9upDGwB041mbKG6ObdpdAcL6bfghgU7nYKSI424FkYT4Z9E-sso-cas.univ-lille1.fr:pers3
TRACE-70066-4RgTrQ6MegWu9BMpCjJkOg6C6DawT7Gn62gCIdlgScbqILib0g-sso-cas.univ-lille1.fr:ens3
TRACE-70070-MgNlMde0QQgbI1AirGmpgjRynjcsN9XAvwcT9aej9XFoMKpcHL-sso-cas.univ-lille1.fr:etud4
TRACE-70071-0VszPTnPbtuM2BOoKHNCCvns10c0t9NjX6EOieWH0odvRrxEw6-sso-cas.univ-lille1.fr:ens4
TRACE-70073-1w9fNq7OsMVzUFDbg0DZt7hg2vNgO0OrMsqfBoSWy07DeDPOtr-sso-cas.univ-lille1.fr:pers4
TRACE-70075-5wftvwXM45p71xdP6gHSuni406Z14yWkAlOQyiPIt5QlpsnNaX-sso-cas.univ-lille1.fr:etud5
TRACE-70076-nLwsiaW7jx6pTBOqaLO3otgPYP1znWNwF1JOq5dxKfQSVUOBCD-sso-cas.univ-lille1.fr:etud5
TRACE-70077-J6cp4fhByCRi0AbCKUymyeb7IDmXeKe7mAKE4gC5XEslzFVOcy-sso-cas.univ-lille1.fr:pers5
TRACE-70078-Z5xenmMIwCXktRPGXO6SEgzwkEPETDJgZYmJ2eDSikZUgQxQKt-sso-cas.univ-lille1.fr:ens5
TRACE-70081-fgfiLAKVmvGjNsVAJLsSifQ4NA5Rbw3foTVexPsuKfKYZKWvcf-sso-cas.univ-lille1.fr:etud6
TRACE-70091-cyy5f6exYZ5grV079t0H0etAu7lFd43GBkfvNxwG7SAB3ntuPG-sso-cas.univ-lille1.fr:pers6
TRACE-70095-fkvwOKgGzQmWdNrTfaSdeEQwfUEWkAxsEIbP45UFti53XttbBX-sso-cas.univ-lille1.fr:ens6
TRACE-70097-nQciQq02Qk5C1pSPwIwJTT7iy9Sb5u2gpevGVvn1hwRfv9kIgk-sso-cas.univ-lille1.fr:etud7
TRACE-70099-2Md57WFf30QLSbbg3KkS1fYXlUWfVOWqOavF4MhSnjvD9j9yzh-sso-cas.univ-lille1.fr:pers7
TRACE-70100-QrdbitAlQw9g77PbtjyXKaOIx12b9gwrhkULB3EefxcyX05p2o-sso-cas.univ-lille1.fr:ens7
TRACE-70107-NwmqLiVc2VaMxdnzfcNfFZjtpruzIYL7uPJDCoTZVXSfDyFgU2-sso-cas.univ-lille1.fr:pers14
TRACE-70109-acGvv7Mlr0PtBeiCe4JBUla7A5T2b17ABslYjjHAXaUYNEKWFK-sso-cas.univ-lille1.fr:etud8
TRACE-70111-1OEgTJS6lFvVhBMyRYuyiag7Gb7LUqoE99IY2d4dujWDXnCuF2-sso-cas.univ-lille1.fr:pers8
TRACE-70118-ZHT4DfZexGFhUZOVo0WguahNrShcsNQsV560wTHRG4y1qeD9Pd-sso-cas.univ-lille1.fr:ens8
TRACE-70126-M3PZNZJVUjCiyEzHYw7jv6mXZt4qnGWBUl1golP64rZ9s79t2L-sso-cas.univ-lille1.fr:pers9
TRACE-70127-GCIx3UNJGAUmwVnGCsCWRQ69927wqDu3OTwI0uVebUBHhqwKrc-sso-cas.univ-lille1.fr:etud9
TRACE-70128-BfJFZJc6zHX9fFcVbFRQf0KgZBfxgRuft40uVsTGX1JHdPw20e-sso-cas.univ-lille1.fr:ens9
TRACE-70135-ojvac72GSfW6kUz5Mt6DVPjWAiEujzp4yfJduJCzwR5FGqOcQb-sso-cas.univ-lille1.fr:etud10
TRACE-70147-duluBbfh4pMdRD67XtcqSyg2gv5YRbddrZfepEhbEseJ91FFIg-sso-cas.univ-lille1.fr:pers10
TRACE-70148-BbNkW5wGefUt7greVIJccq2n7ckUywfKpFNitu7NhpWSMYorX9-sso-cas.univ-lille1.fr:ens10
TRACE-70151-aJedZEEAaFvfZNdCLChhGfepbgSxYBRDplwSMWUh37dn9rbxNU-sso-cas.univ-lille1.fr:etud11
TRACE-70156-C94BMogwBU0M2mwtmHANhfs3eSjJOygDimiq95rZDWhzvei97u-sso-cas.univ-lille1.fr:pers11
TRACE-70158-FiboW69WLgEbgfW7biUbva9ewCj1XGNCQkgVPuA70FC6ws2dd3-sso-cas.univ-lille1.fr:ens11
TRACE-70162-lcRGdF7bew1MGp7RVWcXI76b52Jm1uClyKEkOQLPV4b6blTty1-sso-cas.univ-lille1.fr:etud12
TRACE-70165-vUjpjbmTTQtSYdZNc0oXQTBvCgYcIX1pAvbhmyo5Sb6WxWR9Jl-sso-cas.univ-lille1.fr:pers12
TRACE-70170-EvFZ4pwncBseFOxwMnbyGF7b6SAPoOLyzOZNaXUlekjyvE0UYa-sso-cas.univ-lille1.fr:ens12
TRACE-70171-OkHdYLsGqcQVq7DpBjyq1htQVAKe3YXKSUoC4QfMXfBfeapZm3-sso-cas.univ-lille1.fr:etud13
TRACE-70175-wFATCc6Xwq2FiCu2LlAB5OVwWrgRVWGfeSoa3sWFyYt0cswaaD-sso-cas.univ-lille1.fr:pers13
TRACE-70176-e5fPydnb9rYGzdYWLSSLKqOW1zLsNroWWt1cc9cyo7cnaQLvR6-sso-cas.univ-lille1.fr:ens13
TRACE-70179-2REM4IPeaNwpEzX1C3LAsVUVAS3VooreGovDwgdZ4s14fDYE1a-sso-cas.univ-lille1.fr:ens13
TRACE-70184-atlXVw6J7SBs7n3rGbBbd1h9ZlQQBtey9ppglJt2jG1bbFBfTf-sso-cas.univ-lille1.fr:etud8
TRACE-70185-0albF1Ad0VQeRG6ag6lobnFbJogykQHx2I19VH7jOUin91wExg-sso-cas.univ-lille1.fr:etud14
TRACE-70192-393gewrXorh00QSEGNfwsfoOENEazTcqhwTGU1WZvtQbdMIQwM-sso-cas.univ-lille1.fr:pers14
TRACE-70193-sbSbittrTdfPOn7ZXxJ2j1sajdcmAAa4YdPYSMEhECSxhc2gIN-sso-cas.univ-lille1.fr:ens14
TRACE-70197-LtYLCEoLHjndxxENxwJljaaYveoCYYfM7D0ZE673e6HN3nWrgb-sso-cas.univ-lille1.fr:etud15
TRACE-70201-RJ14pCrq0XADKSsD3it1KQTqEGHbyfKxZettXScNbgNCTVF0wK-sso-cas.univ-lille1.fr:pers15
TRACE-70202-AEpPst7PFHRG3dLG77rJsmgxgxB263e3KhCjTpgz16DlrJbSNv-sso-cas.univ-lille1.fr:ens15
TRACE-70205-SvZ41ILeeD9ze34DVNNH7J5voe62OdOawEBdxd0mp030XKa6GH-sso-cas.univ-lille1.fr:etud16
TRACE-70206-m5vnfzSulFrDSc9A4Sqy0whl1nr2L3q7GEl6QBoyf26ywKmIWb-sso-cas.univ-lille1.fr:pers16
TRACE-70207-zwxYZiBio9cXOgvjtik02VjHEMkRl0WFi9ZTPfGjr9vOdJADnV-sso-cas.univ-lille1.fr:ens16
TRACE-70209-7cYvGzfVyo6mcmfv06JnWKcJNg5f9T0cf0MpdxeOIiqwFLiHJx-sso-cas.univ-lille1.fr:etud17
TRACE-70210-fo5DXJ5kSAj3wNIFGeKJBe1HZyqLGedwy4x6qXgDngMccNgvQF-sso-cas.univ-lille1.fr:pers17
TRACE-70213-s42ig5cHflGDMDrUSPTarXicWQhlaUCoNMHbK7Ap33aGgnviVr-sso-cas.univ-lille1.fr:ens17
TRACE-70217-aEHztjml4g5A9VC1wWYESCKufBtEEacc5PEJHtBlVhnwdaEhcf-sso-cas.univ-lille1.fr:etud18
TRACE-70220-zRZbdo9e9FgIwBMdmcrVxcmFmZf9P0fR9An7zlyPRbjeB3PTxJ-sso-cas.univ-lille1.fr:pers18
TRACE-70221-uyHeKL9kwP2IbmzmEjyfK6aKbfrVdlOlPdaedfzZsDMeUFB1cx-sso-cas.univ-lille1.fr:ens18
TRACE-70222-ePYV1dFqvcxJzj2zzTRF2WXKrj4mfStg9Spr0FzsbOKJRyx7Fx-sso-cas.univ-lille1.fr:etud19
TRACE-70223-J0n10RpnJBM5Lta02iecLFm6mwLq7wsUWyHitj7UyeHVcrGP6N-sso-cas.univ-lille1.fr:pers19
TRACE-70224-zT5yadhyAZ5gmkDm10R1O2n2RacGSUsF7xW2lKWRKTZjsFgaZ2-sso-cas.univ-lille1.fr:ens19
TRACE-70225-aoTcFuatGzrcgNOZtr1FHnqyF0pAe4nsPkZ67NmcHtKeCjneMP-sso-cas.univ-lille1.fr:etud0
TRACE-70226-pMumz2UGRqzXbH2QdS0PeokcbFQLeZnebYSoO5lcy2M4cTwUqS-sso-cas.univ-lille1.fr:pers0
TRACE-70227-teItE9jphEkbJh25qlr3PW67XMDQbG4Bpm39kAxgku6HCTQEaZ-sso-cas.univ-lille1.fr:ens0
TRACE-70228-0oK1J4GIGRUCLtQBkyRCCmAKC01XA19yjIfBlqaTo0ohwF1MuG-sso-cas.univ-lille1.fr:etud1
TRACE-70229-qLFaAe7KLQe1CFsPTtOodfIYWi4gsEibbKAjjHEwLBkn7lxqO0-sso-cas.univ-lille1.fr:pers1
TRACE-70230-1o4Te3dF2gw7AAbMdnKchjIPKCngUaUCZNqtevLM3UobdMJFyT-sso-cas.univ-lille1.fr:ens1
TRACE-70239-js7Nlzc3eoMeVCogKLlMwXHELeDB9tkBS1FuftZ7MTMmk9yPXC-sso-cas.univ-lille1.fr:etud2
TRACE-70240-yZXXfgCVuoJMaboAdqztveCaDUSnjHmfMWYqdI9CnPyeAqCZlB-sso-cas.univ-lille1.fr:pers2
TRACE-70241-y4O9aPXEZnKAicrslMCXARsoaIIXShzOQ5fPTK5T3SlrKZrrNS-sso-cas.univ-lille1.fr:pers2
TRACE-70242-y6oYOgwEVGofK1tCIxVjCech9nRZXefybCnwPbejqTVbpWu6qs-sso-cas.univ-lille1.fr:ens2
TRACE-70244-gHXKmwnUU5daiJkRZh0iWgZZLlaDGuCPQgk17HmIl2U9dJY26n-sso-cas.univ-lille1.fr:etud3
TRACE-70246-RCG79byAxyRvgZc9bjE1L2Tn2CZ1cOYUXv3RLzbxpk2KzqXpth-sso-cas.univ-lille1.fr:pers3
TRACE-70248-AJF446LXW1S6eMum9BJjPbJYVRhceFiifRlwwKNbN31AbBcXS0-sso-cas.univ-lille1.fr:ens3
TRACE-70253-EMC3zfeQmrtYn9nYkj6aRxWh51HaQwYbXd4SYyvcbP6wqNgAV4-sso-cas.univ-lille1.fr:etud4
TRACE-70254-Icjb3Z6p5HSTmcBeI6In3e2DKErg13SI1TwMeFFzrhvZRXx7Si-sso-cas.univ-lille1.fr:pers4
TRACE-70255-61e49vVAxHshsRbCng79b4jIr2tbC4wiSpH0dg1LZBLd6vkKoT-sso-cas.univ-lille1.fr:ens4
TRACE-70257-OIg2tv72dKebxLaF1cWza5PWFG1f9wdN2W6GmIVFPSnaJ2dzuQ-sso-cas.univ-lille1.fr:etud5
TRACE-70258-E5wGezV3LgZkSSKM3a27biyUsyd0ySVgzAE1Q6ENMgMNwHpHX7-sso-cas.univ-lille1.fr:pers5
TRACE-70263-pKb7fioY7vYft54dg1dfwwiGptKAMjrhbfAtWf0y2crclWSMWp-sso-cas.univ-lille1.fr:ens5
TRACE-70264-mfE46iewNsINuirxSQCtVHMVvf5Bz9WfnQoqjDRsWE49RDewWs-sso-cas.univ-lille1.fr:etud6
TRACE-70267-U5pjlffHIZkhf1VK60XbPWJ052P95xFlqdRZSQQX5fsTsmWg3u-sso-cas.univ-lille1.fr:pers6
TRACE-70268-tCpM4fTst0Vpesrh3ffGfPUhMiQqQ4R19Dddrurxshdilp5fdo-sso-cas.univ-lille1.fr:ens6
TRACE-70269-G4UcLZUA5WP6LadFQEfJOldbloxJbzkRGNC6WkOg1UQy1jBZbS-sso-cas.univ-lille1.fr:etud7
TRACE-70271-V69JQFtw5oMHNOvgd2vPxoVia9NrXtpTJmAyade73Yky9IsXJK-sso-cas.univ-lille1.fr:pers7
TRACE-70272-0MGzzyse1eUN52yAMzhMPfQgICZcozPDNsFXXkhqLVeYWKJe2p-sso-cas.univ-lille1.fr:ens7
TRACE-70273-7axIZJ07WvoBTNVHcaY0dKgoAPj7ffQQcnBKwSzhumposixDFX-sso-cas.univ-lille1.fr:etud8
TRACE-70276-Z6dDHuGQ3M6wnFoU9lzT4rXUc0APeFGirDoavmKBzQWTbXv3rr-sso-cas.univ-lille1.fr:pers8
TRACE-70277-gocLesCwnuC7jFBhNzFxnBrDXClRdLV9QWzDXES7LnHeM63FtL-sso-cas.univ-lille1.fr:ens8
TRACE-70280-fhVl6uUIjcN3W4SVIMXO4vLSQvnHgngsL2iOhdxRplthLiAC99-sso-cas.univ-lille1.fr:pers14
TRACE-70286-relS0SMWyAVe0hk9fvXmepiHOpkdKNJoa050tQ1F9LSPxTKGTa-sso-cas.univ-lille1.fr:etud9
TRACE-70287-lStFE6Y3R1MIhNSbzeXXxVhkVkXCFeJr6GLmYnMcsgEsYAwhDc-sso-cas.univ-lille1.fr:pers9
TRACE-70289-ETZbTXeD7leFZBxlEIhlfMDWGKGJ19l1AuQWw5wCSiJgEQ2gOu-sso-cas.univ-lille1.fr:ens9
TRACE-70290-hcnNR5ukNx4gjchuOUcXz2Q6mpP0oDsTTbfPdFRfbKMoXwIkWI-sso-cas.univ-lille1.fr:etud10
TRACE-70292-ujRcESXjffH4ScMcYG5RbbAOZYaypPJYJx1XiJHpy9HaIynjRq-sso-cas.univ-lille1.fr:pers10
TRACE-70293-XnbFwa9vNSiYOb4JzHY6nI1nZshTaPwRfyfCSe5pMzCATQ9UPk-sso-cas.univ-lille1.fr:ens10
TRACE-70294-djCtUF4F52vLbbrg0m2LnwpUfrIbfvc6qXiBUgFtSz0193X4O6-sso-cas.univ-lille1.fr:etud11
TRACE-70299-mElnB71zmpmoymwRs09Rctd5bUcE0ptmtwL6GFVyproRPe24IJ-sso-cas.univ-lille1.fr:ens7
TRACE-70300-PphFmtYba4JzMWkZYZN0PTEJxbJHe7fjcgOd5OQImjdeXdAicJ-sso-cas.univ-lille1.fr:pers11
TRACE-70301-j93KrsQkzhe1uIzsbqOrNcMF0qAHPWcKbaiCT3YqovcmXFsVuH-sso-cas.univ-lille1.fr:etud10
TRACE-70304-CxfF3b5ph7MitQe25hLybZXqSYYZsomcJcT0662QWoNimjhBu7-sso-cas.univ-lille1.fr:ens11
TRACE-70306-SUpM0myiNajge443Cjuo1OXiMk1OT0MHztbz9NHPJdD7Fe5sdI-sso-cas.univ-lille1.fr:etud12
TRACE-70308-7N2m6KvPcqKOYwYvZTawAHowRemlUX3doMw3Xbzltyyrt6VMOt-sso-cas.univ-lille1.fr:pers12
TRACE-70309-6IjFkd4uoWXkxfz4iQbeMeDQpiBSQKDvqNUNpiUfId0iIbStpc-sso-cas.univ-lille1.fr:ens12
TRACE-70311-9hCJxtxCF1OUMqT5PmFyvZfg0uU4x3EVDYa1DVhPHQQHgbtN6v-sso-cas.univ-lille1.fr:etud13
TRACE-70314-VWRhBmmijxcOeZcNaeiEIFOggDJdpBez6yhwXcdTidXTaNs4y9-sso-cas.univ-lille1.fr:pers13
TRACE-70317-hvrbMZVD5NbcUtJgPsLsWL5fNkavoveWLz9dBFlbxeDdQfV2ef-sso-cas.univ-lille1.fr:ens13
TRACE-70318-u5b0GcD3AiI0d2xpxTktJBjdf9f5zcFsOeydKgafXzyM0Lulae-sso-cas.univ-lille1.fr:etud14
TRACE-70319-dfPwoICmz0NaagGXesE2KHqjdmt2YaILeCWlfGlVGjs3dd9EzO-sso-cas.univ-lille1.fr:etud9
TRACE-70322-jXViCmdSemffJhscBrlZXuhPVXHxLcWzG2EdZR0mRYe5F6YVn9-sso-cas.univ-lille1.fr:pers14
TRACE-70323-CycAt9aeZZj1FiUsSBtsYiGWS1RY9KkbsasRngvKbLyafBwqeS-sso-cas.univ-lille1.fr:ens14
TRACE-70325-efcth1bdtHuyxumZrYJnlB4K3cgAOThkB4IRsZCIcvnbrCRdx0-sso-cas.univ-lille1.fr:etud15
TRACE-70326-76vNfmXsloWyaLY6btUfmhE1eiMWhGBg5MnKEBo4ngTMCWGkbF-sso-cas.univ-lille1.fr:pers15
TRACE-70329-AcfaD2gEvBToJ2dntDXBbulPLcKKSfoEEmsxmKXC5MvcnmSn9Z-sso-cas.univ-lille1.fr:ens15
TRACE-70332-bUzhbY27ks000blwjTgnyDvWJWgFUnelRl4veCPfTmwZc54JrP-sso-cas.univ-lille1.fr:etud16
TRACE-70333-d5R9CofgPtuGcJKvfrpbx9EVv94GFAsjWJsksanFCo53F2HkWF-sso-cas.univ-lille1.fr:pers16
TRACE-70336-061rwbhFz3Z7t6VcHp3ESXdvD4KWLPRT62JFfYTy3DdwKb3Zxn-sso-cas.univ-lille1.fr:ens16
TRACE-70337-7ofZGQpYlR7LRbHC2FGsAMpwde9adlKDSe1cYvneidr2oFlsMs-sso-cas.univ-lille1.fr:etud17
TRACE-70340-5dscyDFUeMRWd00ia7w4WjbCM3ceLVEtEbA7vsoSLMD1Xc4YHw-sso-cas.univ-lille1.fr:pers19
TRACE-70342-Hc4UgmbJdssJBA7nvsPM0LGQprTpY2rSWCddl4Wa9clweQfrB6-sso-cas.univ-lille1.fr:etud0
TRACE-70343-NeeVrJiBIQnMsCoOnVyprBVGXvhKZekuxT7hXlr9vWDUDsstwF-sso-cas.univ-lille1.fr:pers17
TRACE-70344-eOfdPORee1eQxSSOznf0t5gDJyKngkQyeH1cHekx4d2Y4eOYLl-sso-cas.univ-lille1.fr:ens17
TRACE-70345-QkE33GjrspNDDARfUrdKPNJfgi49g2dQJ6KaHYvfYxoL5FfYqL-sso-cas.univ-lille1.fr:etud18
TRACE-70346-w1fiDveCY7fuJVQjU4Od06OOhSeNxfSt7IKB1gp1coKAUEyrUz-sso-cas.univ-lille1.fr:pers18
TRACE-70348-Z9LvgZOPY11qSCIAd2vkdEdNEeSWvJyZttpMxNXdeEfHB6JyIG-sso-cas.univ-lille1.fr:ens18
TRACE-70349-gmACbQ4juTFrXdhu69pAjHTLR0mnoZcbQvbfbYM3zStb6ZeIp5-sso-cas.univ-lille1.fr:pers0
TRACE-70351-j6OQOY2p2tp0qI1HQcfPBpA34lBnGkeLa6zbMZmwNnGxmqSscF-sso-cas.univ-lille1.fr:etud19
TRACE-70356-LlDBKinlZOGxCdJ2EdSkcCb1rh1T4XkXmB4vJJlxDafT0wO6GW-sso-cas.univ-lille1.fr:ens19
TRACE-70359-mvbCV7hnEjXH4tjahWdaGIa1pHd5peXvbTJrBgZagqLapa40HW-sso-cas.univ-lille1.fr:etud0
TRACE-70364-pwQgHFeXgS7fxk51BM4yMPCH00pJYEJ4165Ug3a2RvgVfTs0oH-sso-cas.univ-lille1.fr:ens0
TRACE-70365-LS9O5BszOlDXwapPhfLohSjgYCQSujPShOggOqDhPfTRxKwv4L-sso-cas.univ-lille1.fr:ens18
TRACE-70371-XjtmdkpgoqQroAjFbyiSMntf9fS5GnXP1hqOsUvE5zXqj91Hy5-sso-cas.univ-lille1.fr:etud1
TRACE-70372-tNCbSFbZ5WYm5MhWDm5u6Ih9dVuoGFJGrYiJ1RaTSuR9Hz7v0I-sso-cas.univ-lille1.fr:pers1
TRACE-70373-6YzGoY2oAgHRf15exDTptfRjQEZTaB3dN3KNquH7LyCbgHeS5B-sso-cas.univ-lille1.fr:ens1
TRACE-70376-v0x0IqjhX3EKZaCTj9bGd3DdkWilvi3sfc20PvUxsWdueYcy0z-sso-cas.univ-lille1.fr:etud2
TRACE-70377-7goaL5yPEskcr5biqkkAbmvlXnWDqXgCcTz6d2rFf3ArBzFAfV-sso-cas.univ-lille1.fr:pers1
TRACE-70378-DaJPGbAOCRgcH11H44vbffp7MqPyVSjncrXvIw3iV5dMe4Wgfm-sso-cas.univ-lille1.fr:pers2
TRACE-70380-5uCJAxtziFfjTpADt0rb5ySId0guWMDddebcM4NgXLW9iYA6cm-sso-cas.univ-lille1.fr:ens2
TRACE-70383-wPo1MK2qw2SESBqCRBT6wwHeUAMF0010MAcTDPbEPwYuQh1cvY-sso-cas.univ-lille1.fr:etud3
TRACE-70384-HresCWOfH7XvUqq9r42zwv0jr1c3WlweB3znuT6e1aNvcOwFYu-sso-cas.univ-lille1.fr:pers3
TRACE-70386-pLonAfLIUXbQXHQEvbgnx0JPFJ5SA7asFjYmgIdUu6xBdO6GEI-sso-cas.univ-lille1.fr:pers19
TRACE-70388-piahmsdJfr9CpzmKorvbCtwk3OhK13DSQ9E303of5zgH329Ifo-sso-cas.univ-lille1.fr:ens3
TRACE-70392-4gde5IEIMsQ3XIE0rEMMdbQfZhUpNmSvlKwvefaHDy5GbIOcyX-sso-cas.univ-lille1.fr:etud4
TRACE-70393-NQMUTP5teF6a4c23aaBdSSd4v3vcGK74Dg1gCVqKYQSiCNHaeN-sso-cas.univ-lille1.fr:ens4
TRACE-70395-53iSmKl2ChYvenI1WR524ZuIsRD6RMewXgTHaaQ1F2bdDQQCib-sso-cas.univ-lille1.fr:etud5
TRACE-70396-JO4GbkdtecVLX2ZjulDgkGU0FINawDSCPHEgdgjyTrhcduoHUK-sso-cas.univ-lille1.fr:pers5
TRACE-70397-urhKPfYbw7EL4YfOoWl001JQLmZHFKzpk6OJhgcHaGY5cdgmiY-sso-cas.univ-lille1.fr:pers4
TRACE-70398-o6Rcptl40OXVXEFy6K4nOagigihOyM7F6kFQBlrkFPijpyia6s-sso-cas.univ-lille1.fr:ens5
TRACE-70399-07f0pa9acZvsdgJS4FScLJfzfsDMgrG7wIWXj7naNIbTpik7Zc-sso-cas.univ-lille1.fr:etud15
TRACE-70400-9Ao6hUgM1UIcogza5opQauB7OnTCoLQRj6H3h10bb6WMWew6Yd-sso-cas.univ-lille1.fr:etud6
TRACE-70403-5p1GTqepzXFgiFbbtKAEMwkr9HGtr3kTeeSRmNZ71L9ffOHT0g-sso-cas.univ-lille1.fr:ens6
TRACE-70404-LTY9kcfMLjXAEbaD4KYvxFls0pfvU4wJGQzchwEjAhJubUZdIu-sso-cas.univ-lille1.fr:pers6
TRACE-70405-WbosuGcmuNRkmqNlHrAYkluizm0VthfOvtz2xSTF92SRZAiEWy-sso-cas.univ-lille1.fr:pers1
TRACE-70408-df0HJGNoFrc2E6kkS15TqOQjiWScqpt7qbreeIdFz4Hm0q4XS0-sso-cas.univ-lille1.fr:etud7
TRACE-70409-z5QGPJabfvtOzQBbaXWIBvw1aKQi1iOAUfHLeNp9qcG5LSe7Ny-sso-cas.univ-lille1.fr:pers7
TRACE-70412-27VnbiOeQWeMOq5uTFx2Sqll2MGuRoE3ibgyadugFPjEbCUMig-sso-cas.univ-lille1.fr:ens7
TRACE-70413-0Rdc05SE7Ozmnd2LOkbYdcUdfm3x2GM3OVoMdIffMBrMDQu5eg-sso-cas.univ-lille1.fr:etud8
TRACE-70415-C3hihKfZsOzf4w06j1fSmU6ZplgpbknlHtdLcqdkLBKFj1YXjw-sso-cas.univ-lille1.fr:ens4
TRACE-70416-4WabYjyXUjH9JBd4IcYBIiKJVDAOSuS9yJTh9TePdLg344io49-sso-cas.univ-lille1.fr:pers8
TRACE-70418-GOLqXM5vRSY2P6TPVmTh11KqrKgC3dY4166u9ad4bg7fJ7vaKL-sso-cas.univ-lille1.fr:ens7
TRACE-70426-TmJ70R0ojzJ4Kopa6Dp2ThoREryUgm2a75STdW2AbxsJwuW1vQ-sso-cas.univ-lille1.fr:ens8
TRACE-70434-sHqU5hUG0cINwoQ39wt5BLKSZiun1nRI1LvAjkC7kutfQtuS6G-sso-cas.univ-lille1.fr:pers9
TRACE-70438-6z1rRpIZzCfSdjbZoiWsEsuRNaM2QO0iuob7Cr3jdf45ehfrOQ-sso-cas.univ-lille1.fr:ens9
TRACE-70440-mIRPdPOFLyq599wskwLm6efGEIBgDzcUKt99uPIQxTtX2hENvE-sso-cas.univ-lille1.fr:etud15
TRACE-70452-cbik0AlRSQ5R13vZunGa9eV63vxgyjIAvZZl1UnkjqskhINEYu-sso-cas.univ-lille1.fr:etud10
TRACE-70454-f7ebdldo5A9MWb2aqhuGHdJXP3K3lVQ1M5ClMxXycXoutJbDfq-sso-cas.univ-lille1.fr:pers10
TRACE-70455-cLJUF6N7Ypob0lhlj0oLJ47x0q5mWoFRdPdz7sgNS29wYNd9M4-sso-cas.univ-lille1.fr:etud17
TRACE-70457-41dvei6A5enJQybm0xkAwXYe34zf6fhfGxfPZziCpDwvkqsyre-sso-cas.univ-lille1.fr:ens10
TRACE-70459-VaLLwOEI0FQLIaEMBNr2WgcLqmlufAAidwvuNd1UBCt3pe9hLD-sso-cas.univ-lille1.fr:etud17
TRACE-70460-aQ0gt6jqGwhodDoxgPXLwortnXW0xoz5tDmf4NnsvJAQSMgw4d-sso-cas.univ-lille1.fr:pers15
TRACE-70461-we0ojBAlXjqdg1wGbAQxcceThTFfsqBZNjD3RGtT2xtonlTxaL-sso-cas.univ-lille1.fr:etud11
TRACE-70462-bGvEq26UpdDaZRpK2ycp0U3U5mk6weY7hIRywaLwojKQdm4d9M-sso-cas.univ-lille1.fr:pers11
TRACE-70463-dzeJb5j74w3bKTEQE50uejvN9DeNvUnp71yfq4MnghMzbahYCa-sso-cas.univ-lille1.fr:ens10
TRACE-70465-Af5cNxkTq2Vs2BZPNgFEbKs4aPHx6a1jEKcGeklChyChjTvTxx-sso-cas.univ-lille1.fr:ens11
TRACE-70466-uB62bW3bLVrau2d4fHZx3B40wlNuKsDqWBIcrApgpYlNFaC7sc-sso-cas.univ-lille1.fr:ens13
TRACE-70468-p5s9ecASA9omybdNJAlLpktsWp6Zf4JRz71f7OZYdkMV1ognte-sso-cas.univ-lille1.fr:etud12
TRACE-70469-naASTKGDqbdQ7zvhtsPbuE3EaDqhgSlnUTTgDTwSsbHIoStKOb-sso-cas.univ-lille1.fr:pers12
TRACE-70470-XnKetef1u5YXpp7oXBdGRXnpmCVYAKLCROkNxALjwMBhHbKBKE-sso-cas.univ-lille1.fr:ens12
TRACE-70473-c6Mcrfpgrp6n4hAxsOpgsn2QgnRGncuTP9Zt53azSKw7rgMtxs-sso-cas.univ-lille1.fr:pers14
TRACE-70474-kZXGTv6ROTCDvsoosZM9rDd15TgvHJTHdaJJZoNHhBsZ0SLb6p-sso-cas.univ-lille1.fr:etud13
TRACE-70475-ZVvFKQQL9y76Pq0sf7HtEbbDR546gAUaBBTdLmRTXSchzZAjvu-sso-cas.univ-lille1.fr:pers8
TRACE-70476-sy5sP2xdF5HgpZaP4nVvorKFE532DRpZgof6WQHJ7wOWyFsmlh-sso-cas.univ-lille1.fr:pers15
TRACE-70480-DWhtpl7IKI3mnbFogzx2fPmMd64LN0Q7wLZdl9Ca3lSbQtcmEM-sso-cas.univ-lille1.fr:pers13
TRACE-70482-UYtE9cSOjY07i6KDdy704t6jUSeGtSEKfcDLnlQ9prV5JYs2TV-sso-cas.univ-lille1.fr:etud14
TRACE-70483-7fBVLw95PlSxTsfLVeSU9usAAZ72XHN6fhix96NRY0jcvN3Zsl-sso-cas.univ-lille1.fr:pers14
TRACE-70485-DShrbx5vcewonDmj2G4UFhDdrVI9hifvfhquwtEpze4feni7KK-sso-cas.univ-lille1.fr:ens14
TRACE-70487-jcVdm1ojw2F4qwurn2NuUnUzkIfPxNyf3ekVh1WMhlFd9Qidw6-sso-cas.univ-lille1.fr:pers12
TRACE-70488-XAp0dTqNgMKBzHfeLwGOJ6gChh13bXThtMhTIzL0V5hHpEheho-sso-cas.univ-lille1.fr:ens15
TRACE-70489-ZIxQt6IdD52edd4XNGRRyd2Xy0yJdt6r9sOL7RoT7dtX6klwCy-sso-cas.univ-lille1.fr:etud16
TRACE-70493-Nv1BANLz6cKdL9lwkfaRAztBxAZxQSotJSpXFEyG3kWc6hNMKM-sso-cas.univ-lille1.fr:pers16
TRACE-70494-GpLvUpopdcxBItOxnMEXYejt4fg2HyGdjd9byrHw0eaMmvEzSt-sso-cas.univ-lille1.fr:ens7
TRACE-70495-6iqdyp7VwIwA4PS0HjGC2zks2lWOMyE5mL2uz0H0yQmxW9klvC-sso-cas.univ-lille1.fr:ens16
TRACE-70497-wepRNtZpmHCAa5CB2tb3lBckOxFwfOfKlgpSbezbdCtITNzcGk-sso-cas.univ-lille1.fr:pers17
TRACE-70498-LnF6ZLNDumjNcH7P6edmftifgvBulgkbqXL2ZNAqZiad4AnoAe-sso-cas.univ-lille1.fr:ens17
TRACE-70499-Pdzif4f5rf0qjFjlUhd34NXpecgfND6wJGNy4sONdkgiKLEE4U-sso-cas.univ-lille1.fr:etud18
TRACE-70508-mpvHO31eoEH9JpGLWrLhpiA4r63bubTeBNnep6JVtubWZT4mb6-sso-cas.univ-lille1.fr:pers18
TRACE-70509-B6geRavWuxyfLCvQ15rFLpgkvoF46y6CwZguSlkYprwYMrAY5k-sso-cas.univ-lille1.fr:etud19
TRACE-70512-XuP59iNTISFadaub6xghUw9HDKrwkuNnr2lSlaayNpLnzXwjl9-sso-cas.univ-lille1.fr:ens18
TRACE-70514-JcWZKfVpeADJJ3NheYYaol0xWGvEmScjegbgEQS4W0y7c9NxHa-sso-cas.univ-lille1.fr:pers19
TRACE-70518-Jwi1fztqzAtkVIgiFwK93jM2TdQ3A3i7bB167pYSUs1HcD4lSQ-sso-cas.univ-lille1.fr:ens19
TRACE-70521-ZE0rY7bKNzIcLkb0pH5Qo4jZlNwZIJ43TKqSGrngUMecs0N4FC-sso-cas.univ-lille1.fr:etud0
TRACE-70522-ntdlq02dAlXhnNppDafF7vrUwIBsyUZRJtjxnfdBQajqQVaPay-sso-cas.univ-lille1.fr:pers0
TRACE-70523-FNhdOWKpt5MPVe1dvsKVeCWHVnHz54TcRNLd7BICxd2T1plMP9-sso-cas.univ-lille1.fr:ens0
TRACE-70527-Jr7c6UBamjeF6y3u2JdFHdBEPMLX0nCJBhAh2bObJTBebhDXkp-sso-cas.univ-lille1.fr:etud17
TRACE-70533-GjjsiUvt3jkpuJPn3YlsRT7bZkJYFdHYQRiNUZzcXk11hpGzNO-sso-cas.univ-lille1.fr:etud1
TRACE-70540-Jd6Q79aLr2asz5uda5sFjynMb1UcWGfmd1SdUN3nLBm2FPjYMc-sso-cas.univ-lille1.fr:pers1
TRACE-70541-wJBZZuL2xZikciFYOfJRJCxWfN0vx7czakZcG9fnzW2yRrSNjf-sso-cas.univ-lille1.fr:pers1
TRACE-70544-ewMnWbgDZeYPGOTOOFYN6pJbqu1XUGrgNgCoVGT2nmOIr0FS0J-sso-cas.univ-lille1.fr:ens1
TRACE-70545-jS52rQb1CWS3k51D9tfOofSnqcCJSLXglujgZWjno7pEW9RqYa-sso-cas.univ-lille1.fr:pers16
TRACE-70551-zbb3oA32ds4oBUxsVFT1fDBiTlMBvePZMxJi9A711KxGIe1ugJ-sso-cas.univ-lille1.fr:etud2
TRACE-70554-2kDo51fVwbbX5oCyaqkYQqfNXSob1u2PFqe2jIiCtYf5abVJgj-sso-cas.univ-lille1.fr:ens2
TRACE-70556-E5SSKtczrxErnBonnGHuefKeUe5Rem7mYV0ascYce5bAmHMtt6-sso-cas.univ-lille1.fr:pers2
TRACE-70559-WkSArscj3hfSBhLpYRZXNUYbCGUlXhgDMr0nBfHPJKueCsNoSo-sso-cas.univ-lille1.fr:etud3
TRACE-70560-CgPN1ZHjKczmsETtDEVuPQvgzVwK3dF0zL03Hn5AhfwgW55j4p-sso-cas.univ-lille1.fr:pers3
TRACE-70562-pXLrQbyduX5nforgufe51zcnopKoQN9qlNzTovvg6YsTncXpYu-sso-cas.univ-lille1.fr:ens3
TRACE-70566-zLiYGFXElD63jpxR2fVfbtksadLHYDdYVve2fhckzBdIjlZgq4-sso-cas.univ-lille1.fr:etud10
TRACE-70567-r6nTSZbqVe2E0uD1fQhBjLb6WAOfkjf2tWmwqBOqwwFKarg0PX-sso-cas.univ-lille1.fr:etud4
TRACE-70571-RQcUPGdY6kbIHNyglfP9kPDEgdD4WAxGoPecy2ibpYQVTCwf2r-sso-cas.univ-lille1.fr:ens4
TRACE-70573-rGFcb2p2hUrbVrftk1Ut2NLzKRfc92iiZss2rEqVDQvufowjI5-sso-cas.univ-lille1.fr:pers4
TRACE-70577-Gf7tdbfjK3uWtEX6H6MJlDfafqspCuc5Jbj0snI4QLuJ1MMcZg-sso-cas.univ-lille1.fr:ens4
TRACE-70580-wJZyAN3iqX3USy9Aggv1ksv9u4OzJZhhhjrqgQL4ake6iuFInZ-sso-cas.univ-lille1.fr:etud5
TRACE-70583-eo6Jx3qfrPUbpk6Rfw5a0Ntt30WjlTsR2CIvg4PCFjFybW3Ra5-sso-cas.univ-lille1.fr:ens17
TRACE-70587-AcTKuvBpVcCwA0cQU22PrXXIJWAdwZFKbQvIve1tWpoMeoCFcp-sso-cas.univ-lille1.fr:pers5
TRACE-70588-2iiUemaJReLvOaDfCRBhUnloIIL16UP0tmGmoQej95Qam1weHT-sso-cas.univ-lille1.fr:ens5
TRACE-70591-spiM7zI6tnXgYQQ6kCtK4epNmiEeQdtmY3f7t30OkMOZaolCeB-sso-cas.univ-lille1.fr:etud19
TRACE-70594-Ct9FQDwxFrE6gujI1uzL5EYJ1VWEGRPTBoERadtULjh4gdHmD3-sso-cas.univ-lille1.fr:ens14
TRACE-70597-4obJNNbdy7l1JqxvpiK6eBdpmFQNHgRYHHVduodqGwRbBEIH5k-sso-cas.univ-lille1.fr:etud6
TRACE-70599-Roba4ZZ1noRjK0uevSy6beO0W09OOmZ1zFWAIF4TTqSmZBo6tb-sso-cas.univ-lille1.fr:pers6
TRACE-70600-Rl1Dc1OoORmaf6AgRuA1Cp3WIUIjWyTEt4Mn0gSBI7sabUsv5s-sso-cas.univ-lille1.fr:ens6
TRACE-70604-ZzdxHctoH3kL1bQK4G0hJF2VOzPUEXGryHVfnluUuJtuBySVfP-sso-cas.univ-lille1.fr:etud7
TRACE-70607-ai1AZEbLuYJT6ffkd9KAQwbQNP1oNiJm9Jr5XfWXTMA0eTgFy5-sso-cas.univ-lille1.fr:pers7
TRACE-70613-UrpnwzeO3awKGmL9CCnmfK2NFn1iykxZctctap9KftUO1SpAZV-sso-cas.univ-lille1.fr:pers4
TRACE-70614-WaVrPokUPwqfnSp0lgEmlzM1pbuIFGDkc6oGUbnq4Lp7qxqX3E-sso-cas.univ-lille1.fr:etud8
TRACE-70617-vCtLLa1Nf7aBdrQptgYwdLvjeGeghGWZlWL7hLtPcSp4PVxp9k-sso-cas.univ-lille1.fr:pers8
TRACE-70622-EfTIMpvawj9Yj7bJu5bkeKnNH15NexA63vJI3qLSZomFRzdQYA-sso-cas.univ-lille1.fr:ens8
TRACE-70624-e7b2vT6Y4cxX0eABDfHnPiE1WtvZosF1AAO7DRgRWIo1454COt-sso-cas.univ-lille1.fr:etud9
TRACE-70625-ASWdfqQuXNaqca91PFvNhgwdcMjweeuCJISFu0Ew7dFUHIc13z-sso-cas.univ-lille1.fr:pers9
TRACE-70630-arWUsIGvvf5ohPIZ5CBCfzWGTQXg9rg9AQgDRlH9FXCMC0pMku-sso-cas.univ-lille1.fr:ens9
TRACE-70632-cmUygrVgh2DcB753fh0nkTUcySg1n25MB7zhEHSlSDXGDVJGWn-sso-cas.univ-lille1.fr:pers11
TRACE-70633-yudLKExS7HPPEOazR7xmS747PlO0ufrDdce5KPVhsCGbQqarpA-sso-cas.univ-lille1.fr:ens10
TRACE-70635-DUaIaKnfHtCUd5WlSVUAtfImy2TXtbTemRni9fYiueglfbyulg-sso-cas.univ-lille1.fr:pers10
TRACE-70636-yPY2furXZbk4IVMPUZ9TRlDSex66CrUafJQc1faEfp7G9rMfbP-sso-cas.univ-lille1.fr:etud11
TRACE-70637-H3Kmip9BSdQBFYn0RzchWvY0AoPEzEMwNAeVBKnpNKaWV55gbK-sso-cas.univ-lille1.fr:pers12
TRACE-70638-UGozoRi3BWgiwWYAunBOKfjTIDo3DJhvEfDtrQa9mSgNJg56dP-sso-cas.univ-lille1.fr:ens11
TRACE-70640-IHmpdWZejLvdRpLsTdPMnXxdYaFM5dc0OtGsOQ17LzAoc4e9RJ-sso-cas.univ-lille1.fr:etud12
TRACE-70641-Od2DdIwcYdcUGqatdD6isCPBSEtpzQluKDR5aW6T1ObXg3fb4f-sso-cas.univ-lille1.fr:ens12
TRACE-70643-pEb1y1p0VNSk17tPJIzxtayPjS1ZEqO2dId5Xoa5sAurCYbpf4-sso-cas.univ-lille1.fr:etud13
TRACE-70644-1tc9uhARZ9Y4Ds1UYwZgLfZWku51vrwEyqKTauPBdV0dZ2n5Qb-sso-cas.univ-lille1.fr:pers13
TRACE-70648-j52CmCORI1aFabZofe0bEH3TrmyQkAFJa2STU4cdCtCBLE3VYY-sso-cas.univ-lille1.fr:ens13
TRACE-70649-lXlZd2sgWemfeVDYJln1VFpJ7dslLCafghxuingmRQM3j9LFsk-sso-cas.univ-lille1.fr:etud14
TRACE-70650-s97OawyCkMQuSepalT9zO3FB37nM0J4ORlf6iw4KdPc1grKdkV-sso-cas.univ-lille1.fr:ens15
TRACE-70651-4NQ0VaYcCER4djIj6mqKiilxNXX0NZFBrZCyvbgj9kzZXE66SB-sso-cas.univ-lille1.fr:pers14
TRACE-70652-xKdqFzNZaMyMBbGbbLDyhkfwhkfldfmCXdXONBONOAthSJPNjO-sso-cas.univ-lille1.fr:pers15
TRACE-70653-BE6tns5GN2Tc23iRclWJ34sMW6fhUfsGBzCKefKHMReOmSIXpR-sso-cas.univ-lille1.fr:ens14
TRACE-70654-cO7VImu1vrm2Pax7z6am1Y2t1nIWSw2tWbz9sHLaiumVD5xrgA-sso-cas.univ-lille1.fr:ens11
TRACE-70655-SqFkVkGz9m6IjVOwFSHyDdXIWGfR6DTR0Zy0KbBrAlLwWm0k5Z-sso-cas.univ-lille1.fr:etud15
TRACE-70657-UYPuXNkYpBriymNFmz07m1ziHLv6KjLvcHlR7YbwN6THr4GBwO-sso-cas.univ-lille1.fr:etud16
TRACE-70658-dwOd6eZRPbYGy7ebxKIIF6M1blhbCP1CNeaY3S2qKQ441d7O0t-sso-cas.univ-lille1.fr:pers16
TRACE-70660-6V57jQgRYThZg4njj9Oiz7s2itckhrePtYbJua1ehJzRTxuhac-sso-cas.univ-lille1.fr:ens16
TRACE-70666-bdNn550nouF3PObBbjrEf2Ukq45bFMpdxNYRLVIJgfMQE4soSq-sso-cas.univ-lille1.fr:ens0
TRACE-70667-yGWldn932aLcw1xBpIbkPLYYKKVpg0eDKZ6PMisCkJGdXmZ3gx-sso-cas.univ-lille1.fr:etud17
TRACE-70669-aS3s9D6fsBfGsGbja7CG9nZHIqAlIWN1chRmgMWr1NSkAgGQIr-sso-cas.univ-lille1.fr:ens18
TRACE-70671-uefOtsoKph2uOsYE07Tf6SrOLdcIRkrzEaIcObFlPdFbCfRz9y-sso-cas.univ-lille1.fr:pers17
TRACE-70672-aUeL2txSIJTGFodtQLw1xFdbJGFdd0A4XdajAR1bcfgKIsLgVT-sso-cas.univ-lille1.fr:pers19
TRACE-70673-gtvrai5kfpVI3wyifadEZyS14bmJ5vBHmeEW6nzQPfp04JT6aC-sso-cas.univ-lille1.fr:ens17
TRACE-70675-KCTEkWeHVUvb0Rg4GJQzPYJ0mGfDh3vFAWbC23FrlNS9zXq7h7-sso-cas.univ-lille1.fr:etud3
TRACE-70676-kmzQSvV3WI5pGIaZxIpBeuNoQOWSSnPVuyrIElgh142YRaPlR9-sso-cas.univ-lille1.fr:etud18
TRACE-70678-efKut2ecqzTpeOH1GdUuSswhB69YuvrxfiDuLjScIEo6sAaWac-sso-cas.univ-lille1.fr:pers18
TRACE-70679-NPAkBaPzW9fF3DMmZH7rTIV7qll5BFjK4aZfGusvzZYDbSKG6T-sso-cas.univ-lille1.fr:etud19
TRACE-70682-phenkn6PcERqwHEtMYyDCHZVsic0ZHX3oFnu7Q3TB4HerVkOEN-sso-cas.univ-lille1.fr:pers19
TRACE-70685-r6tU2Ikhs9MqwsrsIka9SexiTCOjDWI27DscUW0GPdIMs30gi7-sso-cas.univ-lille1.fr:ens19
TRACE-70686-Jb4WXWapjUUVbNaz4EYdTdYQv9f7fhOHe2EyANNd5Hm74VG1uB-sso-cas.univ-lille1.fr:etud0
TRACE-70690-gP9jfISgGWIeu4eCleNX3OKBi3UtBo5MuIeZrYyPzU4TsaiUDy-sso-cas.univ-lille1.fr:ens18
TRACE-70692-6uNL5tBIdskjlzG5ejWWIe4Tl19tYxV6d7cFN9BHyWdIGrk3YJ-sso-cas.univ-lille1.fr:pers5
TRACE-70698-pemuckVuZ5CtjJsIDlEUEMkjcJMzhAbu29y6PMITk2kub0FTUN-sso-cas.univ-lille1.fr:pers0
TRACE-70703-QmJEoGXKwrNsfEkLbWgzN2WvlSEbvKbMKU6WXbOxQYwAvxebfS-sso-cas.univ-lille1.fr:etud1
TRACE-70708-h0oq1kN4vyiMlIgOEaTieEC49pcXZtuzM6sGlhU39KOzIEYBQr-sso-cas.univ-lille1.fr:ens1
TRACE-70711-uDCokKrJFj1kuEuuFgrAFs7IWDgWdXccdmakrGtpUXLt3fgh7o-sso-cas.univ-lille1.fr:etud2
TRACE-70713-qpOQgLPthbfIgySXdhJmVvcrGRXwfufeKZGCb2OyIP9gcbheNe-sso-cas.univ-lille1.fr:pers2
TRACE-70714-v4tnBwEOrXE4b6JMoiTCPfcQ1gOLwmGdV7e14AgfMNEGNKJ1Ed-sso-cas.univ-lille1.fr:etud6
TRACE-70715-feFALpztxW74yQkJthweH15Mb7KvlESZ1lG2SNMfcbls5uDNiR-sso-cas.univ-lille1.fr:ens2
TRACE-70716-ycZo2MfvoE44yqwdE9fxhnEfhtxgM1xJGaKTtebuhPSKHDOL0B-sso-cas.univ-lille1.fr:etud3
TRACE-70718-ozz770cJWoUf1ihB1t71sAnTaKxfJ6qeNU94Wr6uu3z0FWi3g3-sso-cas.univ-lille1.fr:pers3
TRACE-70719-C0xdxeSedsmUaZOFv4Vb25IBgk0sVvoP172OVcorRewweevSTT-sso-cas.univ-lille1.fr:ens3
TRACE-70720-3u9jOBhFDks6a5HnomifkcckMHLc9Fhjbrd1mWA5gZ05o2XNW9-sso-cas.univ-lille1.fr:etud4
TRACE-70721-4Xm31SDDll0o9qTIFgHCjmFXEPrZysNRwWHx4iAzx70M21qVjL-sso-cas.univ-lille1.fr:pers4
TRACE-70722-RtZYE6wKHAOcNmbHg5de3R1kTJOOS25cknIir4WS5Cg3f5yi1R-sso-cas.univ-lille1.fr:ens4
TRACE-70723-jgCCepAkRIJLdvrvhoWhDIfZSHY92sxjWS2RVXQUrnH5BVwyOt-sso-cas.univ-lille1.fr:etud5
TRACE-70727-CAC4a2llQ5CrrNsGzO3fEXjXaB5zZ4pZumczygSsl5mZpzqm23-sso-cas.univ-lille1.fr:pers5
TRACE-70731-YLJvfRjreJD6oNx6z7nXKKU93OEnRgC2BXJAEPxdmuu1yzRZGH-sso-cas.univ-lille1.fr:ens5
TRACE-70734-TiLwAjOpaJ6AxuhriyTKbKTlcCMhM6Jd7qdujDWdnnwAADI0rs-sso-cas.univ-lille1.fr:pers6
TRACE-70739-gBM17R2tdDeeUuGzawzxWyOsaRDC36chHwVOhtWjKPcE9d3Tsb-sso-cas.univ-lille1.fr:ens6
TRACE-70740-RtXEfsDzaiAZic5Zfefo4dgnwlwUWyQI7kPvFEbJWoffOeYtFf-sso-cas.univ-lille1.fr:etud7
TRACE-70741-TUtghYFEyoxdeZQ0RDdaDP1ZdQBMm9UkiqIOF9CuwB3JcNNfdF-sso-cas.univ-lille1.fr:ens10
TRACE-70742-vtme96BN3cKmEbzopV5ZjWblEQtp2tufsKfZGBTt5UtGnFfMDQ-sso-cas.univ-lille1.fr:pers7
TRACE-70745-T13ZCttLouAfQNbN6BWVVTC49FlSHwsIDgQLn6nzOgJm7ocDzd-sso-cas.univ-lille1.fr:ens7
TRACE-70748-bemQgIhT3cJzbXJt9vl6IGcPF6selLs2Kf7AcqHt92fIkDOGZv-sso-cas.univ-lille1.fr:etud0
TRACE-70751-9KDlyyVlyeYgv93y1ec0lQhIsSwCiy4ufGAaZfiq2TbSOsc7KP-sso-cas.univ-lille1.fr:etud8
TRACE-70753-6eto4TOebMjKeYqqVkwRQdYMR636FdaWbNYcoJdKmrV9tL7Otl-sso-cas.univ-lille1.fr:pers8
TRACE-70756-BdMgaxBgshepWJyB1Jdjmj5CehSJQ5u3ZZFbXLaSkSDhsBg6mU-sso-cas.univ-lille1.fr:ens8
TRACE-70758-qC9baGPy7hW2XyvgTRAqYbjpzZj6fUVCwFefUmBnBjVf4kqaU2-sso-cas.univ-lille1.fr:pers9
TRACE-70759-uMbVw2gAd211F0sSeRudVWodylOoyHz0uvVjdK1BxZKFdHgnph-sso-cas.univ-lille1.fr:etud9
TRACE-70760-QKxGbHB2vdZbxMsOPE4uE5X3fJOGDJctbekuvJLc2jTpvHvaii-sso-cas.univ-lille1.fr:ens9
TRACE-70761-D6ByctBcj0C4FPxO52cBbOMPoVzbTNfI749r1EmvKlHFWThTYx-sso-cas.univ-lille1.fr:etud10
TRACE-70765-7Yyq0mRTmaT95HKDFhI1Lm72MNwANExmu5wYBvTytKbcbVgxiF-sso-cas.univ-lille1.fr:pers10
TRACE-70767-tbzI4wESf9rrdrXxIAyngefedj6paUYGrkSFfRrHlpsPnVdWvP-sso-cas.univ-lille1.fr:ens12
TRACE-70768-f3E10rNOwiXqwi6WDUMpcxaIbdHlQHQgksywMBlwJLRayYkBrD-sso-cas.univ-lille1.fr:etud11
TRACE-70769-7ScVJykPUni3wiONkXTsMHnx2ltjIs9uOUmQFWECUB5Nhv6mKn-sso-cas.univ-lille1.fr:ens11
TRACE-70770-kjrGGHKA1KFkbmUfrEKZMQcTYa6Q3dbZdB74SqxNo2qoAtnzQc-sso-cas.univ-lille1.fr:pers11
TRACE-70773-eCr9iebdNPscgikHOeoLs7v2NuY0Vz2EGse0Qvq99gSbUMJFgG-sso-cas.univ-lille1.fr:etud12
TRACE-70776-JbSQ45BnmzIghVYlDjb0Wwdiwx4Wec66BBeehtMbAZmlWIcXKp-sso-cas.univ-lille1.fr:pers12
TRACE-70778-gVVxPO76CZ3f5fqmgwtt3wIhxM2D1pfFfKHoNECL7xXFpvcJFM-sso-cas.univ-lille1.fr:etud13
TRACE-70779-iqwfoRna7ChHnfSAgTWXPtE6VymjxIhu7i5BvPNbJbcAnMdb17-sso-cas.univ-lille1.fr:pers13
TRACE-70783-sZ2ItbVjarRgvoeO3lPYXffGLTOKxgSzCktT5ehGEfQ1LwddaZ-sso-cas.univ-lille1.fr:ens13
TRACE-70786-zwBZG7Y7F4Msrf3OcgWLoRcxcafMbWACcEzUYM2exSkdmAdXBO-sso-cas.univ-lille1.fr:etud14
TRACE-70788-o7XGtkLcJc0TWXuHkLshObN4bbbXiLaXaNX1qXjVq37y9XbLPq-sso-cas.univ-lille1.fr:pers14
TRACE-70792-7RxoTlQtd5SaXkT1JSRFvZkLZhYSHYLNAb9RFvbDimYi3NIbFT-sso-cas.univ-lille1.fr:etud15
TRACE-70793-XhLH9iAozmDvqz7ISbONxLPyF3Iock9iXbtvB5FrCL6aTDdGuy-sso-cas.univ-lille1.fr:pers15
TRACE-70795-TM0LhiO2QdJTzjrbmzKgf0YgoLBnTXFefNVfaGNFkuVDyJBoWU-sso-cas.univ-lille1.fr:ens15
TRACE-70796-pUNk0YPafHrQTefnKRdYkdZve7x3JyYA4Cg3qtdduMM0v6H7dd-sso-cas.univ-lille1.fr:etud16
TRACE-70797-S0mM909FhbbJmKdeFRGzKQgIhhX3AZqQxSwNUDsDkuD63PTuBX-sso-cas.univ-lille1.fr:pers16
TRACE-70798-YeZ2ZwhbpbIgIHeNhBZpmumziTDMl0xnkmpvXxuIdKAEeUbMso-sso-cas.univ-lille1.fr:ens16
TRACE-70799-wdv7anc4XRFRhnnFf0UJmllYTKxCiRGRnSUmx2fj96LzgorgoZ-sso-cas.univ-lille1.fr:ens14
TRACE-70800-f3z04oLakZYuSHY5gzaebmceqjw0QxGeIMacdGdNTFL2SwU4w5-sso-cas.univ-lille1.fr:etud17
TRACE-70802-DsGSZYajJaVOfvMaplcUtwsqLse5YT3f4u39dhI0M4rEaJnm1m-sso-cas.univ-lille1.fr:pers17
TRACE-70803-yctUk7np5y4xQfw6zdpN9T2dpXSXhXaEE3rYibVy7LPySxcSkV-sso-cas.univ-lille1.fr:ens17
TRACE-70805-s9JuZC7n3SdfKaIN3bRDNZutwxh2dlG1o1sf3n9Tox2FaVdMO0-sso-cas.univ-lille1.fr:etud18
TRACE-70807-gctCX5Rc37HNwYRi9HZtyr0QWWcfLNYtgXmKHXMFxsk1VH5Lyf-sso-cas.univ-lille1.fr:ens18
TRACE-70808-EE4igR6px32mwP4LOqAbuTdNVuxRbQzV7ZMq7iUXtLX1gGTUO5-sso-cas.univ-lille1.fr:pers18
TRACE-70809-GaFTjLn7fkdEx0SaeGlyYoVAQiVxgCtgTuOVJbPeAy19Alz2D1-sso-cas.univ-lille1.fr:pers19
TRACE-70811-zy6YXGnSFacZMVcv6ekKL9dC3IeTotVqlVWqc7ZxgAypPBcShM-sso-cas.univ-lille1.fr:etud19
TRACE-70812-nlGceWpb2mKztq7h5EzUHkx1LMtPs4xFysWSjTA1Gww1GfgXLe-sso-cas.univ-lille1.fr:ens19
TRACE-70819-Q0TbpUbc0N9GGTNQJnVtYHJczN2ThLIJ7m5InWfdwEgHfXqdsV-sso-cas.univ-lille1.fr:etud0
TRACE-70820-g9B3fWUcCMwr4H3MoCxUD2taxd9bnnfsGe4NPFWXrHASod4FsL-sso-cas.univ-lille1.fr:pers0
TRACE-70821-HzOEs2Bv5IYnOch5crPTGT49kcrWbbqV2p3iIGTbdDgYXeXGPu-sso-cas.univ-lille1.fr:ens0
TRACE-70824-XvC5QmV0rmEoS0S9uqseQDYcUUCzpW3svUoULzKH5iUbx1gQNG-sso-cas.univ-lille1.fr:etud1
TRACE-70827-LwgTM5eWnNAYmxXMyjdyKVK3Bd99a2tbrb6SFoIfTfcOg9uBJf-sso-cas.univ-lille1.fr:pers1
TRACE-70830-xgk2KEI2ckcZmAhtbffZWiiQq4gRadl9VKvg1gslNhhHDNJdgV-sso-cas.univ-lille1.fr:ens3
TRACE-70831-2F6dawTnvW9JFI4aoUDYI1ocMLo4k6RCfpvds0scdwi3vTWTwr-sso-cas.univ-lille1.fr:ens1
TRACE-70833-7hrdMjGlcWNPI4TN35wUAnfVKUaUKzBvHbskdtxw9Fx9O6iqzT-sso-cas.univ-lille1.fr:etud2
TRACE-70835-u9Nbksx9fZo2uLni5bVtcMTk1nMKxaCSgNH3dJm30mbRaovkCH-sso-cas.univ-lille1.fr:pers2
TRACE-70837-1cQdULJaqYZOHkBEENYrSsXdMcMcHksf73Jz0erEJQPLzbbnzs-sso-cas.univ-lille1.fr:ens2
TRACE-70838-GxvXlHEW5aV2prQfoMqgegEFJIaa1EdVudSJlcsM542WIpdOCD-sso-cas.univ-lille1.fr:pers3
TRACE-70839-GgYA5LGsKi1SePKQgS0PFSyRv4nbDRmnfVpFqNMNAEfVSc2cXh-sso-cas.univ-lille1.fr:etud3
TRACE-70840-WhjaCswpsbmJwlmySIbaNISWMP1qDAK2olnZOQYrxfrCGvs5oN-sso-cas.univ-lille1.fr:pers4
TRACE-70841-ttFAkPk06ejWWc9edMzZbfeWTdAmhOkPATwzfE5NxUUltQFWmZ-sso-cas.univ-lille1.fr:ens3
TRACE-70843-Kl3bhEmoApxV2W3OudZtb5Q1xI2o64amzER3ecDDtcOd9eOsfx-sso-cas.univ-lille1.fr:etud4
TRACE-70845-S2jaq2MkSgSduPV7T9oEqbYMRkfWfGfI6VnelIHFcaW2pJcO2S-sso-cas.univ-lille1.fr:ens4
TRACE-70846-4f72vRMZKZZckbihJgYgbeYMoVEUg4l9BoKa7TFPTbnKnswZaY-sso-cas.univ-lille1.fr:etud9
TRACE-70847-VwPtcfh99DGRpLJXPoepCOsK6ajBzCBLjbocZgZtrw4eukJvti-sso-cas.univ-lille1.fr:pers6
TRACE-70848-fwmbAwTrNjVnFuda15PJZR1BG7r7JZtkEtns5vRefO5WlbRZNC-sso-cas.univ-lille1.fr:etud5
TRACE-70850-JNbFY0Y4v0Y9WmJYwPVCUPmLNdJZyAjDRjd5zPo9rAKnWxSxus-sso-cas.univ-lille1.fr:pers19
TRACE-70851-0FN9gZJ1Pp7Hvs7Ts0rjLg1gDTVXatjCPNxPUfpBejFhiUsmBN-sso-cas.univ-lille1.fr:pers5
TRACE-70852-5ZgDvlExaTWAfhxEaChYcKeHGkpTOchayWa2yG42PDulcsPR2O-sso-cas.univ-lille1.fr:ens5
TRACE-70853-VgpB7ZTJ5bRdCHxNJ3mgMxIxen6NChBjPiuTh6c3Mi3dwd0HTs-sso-cas.univ-lille1.fr:etud6
TRACE-70855-JNqiMnleGj56cwM7iUMuHrr714Dhlow7SUjjoeWPHb3L7g7SBX-sso-cas.univ-lille1.fr:etud8
TRACE-70856-gLYVl7CqY1HX5uFLoz6xC6yJvbeldHdNhrWaueOtzk1cYk2Wxa-sso-cas.univ-lille1.fr:pers8
TRACE-70858-o4NkvIXdzo0TSfSGVQGUq9tCkUvSkq9c1zsYeanKFga4UdAuS5-sso-cas.univ-lille1.fr:pers7
TRACE-70859-cCYwPQYSbjZpQMyi3L4beF2yfmZaIvkaSodjSSF9uwaYpKa27z-sso-cas.univ-lille1.fr:ens6
TRACE-70860-tnDmrmLZgoSMhady4S9AAeMxWWROacDyrlNv62qIdP9w2LpJzf-sso-cas.univ-lille1.fr:ens0
TRACE-70861-JOf6N7jUP0NdHyPmcKMNlJsA6NvsakkeXkmzLDNrDHddH9kbF1-sso-cas.univ-lille1.fr:ens7
TRACE-70862-L5cnhPUdXWE34maOk1pSzPYufC1McuItRFjbcyh5msW4fZDQSt-sso-cas.univ-lille1.fr:etud9
TRACE-70863-mwsqx0f3uO9a26NAw53D0DDy7DSaVwuVS7UtZA1VyUAJmAEpny-sso-cas.univ-lille1.fr:etud7
TRACE-70865-EgzNmaUbv21PDdeznABCzd53wn5cv9aZufZZR6Dnj62E7ZLc7h-sso-cas.univ-lille1.fr:ens8
TRACE-70866-j5PrdZmmSu3ez4klboydXyli3aQRcsdKGVM1TMlghptG37t4AD-sso-cas.univ-lille1.fr:pers9
TRACE-70867-fFYIS0BffqGoI3uaVfRyUehytP4yO06wdAqxN3I9hNbKiJyoM3-sso-cas.univ-lille1.fr:ens9
TRACE-70869-rHdJ1IXOZgUm3BgoiUfT16DsrPEwRXK2tIdfuBJtkcaviTdVs1-sso-cas.univ-lille1.fr:pers10
TRACE-70870-y9bPbse2oSafivBE0j15v0XKDhYq3tTV5tumudIVrTm0hoDD91-sso-cas.univ-lille1.fr:etud10
TRACE-70872-IsByMgyJINoQArvC5NLqtS6OEMkehSQPwVoewYprWiaXxquVkF-sso-cas.univ-lille1.fr:ens10
TRACE-70874-bWbabYljYaaXIOHWzdQm0yFzS6dBJVdih7aghRILOk0ladA7XJ-sso-cas.univ-lille1.fr:etud11
TRACE-70887-fE0j1WwCPMcyZvogCHBhBB36lVH9Cq9o12yvoTNg4MUFfNMoPA-sso-cas.univ-lille1.fr:pers18
TRACE-70898-YFLaFCEI9KRHbg3RKPv2fH2vWdWu9XQRPAhB3f7xfhnjhdJdvK-sso-cas.univ-lille1.fr:etud12
TRACE-70910-Dxnu4S6cfPr1qtJek0t1SFX5q6wXPmGOGO9PqbFP6Nf6KotMhV-sso-cas.univ-lille1.fr:ens8
TRACE-70913-aTV997MjBgbD7Z7h6hmJhRfDu3KPHKzEJoWIPZ6Kj6Jrpc0nAL-sso-cas.univ-lille1.fr:ens8
TRACE-70943-BeqgnXcwqXpQNAZrodXtTYDCCb70y343N2TvxRcogdpgzK5WXV-sso-cas.univ-lille1.fr:ens4
TRACE-70945-2Fyd45E1DJqknmKCdK6gvZVmvftIbNMdPNLMo1Fc6XVwy5Fdyw-sso-cas.univ-lille1.fr:ens19
TRACE-70951-Qa65GCgnfbUEm7eaMachfYtd4aJlOOUU6lvEw1Ju0TUKg31zVd-sso-cas.univ-lille1.fr:pers2
TRACE-70978-V0QXN0dRRyGW0StG5LIl3lAcwlXTP34gOI0QASBfPrBc3fPsWn-sso-cas.univ-lille1.fr:ens14
TRACE-71000-6d29A5oROSXYyUSPdN1oUp7JWuqUue7VqmDN5wayaXTXPI3nUv-sso-cas.univ-lille1.fr:etud8
TRACE-71002-6kMiIRMK9BD59DCMjcELIJchgeLh31X3p1SVYmAuTYIMgDMIPm-sso-cas.univ-lille1.fr:pers8
TRACE-71010-nJnvPwJ2QZDRkAglE0e1R0mv6PfuG3KwQ5BCiwswy9aeXaRaSK-sso-cas.univ-lille1.fr:etud17
TRACE-71014-kB4CRZLHtdTopv7U5gCKg1PBhWEXCfj7G9jgXZGyZVJdf6homQ-sso-cas.univ-lille1.fr:pers3
TRACE-71016-9Q6kcXIgxcJPEN1WMZQIt4zyCjGd7A1fTUaMW7titTalMhFgoF-sso-cas.univ-lille1.fr:etud9
TRACE-71017-KwKfMP2vuVWc7zklyN4aaldy0GTWXVMtQ2DSaXmfQ6sOKg3VzP-sso-cas.univ-lille1.fr:etud9
TRACE-71046-DKdZd0DllZLJXivi3oJQhd6kOKx6g4ioiH5vZ6z5gddSUx4Qah-sso-cas.univ-lille1.fr:pers18
TRACE-71075-bXeIXtvxWg4HZi6DasZmF5Sex4f6TTz92rE2fCdU0nv5vONSCd-sso-cas.univ-lille1.fr:etud3
TRACE-71098-HKHYw3cbeWNS4bZj4HEdBEDE7pm4UxUPnT0grnd0mVMijcNVcp-sso-cas.univ-lille1.fr:etud16
TRACE-71103-rpyx9a5b6eFfaBBFGeuJwmwk7qBrseflVOgNPsXQcRidfSG6MV-sso-cas.univ-lille1.fr:etud19
TRACE-71130-okUV5ju7BbFFAdmolgoYJCRX4eWmzfMQXINWQ0lpNLfTXbeG4g-sso-cas.univ-lille1.fr:ens19
TRACE-71136-YJUMkFfBHGdaqv2eM50doh26KH3dHKUlkaWPymxNbsHUsBasY2-sso-cas.univ-lille1.fr:etud1
TRACE-71139-PT2g5OmI6Z11lHcGqpkMejtzjJZZkNQvCrnuLsqZTsMvdmFhUt-sso-cas.univ-lille1.fr:pers12
TRACE-71150-0201X79cPno4vVdDBPACAYJH90jreApG5Bi3gVYd0IclVP5MNL-sso-cas.univ-lille1.fr:etud18
TRACE-71164-wPHF1pSewV9tQb1m6KQW1pMVjnmf4vc2Xk3ddGgT5PYFwhf2Sz-sso-cas.univ-lille1.fr:etud17
TRACE-71165-kp5R5Ae2bBxtIZnnK6Na6rsAqiObBipO1hMinJVFuQhsJDE0aa-sso-cas.univ-lille1.fr:etud4
TRACE-71200-cdtWz1XXxUfeDxiaEYhDYmIfbjse6ZpwoLL0F1LdWaPmdgD31v-sso-cas.univ-lille1.fr:ens19
TRACE-71269-joFvduNu3SEkAsgYYmHqaOGXrcR9n7KZdCpcPdayG6M0rkd0wF-sso-cas.univ-lille1.fr:etud15
TRACE-71301-mrhUo3cP7OdKyZabDk6lLYOybdUtcAbLAfRgK5PYEDCfCePcUW-sso-cas.univ-lille1.fr:pers10
TRACE-71325-B7fWXB7l3xcuoqefLm0EbBHjAk5HmQSepf7uyBeYf9Xooz3FfN-sso-cas.univ-lille1.fr:etud7
TRACE-71370-UalpkS6aGXZB9lhWtQbAaaiHSu4fmEilghKpHslUp0fVM1dyqi-sso-cas.univ-lille1.fr:pers6
TRACE-71388-royqCczcshxSI4rTtEDJj06ejcmzc3ISLQ1xcpliHvSy9K6cDx-sso-cas.univ-lille1.fr:pers15
TRACE-71425-rD1cTRYRBPweABf3NMvpOqTodEMWFeei2HM133COvZV3HyXEfr-sso-cas.univ-lille1.fr:pers2
TRACE-71447-DClW6EPjUWkn0ZFbKcgc0SW9o9Myr3yEyjhvYP2jg20G6fAFaW-sso-cas.univ-lille1.fr:ens3
TRACE-71514-rkfaBg9VjurNIwblubvrkANvXh3HWTDTAKNBg3Ei3LnVyXzzoo-sso-cas.univ-lille1.fr:pers15
TRACE-71551-y9eGUZeNdgmz0agTW9YSUNS5bA4okyH2eeWbOOQYZw2CuDnwFB-sso-cas.univ-lille1.fr:ens4
TRACE-71552-gU4htJM0209Xzn4fuICKNaqiTize1tTNEu1dZjafr30yjNcgxs-sso-cas.univ-lille1.fr:pers16
TRACE-71622-glG7D3trGGCUA4GINwKd05gueNV9zLAJ9vTXgGlDKoKvOgMz1E-sso-cas.univ-lille1.fr:pers15
TRACE-71653-fhasfgRBc30roBuuaimRtnafoFAxUKz2hnih1GdBKan7lo9rRf-sso-cas.univ-lille1.fr:ens3
TRACE-71671-4JWu5s2ZUYrMyABWO9BcRH0JjbzdAGtdTcSRhNc3UBZuSWAJbV-sso-cas.univ-lille1.fr:etud0
TRACE-71672-FyCvDgwIRYAeO2ebLZNZoxZcWCt9bgrK9esUXGwfibfsSlbK3t-sso-cas.univ-lille1.fr:pers12
TRACE-71737-Q7UeBn7Dbc6cyxr2WjMEQxDOUuBM90uRRepVvlRPrzvnNozBzb-sso-cas.univ-lille1.fr:ens4
TRACE-71740-xBmBE9EpqvGvBo7R1jPYWlCFhbOinMRko6aM6bUmYrXioyYkAx-sso-cas.univ-lille1.fr:etud4
TRACE-71750-5uenYYZRWsSWwaZJJvhSabfXT2LeBuGFk7zTeavozAUHGxCvvT-sso-cas.univ-lille1.fr:ens15
TRACE-71768-vBNuMfvbDUAJMGKQcjQvnS6ZfRzNYSHHnwpAWEce2nrptMfgWh-sso-cas.univ-lille1.fr:ens10
TRACE-71847-ZMSzGbPlYJl4dG2Y1rVxqYAdTEAfk0KfwNCQ3WTVIY0WiT4C9l-sso-cas.univ-lille1.fr:ens13
TRACE-71902-XdRNdwdPuBMbuDvWvDTTbGyqgaWhBI2lqXVeTwmPuIhwcHj53Q-sso-cas.univ-lille1.fr:pers15
TRACE-71911-bUHwhrVQ6wKeUzpjadF7elkhFo52UXVGd7iBgcpl4R0L9xWOQe-sso-cas.univ-lille1.fr:etud12
TRACE-71922-uyzMp0TNbmgx95TMVAriZssXrn09Gmi9lmw3h5tkQdUHdFYHuw-sso-cas.univ-lille1.fr:ens13
TRACE-71936-dy4OHe6TxOrcB3xp5q4zRvVpyIjLVeIitePMCtDZUwDUaLN0ib-sso-cas.univ-lille1.fr:etud8
TRACE-71977-HjdDQ4OaqGFWyWpdPnsYCJycpu2taZccYiqnb6x39JeUObIbMI-sso-cas.univ-lille1.fr:etud9
TRACE-71989-z1MbzxGpzykd6jct3hcNeCjZwXGyBKo3WV5aC7cA6HyETCeb1d-sso-cas.univ-lille1.fr:etud8
TRACE-72010-XhLDdyoDM4tsxf9w5zrZX0MrXGYQJK1mdKkAuShbQWMZqqPBgU-sso-cas.univ-lille1.fr:etud4
TRACE-72146-dJxdFe4jWo0PLoRlMVeJnOuFoAD5pQYPmg5pyVN1HOzzpDoCUj-sso-cas.univ-lille1.fr:pers13
TRACE-72187-2DVdccQLviJXefsymHGvv9sp03WXGrTXJYfLNqYe39OLJ51bUR-sso-cas.univ-lille1.fr:pers7
TRACE-72275-JbcLx7qMDYdCuHTd4GZnqCTeVgJonjE63kpcTIwcHk7thvPAcz-sso-cas.univ-lille1.fr:ens19
TRACE-72284-1zzKchLVZUph2ibom6dGdc2Q7WJ79XvneCgBXen6kDv6uUNkcX-sso-cas.univ-lille1.fr:etud19
TRACE-72294-NCcscc72iMpccH2PcrIz9R7Hz3t1nsp5Dxc9Y1LD5qni37fUnd-sso-cas.univ-lille1.fr:ens14
TRACE-72450-bcjDhcDgCije7AuSleEDej36iy7rNAkTYaGqlcz2uiqLdJaAkF-sso-cas.univ-lille1.fr:ens5
TRACE-72458-ccKV1ce4B3jliMBMNyidnKEf2XMfQWXIK1b1hlQcprXbmCPMAN-sso-cas.univ-lille1.fr:etud5
TRACE-72469-DhINXocBe52rZlg3Qnpl1lf1alU9BkVCZ56kfpBg9i3KjkZrzX-sso-cas.univ-lille1.fr:etud10
TRACE-72490-hF32Zdnlrc6nMIIiA5RBA5AfzYUNtguao7MhPeHvIazTSqRmFN-sso-cas.univ-lille1.fr:etud11
TRACE-72492-b4BWel9XGfmEcvnnxJBuby3UeuP2TJaXLB1NAAvchcdtAJUqwq-sso-cas.univ-lille1.fr:ens5
TRACE-72506-Pt9EKKFLqODlVhGwBcgMFFffMkdSEC9AGkBAHxSYpjiqaUyXdj-sso-cas.univ-lille1.fr:ens9
TRACE-72508-FDSgJtUaktCZ0ohVZQXc2hx3dCtHvw9M006h1PNw7flpnXtjB1-sso-cas.univ-lille1.fr:pers15
TRACE-72529-0TufuHktJFIZHvIKxdj3RFP1J77tejK6pBTzjjaU3RDfsBZgz4-sso-cas.univ-lille1.fr:pers9
TRACE-72633-ZK9md0UUpdCzBuKJhZWhVC2UNnW1zJxDDaGoFwxfAfav6bKp5b-sso-cas.univ-lille1.fr:etud17
TRACE-72687-Ye6xWwqZOG5SjPjjiUbbjAM79dGSvs7WmvvDcFHbcmjdIV5on4-sso-cas.univ-lille1.fr:pers9
TRACE-72746-T2G4QWh0xaJWGlmr6XWHnfGY4Cf7WGTdgfPRvMKiS9HcEKOi9G-sso-cas.univ-lille1.fr:pers9
TRACE-72800-YgiBU9xBfJukaKPkHeXjIw7oZqiqS1KGrQTtx7RFD4WmRzkSeH-sso-cas.univ-lille1.fr:etud8
TRACE-72816-0n9bJqwai04qms10N3krrxGq54k0lAyohilT7BxEGCqYbWdZ2z-sso-cas.univ-lille1.fr:etud6
TRACE-72919-AvL2mvice91bSDuCOjReTZZBb1JKJCHOcLzoeGNsUrT4YoSi0U-sso-cas.univ-lille1.fr:etud2
TRACE-72933-lLYBg53B5z3xrYXP5pBbzdykG6cKxKhfiBSJ4MdXgHIBWfZI6r-sso-cas.univ-lille1.fr:ens18
TRACE-72976-WXXiuuFhaDy7VLxsf2PueGB7kviUXSgEhGgnerXf6QzpAPOPO2-sso-cas.univ-lille1.fr:etud19
TRACE-73001-7voODNKlhYtTtAIZ4FiyQiWglwQIMOScNbcS49r5hhtVAVN307-sso-cas.univ-lille1.fr:ens2
TRACE-73006-iTDWYd5NAEapdD1modQNJ72NbQy9iqeI1YsKwpKexEicUC2d0X-sso-cas.univ-lille1.fr:etud0
TRACE-73132-HBhanJcU7yN7nTbyMcP9U6ZheiFyup5cGoMjcyKtkgbfUJAgOS-sso-cas.univ-lille1.fr:pers15
TRACE-73145-Em0HdmXjU7yJpwpIYzpPEssoNTZb7262bcengsNEmDV0zxO3TF-sso-cas.univ-lille1.fr:ens2
TRACE-73170-ZccZhOHkUoGIANpdJ1skDoqaOz5u4ZORX4d62nQcFMaGDe0nDd-sso-cas.univ-lille1.fr:ens6
TRACE-73360-Y6f6c5Nexbjc7FeVQfF1IZqSeBdMxePCR65JB516EqcNHigeqp-sso-cas.univ-lille1.fr:ens0
TRACE-73436-MpzbM4ZN7pe2TBWObe5uoE7icdOqoQGj4dQqzPDFrqKxB1Zif3-sso-cas.univ-lille1.fr:pers17
TRACE-73454-cX6tLNs4MPL0LnHfyKRyvdNRd9K7epQWwcqTjLckFLyWgCpyNO-sso-cas.univ-lille1.fr:ens9
TRACE-73479-vmGeDkVtLateLlj6gwUSWS6Pbxingbbw1dW31fT3aeGmwRFrQi-sso-cas.univ-lille1.fr:etud7
TRACE-73496-szEXEzcuLQ120e0zrtcUGoJ7a1LUZ3b4o3b7TqfGOLH2UrALZd-sso-cas.univ-lille1.fr:etud16
TRACE-73580-hOhqryRq1fndXXvtYZ5fY4qa9el7lDe1AmJzpNmdmBpeN9AipI-sso-cas.univ-lille1.fr:etud7
TRACE-73594-7SFnSn0n43gwci3LgH0LmOYccg6rT0SulfbtTMEmLXDR97BiRQ-sso-cas.univ-lille1.fr:etud6
TRACE-73703-9bANySHaRmSAU5kN5DagL4o3fmUbSYimFQtcMx71H74D5bfXQG-sso-cas.univ-lille1.fr:ens0
TRACE-73775-3R3OUdQZTkDTYuMVSnenBlwgZqjalGalxs11pbg7sJeynWonWd-sso-cas.univ-lille1.fr:etud0
TRACE-73805-g4xPpHED3RjpWUNUObAv2CJ02oadlzsNudyZ9Nm2nuefcUvqA5-sso-cas.univ-lille1.fr:pers10
TRACE-73859-EjKBe6ISqWTs3TAusm4SjSdP5UkpZOUA2uRu5IyYkH4X45bs2g-sso-cas.univ-lille1.fr:etud14
TRACE-73875-9qskQfz914HA5JfmdFYSQrkjXzuZgYMH6YWJVqyltBw6LAX9MS-sso-cas.univ-lille1.fr:ens3
TRACE-73929-47Z2mUcq1VbrQ5nbc9Mf0yzxb7zbVT0b7R56fw1cnvosrgRrqc-sso-cas.univ-lille1.fr:etud0
TRACE-73952-1ib4lmvDyPLFdELspPCyHbx70nKCxSsblCtPKbrqYRVvskwbFE-sso-cas.univ-lille1.fr:ens15
TRACE-73991-TvvWqjyvcSIn9PA5UmPwxYUvvaQyzQsc92QrhMSWk7SJk5rFPT-sso-cas.univ-lille1.fr:ens10
TRACE-74054-XUO33cwLp4YhXUhovnLbTrIgcadcC9aaKv7j00ettlJhf6tde6-sso-cas.univ-lille1.fr:ens0
TRACE-74178-AWhZJIKsoS7f7FW1UsJp3Pb5DEG1ovpURbSyBNcqR2ToC2aDEP-sso-cas.univ-lille1.fr:ens9
TRACE-74182-DYahWi9ifunrTF2xeYvk4Bc4wngLuyAf9UR4aQ1Tj7WENrqSJi-sso-cas.univ-lille1.fr:pers0
TRACE-74242-pYlb71CR7hTRia3EX2qsp1heebtRvy93UOc6PSSmIQetos9Y1y-sso-cas.univ-lille1.fr:etud0
TRACE-74291-mjYa3VNGefSQgHIlQZIdtVqDDSIumrzwNSbgnZcHJe4HqxPS62-sso-cas.univ-lille1.fr:pers2
TRACE-74311-tM0XbtyBtLxWyvXqBihLKWLw7ZqgvWzFoKd9T0akfkiGi5a5Wb-sso-cas.univ-lille1.fr:etud0
TRACE-74333-6bxJbIacmOAeQnqA3SfPCDCWYnbit7Roceebaly7FLlYEry6sw-sso-cas.univ-lille1.fr:ens8
TRACE-74359-mRTftc3KmjDaNryuVBQ5fpUYiV53PAhsJX2LE5IUpgKoLeK3AD-sso-cas.univ-lille1.fr:ens15
TRACE-74372-wpxR9CnGAZtrJwFEyutl2Zskq073s0rzXePQrS5Nexmt7uzqLr-sso-cas.univ-lille1.fr:ens1
TRACE-74433-ybWhOgsHUemvfAE3fM5Z4JQIf7g2e6NvFYE5sgTNDxJVp5SxK6-sso-cas.univ-lille1.fr:pers8
TRACE-74456-6ScVDTjZHm9fddZ3gGDVIicYKgXqmaEDlaa9lV5XXeLgD59pmD-sso-cas.univ-lille1.fr:pers16
TRACE-74498-Yzd4eKxpFPcisb9CKlQ2xFzGvBZKBS51VTVNZe6g1hfyNjGveE-sso-cas.univ-lille1.fr:pers14
TRACE-74582-mDpviHkE2LbhDPr3FEXRuezYekpXJdpsT7wL9JoXEzyQfOzFBO-sso-cas.univ-lille1.fr:etud8
TRACE-74698-VoiPcSX7qqeIyXV0LnjbNviXhUBGMa4OwXbeXBUL7BHfFxO0jr-sso-cas.univ-lille1.fr:ens10
TRACE-74728-nfqF1n1uBpasMw9bjMewhpeWi6ThEPkThBhS47jFYefSG4IBxO-sso-cas.univ-lille1.fr:etud11
TRACE-74747-ewC4c1TSLlXLnpawWmp2Yyljmnz11EUCDU1UT0YkAhW90RNPAn-sso-cas.univ-lille1.fr:pers3
TRACE-74781-zpYNjCnplB27Dd4xd5hLbeMrgW7NY1PJ2cPsnDJjpDd4gkGjQ9-sso-cas.univ-lille1.fr:etud9
TRACE-74792-wGxwoLZc7Wfo0aNvMGfCMFotDis1H4wci1fQWHSU1ABJuZYGpd-sso-cas.univ-lille1.fr:ens7
TRACE-74798-RKcJQT1LjDCbQwjnrtmyi2z9nduYRlQlLmdQ1rkh0FzXpdiuN2-sso-cas.univ-lille1.fr:ens15
TRACE-74824-f5p7OFcevmZLny6dVJmpFHpSbkkfhmqaf1XeNgMpiyrEqRUnzR-sso-cas.univ-lille1.fr:etud16
TRACE-74855-0Pvcrn9GD4GfI1dTHLgRNrYi7GD2KxIMqrPavZrVFkLu9mAErg-sso-cas.univ-lille1.fr:ens8
TRACE-74934-S7d9ovr26PKwT0UfGWEVk1QkltJruGHLCjLDjW3aaVSWlxMd14-sso-cas.univ-lille1.fr:ens17
TRACE-74969-9NgNLZdloPdz3L9fxEfgMHd6WQxdUNBYhypMogFBaoTEuSfGkg-sso-cas.univ-lille1.fr:etud4
TRACE-74985-nRkyGZ96PDn3SPc6JlmYXnYa0Xv4V2Q9m6rTFMmlIdsEcs0wOo-sso-cas.univ-lille1.fr:pers9
TRACE-75011-PcpAXVbvGWWa3xg4eh1NYtf5vGIWSMivVrOMhh0OjGvwUOODaH-sso-cas.univ-lille1.fr:etud11
TRACE-75041-w6TlhgmCKjF7fmO2LHh3THBA2OmBrhFinmgOMakH0dcvJUjTBa-sso-cas.univ-lille1.fr:ens0
TRACE-75050-4NKGMHlOexbsGveCVabuFFJFiQxnTuMVO5NZbXkdqoTGOEGFJD-sso-cas.univ-lille1.fr:ens6
TRACE-75051-Jihf73h2DU6PgOndE13o4ttRpiqJHhz35m4h3RsrvwJDPxhBah-sso-cas.univ-lille1.fr:etud11
TRACE-75062-ROj7Nt4cflEFgXpbOU6sHuerNHEqAajiFU3B9wUqpuFRA46rBf-sso-cas.univ-lille1.fr:ens6
TRACE-75073-1K3EQ6dPcc5oVmgROsqF6JKrznTHTr6TWPlscXOysMlnLDZoI5-sso-cas.univ-lille1.fr:ens12
TRACE-75084-OltPThNVeNV67qn4FXve0Ss1veBpUdjRlg74IsoyQcfdB7fndn-sso-cas.univ-lille1.fr:ens5
TRACE-75101-iDr7WS9gIyiAvUZ1WdTgTnuaU2yglzRDTeGJ7BuBLOriR1x16f-sso-cas.univ-lille1.fr:pers9
TRACE-75120-lPXQ4DAdpIWUgWF5fHiDQ592bctUAhqvSX2M6WXJKAwZdQOayp-sso-cas.univ-lille1.fr:ens8
TRACE-75142-PdceSI6UcxpBgwS7rbJP9WOHQV6e3lb7zaqaJCmOEHgel1yg1d-sso-cas.univ-lille1.fr:pers12
TRACE-75149-6HkdbkS7euDbKOFPabs0Wsaa9pgeDDjzKGyVzvAeCLbX4vcFan-sso-cas.univ-lille1.fr:etud10
TRACE-75154-aTWNI0ggCOYijAz1Bd9Zi62DWVvTfuiUB1KgDesbUlkxotBcsA-sso-cas.univ-lille1.fr:ens0
TRACE-75157-NCS6GNHLR1x0awe0K9pPhEJcIS9kPgSLWauyOA3axlv3NYJVeZ-sso-cas.univ-lille1.fr:ens4
TRACE-75222-706Sg1TOzVRuTop2QHCdbgvrmIy2d1YyeDVbliYgHmhcEyNXcC-sso-cas.univ-lille1.fr:ens13
TRACE-75231-5lLiS09tKOB0KeWFpaxojsele90cvlMRETKptjdBKeXUHJZLN0-sso-cas.univ-lille1.fr:ens4
TRACE-75251-IVoakpXfjtDGP0btan9bgjL9I9yajMaufAgbjIGvkNstGGDneA-sso-cas.univ-lille1.fr:ens3
TRACE-75253-1fqgVB15ONOidNHAuDe2bYYicQUweoEO1AkJTrg1TxLVvJOcsG-sso-cas.univ-lille1.fr:pers1
TRACE-75254-YEggNMdDnbnfogFFe9IKc5op459ChBXflT6tl7NreUC6e3drOm-sso-cas.univ-lille1.fr:ens4
TRACE-75258-IR1FueiQwii7Eusz5c57kOLaX4dGJd2lDd2nk2j26fClRZRjyv-sso-cas.univ-lille1.fr:pers17
TRACE-75283-CgKt6iDGHlLpbZAVEwTuaUvoQIBwPZa4xQ1AihGpNf6w0UeCE1-sso-cas.univ-lille1.fr:ens4
TRACE-75297-ntpyqkadptWtBlt4BoLAhhfnI3JDeD5bR1JDdABzzIqqHUB14J-sso-cas.univ-lille1.fr:pers17
TRACE-75341-t99LOf4QZmmc0WlCKXZduAjcXDrXpTpT1Id7HfuEDE5L0eRUZs-sso-cas.univ-lille1.fr:etud16
TRACE-75343-zgqP33OoSV4p1npOYZcp6CgoKmdYpXD7mtERRNnc4sfkKqEm91-sso-cas.univ-lille1.fr:pers8
TRACE-75361-4yCMjUcP6Jgevo4Bbig1lftw6rEaPxsFWerpXfomqdVpi6ftQh-sso-cas.univ-lille1.fr:ens5
TRACE-75368-NdSLqsmLwa6SBEhMhnyEj6Lq0nDre2xBp5JYqYjxFpUbSyzfDD-sso-cas.univ-lille1.fr:etud6
TRACE-75378-wDdDSEcJwfth4eO1wgs2sC5Q60qbMRGH47FTidSdZ3ZJn0HedG-sso-cas.univ-lille1.fr:pers13
TRACE-75386-Id6Lc5bTtldrFUdAcB4gzJi0DHXAsgxguquIbeqVRhfxxe5KjB-sso-cas.univ-lille1.fr:pers13
TRACE-75404-zwTVjPpJ0yRDcoI22AuASGSFfaMBSDbNmAssHlnTlq6bQwsj3X-sso-cas.univ-lille1.fr:ens12
TRACE-75435-nacW4yczWVNCw0SyOknjXZaotrU2BI2afSMx1bwxXTNmNv5wgP-sso-cas.univ-lille1.fr:pers1
TRACE-75466-tAppY1cLF9BrhcImNzVhoNaoQRLREh7Yp9oVX2LTPmUWcXuXYM-sso-cas.univ-lille1.fr:pers1
TRACE-75532-MKnvvW5uwevsOdBKqHg0XqvldXrqfY0YatcWLlRxqXCdBYKJbI-sso-cas.univ-lille1.fr:ens3
TRACE-75538-BrbvbFcX9LtxCY31mNbssA4vBO2bEUrhmOrM5LbpGz3kc0ygQv-sso-cas.univ-lille1.fr:pers15
TRACE-75542-VjN4jaU6Xib4iVvhQObXI3CDy46wIFEdu9oGwDAIech2jeW06K-sso-cas.univ-lille1.fr:ens10
TRACE-75583-esdLo491qAACtRD0F9dV2W0oL25eh9IHvTbUCnipzcIXACYeyN-sso-cas.univ-lille1.fr:pers4
TRACE-75638-WI4TmMdqUftprzKJmaAZ71hbEWElWFfeNDzYREExejfbrDkogW-sso-cas.univ-lille1.fr:ens19
TRACE-75643-YddjVEurkn0VQYwAIqdyQ1DrTyiGHboZcGegk2rLcpc2esOBzf-sso-cas.univ-lille1.fr:ens4
TRACE-75646-cziWBdMbFTtcnmiGy9vAqTeAIQG6iU7QiVbO2gmiZIorlIoScm-sso-cas.univ-lille1.fr:pers4
TRACE-75704-jn7e6ANRbysvITWbzz7CPJMoFw2puNxG1v2dvSQlNH5iqFsOt6-sso-cas.univ-lille1.fr:etud14
TRACE-75707-EcTAcf3RtNjj1giaG24s7nbwRaUXnWPabg2bV75l7ip42idRhK-sso-cas.univ-lille1.fr:pers19
TRACE-75719-qsqphTAgoK55bqm9Yi9Ie4OlvX4ijkQzBntRymkDd9bfqn7aGE-sso-cas.univ-lille1.fr:ens4
TRACE-75720-HIDhASkDPNxFmeXnJHCtNasbZ6SUNUzXjZaikWztv4ajhmXkCV-sso-cas.univ-lille1.fr:etud19
TRACE-75732-cQrTKDYIVaS6bYjZ2G4NkKi1ARqwZNeb0YljPhMYsyefheYMzl-sso-cas.univ-lille1.fr:ens4
TRACE-75770-y1gchc0I0uM4es5i54Hb9jmfKVSdDEywC3pdBbJsJOcLAniKnR-sso-cas.univ-lille1.fr:pers17
TRACE-75775-getWxXhi1pCKXTDlt93iLoigv5bBYPxkNUObwBinSnLfcggEsB-sso-cas.univ-lille1.fr:etud15
TRACE-75801-HUK5obUdxKV4guSIzPsimvzP1YJKyFMk5cqaow1ZxzafZ4Gupa-sso-cas.univ-lille1.fr:ens3
TRACE-75804-GVPJYbxzb1fxlW75nbPqu9N2ahbgYtDuldZY6kf4cxLQLiexWP-sso-cas.univ-lille1.fr:pers19
TRACE-75844-iHsLgnT9xCe0hsfetoGSzd1o21dB1VcfCq2fgawgTx3wl35XlJ-sso-cas.univ-lille1.fr:etud14
TRACE-75860-QgfUTr9uBD6BimbU7zPmaC30h2kbpHp5HLYWj7UwGNBCgznUno-sso-cas.univ-lille1.fr:ens3
TRACE-75913-byMpqM4ZDdv5Levf9wgWhQPDNPatGYVbuDoaOcNp1ABMftCTxK-sso-cas.univ-lille1.fr:pers6
TRACE-75921-LsfmMvzHK6nPptYW4fGNNEE4rzkRX2hnytydJhhjAe0n0xM0Hz-sso-cas.univ-lille1.fr:etud2
TRACE-75926-KXf31zzRvR4ppFaAJFeuXYQbjEhjDfL1hf0ugzucMJ0UOqONsX-sso-cas.univ-lille1.fr:ens19
TRACE-75930-RYXmyfVDdc7Oeee9UVAlRU91biKAxi0TCkg4Nn2po5K9NddG2t-sso-cas.univ-lille1.fr:pers4
TRACE-75941-ycWMZVM4FqtKrDo6Vy0v5bEr23bzXgMxNBhe3mO79UPeKeQLAA-sso-cas.univ-lille1.fr:pers12
TRACE-75944-YnatW3XAbA9zfN9Uz4nWYWmgzX7koldbdimy20ZZ0gfIeb0pAs-sso-cas.univ-lille1.fr:ens2
TRACE-75956-z9x2ALh6jTxGE2ZvSN3omiYzjDl7zLJbm26Izo1Uc16ZMcaORs-sso-cas.univ-lille1.fr:pers17
TRACE-75959-wEkozGttsR5Q0dJmDSpHZc2l0JD6q4f32GzQU5pPuarwIljXQp-sso-cas.univ-lille1.fr:pers6
TRACE-75960-LhR1arzKz2ufIiRAS4KcAFXdyCHcqfM1rJqQeCsdJ2hWMc4flB-sso-cas.univ-lille1.fr:pers11
TRACE-75961-EECSkSsdYBPDVFRNzaGAr49wmhzykWHL0JnYYXacizYUTpAxHU-sso-cas.univ-lille1.fr:pers8
TRACE-75965-2w0DC3ay1bTbCNQvfNePiTbWs211O3l4wrkuF193yi2Df4OGhb-sso-cas.univ-lille1.fr:ens11
TRACE-75994-py1pqCSmJesMjsrTuyEkq0UN7V5mCjEdJLaM6LKiqsb0mPfg47-sso-cas.univ-lille1.fr:ens0
TRACE-75997-onufYZw4LXaUOdfN9RCuISgt4U592q0tKhdY03NMcbi5thl2mH-sso-cas.univ-lille1.fr:etud1
TRACE-75998-Ekzkc4DJeRurg60jT5IVRamKei6vhCewNSLwuUeEnLjGlFd27Y-sso-cas.univ-lille1.fr:ens3
TRACE-75999-z90cHNbNC7LOHjTcnxNgbbP2Ye9hlirrc0tPhaV0qGHwUd7Cmx-sso-cas.univ-lille1.fr:etud9
TRACE-76015-GVcF5SGzNvJNxhUVvcGkbOaS6iUeSgUCuxTO4kb7FPqFSnAfoU-sso-cas.univ-lille1.fr:etud4
TRACE-76021-zPDsxUhpfnkcCIftfJAWaglsnu9FsjPwcUdoZWc9Oqy1YPfoFg-sso-cas.univ-lille1.fr:ens5
TRACE-76023-ojId6ayaQUMYjkfE9MhkfJLGnHsBNLyUVJsfAf6l1xFjE4FkLb-sso-cas.univ-lille1.fr:pers0
TRACE-76024-dbqzeZzk4F25CxqDmQRuFcgyDKd6saPzvVNNZ1iEcCzveQSdvJ-sso-cas.univ-lille1.fr:ens3
TRACE-76034-FMsPt0IB4gh0gGY6ppcm11vBn1xggw9CIkXo9lBvdJFNGhnljC-sso-cas.univ-lille1.fr:pers2
TRACE-76040-92H9EyrB4wAg11rLY6UkbaatBCLhZXcN4O66kEdS7abMAcqUCt-sso-cas.univ-lille1.fr:ens15
TRACE-76044-PeFSwTFxyfzHjnRSb4MKgjCH9JN3zzQGL96nE6ofICx5nYr6ar-sso-cas.univ-lille1.fr:etud3
TRACE-76051-GlnuVD0UEqTkghydxtGjcbTQYoyc6FQHjZ7zNdy0uPEcZebYVd-sso-cas.univ-lille1.fr:pers13
TRACE-76055-fzFYTN7bzIbCbvVAzd4GiHdL15gq02sCD1uxE99f3PHV9pe3Ry-sso-cas.univ-lille1.fr:ens1
TRACE-76062-9dYFmBbaiTOf0rMU2PnzUQJYRf1fnXrAAedwH17EYuip12i0wD-sso-cas.univ-lille1.fr:ens2
TRACE-76069-YrmtdWAM5mzmJ7tV0hck6tM0lJaHpkjK0KkvEvoNI2tl3mwqjd-sso-cas.univ-lille1.fr:pers2
TRACE-76091-pYhnYowQUTX29xkG5EXcPVTLOWfZXYXFzXuyFm4NcNNeTcCSAN-sso-cas.univ-lille1.fr:etud16
TRACE-76097-dIx3dLwBcvyw601uLNAvQJNSjxdVHDVpHj3TMdQFqzZagewnZk-sso-cas.univ-lille1.fr:pers8
TRACE-76118-Y4tMtjLYU01u4VESYV254Rfi9cKH2ftdEi9KLcbJ5ReJWbwI23-sso-cas.univ-lille1.fr:ens9
TRACE-76139-ZJbkzrGvx0jSb93GTSJXjAIsOd6lMfHirYSLW4bdYRaVOGdc7O-sso-cas.univ-lille1.fr:pers4
TRACE-76142-mUmdcbnEF6cruKPeSLldzsR0xj1fV4mtDrW6CC0qpKVJfxMo2f-sso-cas.univ-lille1.fr:pers2
TRACE-76159-jm1OIuYczdC96AmadaDIvcGlpfMGwJfGPUQdh3fiysIRchh790-sso-cas.univ-lille1.fr:pers2
TRACE-76197-yFvXe3v7vVMOTPYVXmMkiG4oEPV73QVdokXXNGwUcuaOnHpfys-sso-cas.univ-lille1.fr:etud2
TRACE-76220-N71IZKQB0vLwT4bGKRoPgBi23SoOeNhSxG6fNVwpreepUaremU-sso-cas.univ-lille1.fr:pers8
TRACE-76221-c4is9cRdramQPkWGNnc2EUTW7kUZCkrqg5diIRnhi56s2hsfhB-sso-cas.univ-lille1.fr:etud18
TRACE-76232-eMfBVzE0b9mrsM4efJdAh4G5hJiYOZWgz9wTh4MDZCws0jNp7g-sso-cas.univ-lille1.fr:pers6
TRACE-76290-1M6Re1XzHXHjs9vvIKb1CkqDlJCsicwF52fFLVOvWp1myAJQ51-sso-cas.univ-lille1.fr:etud15
TRACE-76310-V9E2aLI6jRgyrniVvMfripV6RrdXvtORDCWc4nf0qTI2zDTfqI-sso-cas.univ-lille1.fr:pers4
TRACE-76320-ziuo4ghOFSfkgeU0zPGVQwEBCkxUBt4nklznJbvD5Ai4ASudvM-sso-cas.univ-lille1.fr:etud6
TRACE-76332-eAxDUQDYZdlpaU72DIfWEBuhji91exS0SEGnN3NnqUCnTGDeSw-sso-cas.univ-lille1.fr:pers8
TRACE-76377-bxaRM0M09YdNObze3a7Mxk1b5zBidrbLRyahvxmqFSO7wKXS4w-sso-cas.univ-lille1.fr:pers15
TRACE-76415-ml3CbwbCp0A22pMrLtTX4shnbxaBdfm4AQDRsGdsr6RZeraf2k-sso-cas.univ-lille1.fr:pers19
TRACE-76473-YnmS40s3N5qRJ7RY9HEqDSFLHRRKcfJrsVMcJ3MjnZaoO2oH0E-sso-cas.univ-lille1.fr:ens1
TRACE-76553-fufmjRx5EVQQstjj2uMh4LFK43Z7puuIJ1EZo7ABv6M7EKTfdu-sso-cas.univ-lille1.fr:etud19
TRACE-76579-IQatfIgHUpz1b6XtwzPdMeSTHPRdeF6OBT0eqj5I1OpF0wJQq0-sso-cas.univ-lille1.fr:ens9
TRACE-76583-nbAP1wm6pehQoMaidTYH6GJldzbrmDyrou2xV7KKvL9ECXG4ep-sso-cas.univ-lille1.fr:etud4
TRACE-76815-VmykchuVmrjVhuIXdgBhqPbBebcrpHQE56oSyChLUd2aq4Fnrh-sso-cas.univ-lille1.fr:pers14
TRACE-76843-d57kmn3Uqfs43Jy9kl3v5my2NcomNkgzf3yKZ9LsrAsJoMa0Eu-sso-cas.univ-lille1.fr:ens9
TRACE-76879-CXIgfC7zfDepGIbhFWCP91iiDNJMrm5X6pLHVYNZjJ46ejR9le-sso-cas.univ-lille1.fr:pers19
TRACE-76912-lKHUg70HFXII7oP43QZvllqFQsL7db4V1qYYsvj0cCdosXhUuZ-sso-cas.univ-lille1.fr:etud7
TRACE-76932-Uti9Y3iwMc9ErQFJeTLTAMrAlESi751osTwQSGVNjkJtpgIYpd-sso-cas.univ-lille1.fr:ens3
TRACE-76938-tUrXJXwGOAnZbT4ZjCEjcLBJFa4eLafVyKBLdPFSkaQO47YdUa-sso-cas.univ-lille1.fr:ens9
TRACE-76951-e9fIAnhu2unWBoHiYy6SjVwkjROHwm7hk02eeCy1hooEse3BhI-sso-cas.univ-lille1.fr:ens6
TRACE-76953-uMWuVEBfIKmWbe36TXe7lALqgU5UBYGcLMtnJ0BplKN4igdEkN-sso-cas.univ-lille1.fr:ens5
TRACE-76978-M69HawXC5AGLOKSET99vqGjhWLv2Eob3Zw5q6t0Sc61dB7HWOu-sso-cas.univ-lille1.fr:ens6
TRACE-77071-4v4By5ZZxllbOnB1Cghbkhb2BjMwoOJbPOgaeNKaaB0cUPf2OJ-sso-cas.univ-lille1.fr:pers9
TRACE-77106-xdujmcKcM54QKHYuAxkFp3C35ORWPTUNaw22eaZsd7P3WdgHQh-sso-cas.univ-lille1.fr:etud11
TRACE-77161-HK19MmcDNntQWVo1yEUG5w9Krx2iSExSm4ZgMDwgj7TShEBi3M-sso-cas.univ-lille1.fr:pers4
TRACE-77164-YG3z0t9RUbmSwgoI64k4xy7QHZcIHS774MXzqDfDr1u9EScarF-sso-cas.univ-lille1.fr:pers1
TRACE-77228-Izevqh0ea0hTgorDnhcHqsXvKqL4cbXiGbxIndAIEUjuCABciD-sso-cas.univ-lille1.fr:ens10
TRACE-77257-uuwObwbjUopqVQvEWk4SDuK2qBjHxRYlWG4JunuXgu1nYdlDLq-sso-cas.univ-lille1.fr:pers16
TRACE-77334-KfeJMemC2kIFYiTEs2szIQFMaWNH2ttOcxTnITe93ceTamEraD-sso-cas.univ-lille1.fr:ens4
TRACE-77335-khl51ZLg7vSkiaYKgH9IgUc7Lt2N5d3CoKxj4pomNdbCXkVKji-sso-cas.univ-lille1.fr:etud2
TRACE-77374-uUKv2z1TsZZjy5CrQltKK00u0X3LHigqEnHrb1GW3ltnGgQAOL-sso-cas.univ-lille1.fr:pers4
TRACE-77451-gptAfkjpApq5PflmddfQYp7a0qIWFJxX9bpOHkrrLUBbUgG0lj-sso-cas.univ-lille1.fr:ens19
TRACE-77508-tgps7XtNRxt4eHuUGwHVacmgmZn6pcebLkzQJhxY3Z6udoB2tV-sso-cas.univ-lille1.fr:ens8
TRACE-77514-Y5ab29GjQ25SBaA35S3iUf0EfPrT05VbyToqAIbUsl1sbotCkD-sso-cas.univ-lille1.fr:ens9
TRACE-77532-Wc2GetLQdWykAUthab9KFLtMAf71qlAuCod3njQgRCcBeW1SIH-sso-cas.univ-lille1.fr:pers19
TRACE-77547-4ZwtVKxcOQSuPv2Sk94Kg3UP3xeNiyevNHprsD93HBJestP57o-sso-cas.univ-lille1.fr:ens10
TRACE-77556-kEAcd77b6re5SdeSbkmSyoj1BuLfVWbFiMz7f31VV0Mo2fGiGX-sso-cas.univ-lille1.fr:pers2
TRACE-77633-CYTgbnAhajHPAjJpRiouHsA9ulCpfQhqzW4scZCO3cldLfEwO1-sso-cas.univ-lille1.fr:ens12
TRACE-77637-YobK1bp1q9Scw5nqgDdWQtKhjiFWRgFEWvISGDIUzhCWaUgFLT-sso-cas.univ-lille1.fr:etud19
TRACE-77647-uhNbVdrPhQq3VufmHx6QUQcMfQOzTFVGjCaeZclODF5a9ZXM1s-sso-cas.univ-lille1.fr:pers0
TRACE-77678-1JwrKSRtkwWfDWVU4qLdE3iCk1ivPGDwuI5IttgWgo2rjVMv2H-sso-cas.univ-lille1.fr:ens5
TRACE-77687-fiB1vCMNL9mcD6ybZd9bPbPuVmb4XkfgRZ5g9xLscA5QDcbVez-sso-cas.univ-lille1.fr:ens12
TRACE-77709-F1aMoPjSQWt74oHUo2s3VuMfquifuy0ixCdmqxmFtjtWr1Zybz-sso-cas.univ-lille1.fr:pers15
TRACE-77726-t4PBvaLfLFQWHgmKsH2yG5QCJn6mnLrxTRP6PsXdbgYnnKfsWm-sso-cas.univ-lille1.fr:ens5
TRACE-77730-QWKXgONYoa2zipoQq311Zj7XRocwxqeqqSrkKnnGcdmjiVeTUF-sso-cas.univ-lille1.fr:ens12
TRACE-77736-JWGwz5BbaIrdlaRGSBmdXjGtBJi7LTt6csTOCu7vfiCjMoG42A-sso-cas.univ-lille1.fr:ens16
TRACE-77757-OduG3eauZicKTkmJvXPD2l7TcbfeSeQDRYvah3geTb1FXjfYR0-sso-cas.univ-lille1.fr:etud14
TRACE-77768-ylfYpnRuEJ99cKoDSGWuegDwJFDmZsexCnagkre3kXNJ0A4fvN-sso-cas.univ-lille1.fr:ens1
TRACE-77775-BJCQJAKhXqfpaSoC5quxfETUuu3PgDqjJVC3U0A6EiRkqtBsTC-sso-cas.univ-lille1.fr:etud3
TRACE-77789-dxgEOXVXB0iCkn95SZW1RjEFr7FHe7PjdRFovLa6wLxW9tb4Uy-sso-cas.univ-lille1.fr:pers0
TRACE-77793-2bB0ZAd1yemKDU5DdYzm4X5xs614VeXEgfjLAoqGoKrR72kJo7-sso-cas.univ-lille1.fr:etud16
TRACE-77808-Gh2eyBPXiBzbExFCOdTMTbDlbIecb7wvRKaIAbIcyMgStY9JXu-sso-cas.univ-lille1.fr:etud6
TRACE-77869-sRbkbWPCydWbRwbUP7JE5cD3G9oncX962MUudYdo31iRvcj5Pf-sso-cas.univ-lille1.fr:ens0
TRACE-77895-6jbsQx045acYVbH1ErdyS0f3zNyG0qlwd164keSpQwgeWjUKox-sso-cas.univ-lille1.fr:ens5
TRACE-77907-x2JSkuPJInHcYbhpE3rOQdV4V6HyZPGeZkPGxU9azPeaj0cjXF-sso-cas.univ-lille1.fr:pers13
TRACE-77922-fSOR2ILcWl7qJf10ssrCtbXdikd7xOMcF6a3guT0Ez4CkniXiq-sso-cas.univ-lille1.fr:etud8
TRACE-77927-VtZn05RDYx9NPXAyrsUNMwlLbi3ndJPulr0cQZdmIoBCsezY5K-sso-cas.univ-lille1.fr:ens5
TRACE-77951-YrAJNOEvar7GMxrraWeghedFYSiIEmNNBdbNtqMGlz40xB01ZV-sso-cas.univ-lille1.fr:etud11
TRACE-77958-DG6AJdLaIKIfmHrZTcIK3olTuY1DjXlvF6MSaSvNreCwdIur2g-sso-cas.univ-lille1.fr:etud2
TRACE-77959-0DlroEUxr5w00QcaqHcXdRgkiG6Cls4IHJQrhiAzO5L7OzNbfU-sso-cas.univ-lille1.fr:etud4
TRACE-77960-qlc4iUTqROf7Qe3Ew26xKOdAIfILu7ENU1iYkBKSFqvpttifUO-sso-cas.univ-lille1.fr:etud11
TRACE-77984-q7YCF1ZExIk1Deu0ak1img4xF69GrAScBllsKz7fDSMMQHxFhl-sso-cas.univ-lille1.fr:pers17
TRACE-77988-GucGzwVjeIkSryPau5BkO9v2fpxnCMIDcVjgOdi9NZOTdcszGh-sso-cas.univ-lille1.fr:ens16
TRACE-78002-QuncZ6Lp7SlFgTOb3nfLrtav9katlNIdgwcrBWjnMfbXkBPaAb-sso-cas.univ-lille1.fr:pers6
TRACE-78007-erw3btO3H9peHg1HYPX9izilXlCFoeROKnj0dTRgZbNZHH2iiU-sso-cas.univ-lille1.fr:pers8
TRACE-78017-t6DHEm2dabPLgIGsEGbjYCLbHOdoXFMswPdr5mbULcOeZu6m35-sso-cas.univ-lille1.fr:ens3
TRACE-78033-vPoyqC0A6NxZr3tGj1tCRMr1MAHQGOhlXlTGgb6x2zqgnaJJpz-sso-cas.univ-lille1.fr:etud4
TRACE-78045-0h2R1RkWCjArfIPNY2V02sXvIhVO9bLnosqOFWOhRudCBfmwHO-sso-cas.univ-lille1.fr:ens5
TRACE-78050-txfJKbE19LcgOKubmoXPIBD0o57ljvtfbVIcoevnCMml1KadWj-sso-cas.univ-lille1.fr:pers7
TRACE-78072-Z6pmQO0EDb4hflCrN1zvVRMMbnqrCMzYQW0l2RYHGsxq1ZtpxB-sso-cas.univ-lille1.fr:ens19
TRACE-78093-aZudhWVVlopIDPivwRdzniksCCe7KUnj1yu6UbJ5jDWOEL79fE-sso-cas.univ-lille1.fr:etud1
TRACE-78120-2WsHnfaAhYjcvILvE5AKaHjphk9TBZZgb3rJqVq4Apd3n3nEqj-sso-cas.univ-lille1.fr:ens19
TRACE-78123-UeewTnXAOWbtmi3ohm4TNgOsXE7ldto5GRfEAHMdmWi1iMzb39-sso-cas.univ-lille1.fr:ens11
TRACE-78124-L5PSCrMXQ11hdZgcDisA2SE6YOysR1byU4Xoc47spefPQS42CN-sso-cas.univ-lille1.fr:pers13
TRACE-78138-caRJy7Cod6cqGMOjNYm34bxccVjWQt3p9RoPzfjVaDoJfw9K2i-sso-cas.univ-lille1.fr:etud4
TRACE-78139-ke00z5pZO1Q0rqnckKxCG9jH9Nibeoey9EX0coZZjFyrbWsueu-sso-cas.univ-lille1.fr:etud0
TRACE-78157-oxLT7b3RjGlb73Nin34ATxNdgDbj0uPYljgYOeF12iZuJgckm5-sso-cas.univ-lille1.fr:ens1
TRACE-78158-UPXFSHC3XQn0fbdDY6ofcNWpRSuqGwk2yWBdfpomSSC4bJgbA4-sso-cas.univ-lille1.fr:pers2
TRACE-78177-tTgu7lUJokaDzJhd9TcMrubyedAJ7mjqzjzp2uYekRhLAO7SkM-sso-cas.univ-lille1.fr:ens15
TRACE-78178-42bs1gaVhSUYy4PCOPXUykUjXl2UVhjzQ3kDVmYxw5zzp0ea5p-sso-cas.univ-lille1.fr:etud16
TRACE-78179-Tk4mzbi3SbcsG2OlI2bj1vwKHspuS1xRj3hCheducmRRyLfARA-sso-cas.univ-lille1.fr:pers13
TRACE-78183-5IU1PvurnEklBkzKhL2T7qcYm3wpmUqmwbc4Jf6kIadWFawSrM-sso-cas.univ-lille1.fr:ens12
TRACE-78184-XDDlWgysCklCTT3gQk3L9xR7jFNgz4vnZazjiG0TgjDb6rG9BV-sso-cas.univ-lille1.fr:pers0
TRACE-78189-5BAzAfc9B5ikSyPxyxQfmjGXDqLMAjkmiyEet2kyLDCpPNBMMh-sso-cas.univ-lille1.fr:etud1
TRACE-78224-ehYcyVTHkocPMpz4tsczUQP1o61RTLXZQSIeUvldJ4f4Xk1h3C-sso-cas.univ-lille1.fr:etud2
TRACE-78240-fNimGKENlprqdXYdnuqc3hchTShKzgWEcksVWpA0aPTDf0lj1C-sso-cas.univ-lille1.fr:ens19
TRACE-78246-GxnCiEkQGQdwixKMHHfjv7SZmXgyEcjCQZrUppFQ9DfsnQjz9E-sso-cas.univ-lille1.fr:pers18
TRACE-78255-mBhWAJnDFONrV7tRbKxQZzIKmgJEKPvnHglHIjMcIUBajhdtfg-sso-cas.univ-lille1.fr:ens19
TRACE-78259-mknoKpqHAW0lfBckOdesa4nRSVHujBDZYbESo1PN0Bk26IueJg-sso-cas.univ-lille1.fr:pers6
TRACE-78266-bA0KHGpEpX52WRWgUO05tfmWz3b5rL7zLRb6qbUQYFweGvaqlQ-sso-cas.univ-lille1.fr:etud12
TRACE-78268-UZ29ME0ShNLd4pkAwTUvzt1cGAW5oo25qAIJiymCfX2th4J36Q-sso-cas.univ-lille1.fr:ens2
TRACE-78269-TKVMkPM2sTbwtJWDI7RWYrzYQhow0cWaOfdxfZ1CaQv1nSC0RF-sso-cas.univ-lille1.fr:etud4
TRACE-78272-10xtQugDf5drjMXqJnW7DaGa5YevkLucsx7dz44ZDCEdTr2KPG-sso-cas.univ-lille1.fr:ens19
TRACE-78282-eiQmHMx6ZYWeNVe4wfKif1EejafWX0AfuC6YxzJpJUHgzHXJBe-sso-cas.univ-lille1.fr:ens19
TRACE-78286-ZuH3LtLeA6AXd0dX4dqG1u1WwQZBctYkI5nffdWkWPMn11KbJg-sso-cas.univ-lille1.fr:etud16
TRACE-78304-Y1woQP0x5dyQjonx1hZkcgJAZrQ25vSugdBwJuiSI5zJcgVao2-sso-cas.univ-lille1.fr:pers8
TRACE-78310-1p7ThiB1TBwdfzXe4FRBPWz3yeYhPwcnPUfhbLJejGJkRqvq1L-sso-cas.univ-lille1.fr:etud1
TRACE-78323-uqcsGOvrIbLEfC5QafxDABjlHM9pqEMkTmomb35iq6R9fy6Fnz-sso-cas.univ-lille1.fr:etud2
TRACE-78378-ERAk3V6ZLdLo2S2JjeuJAagc0ywsw03SAUyDptpeGhSZmoo6kJ-sso-cas.univ-lille1.fr:ens14
TRACE-78387-ZHhcKbMx9dKVdi9FgHiORkxmMc4q52Y9zfxB1JsOkql75Lws7i-sso-cas.univ-lille1.fr:ens2
TRACE-78463-haHl4Qvhv2TGfBd6m3AxRgdz1Llwf7BvuCiv7PscjBPIu5HnsK-sso-cas.univ-lille1.fr:ens2
TRACE-78476-6aIcimlNOGDlQG7zfYq4iPuMxekh0lWmbfq3wgYNhgDx51mi3x-sso-cas.univ-lille1.fr:pers4
TRACE-78490-5IdIDTAeLY3yTgieoh9p4zc7Th1j26sEaCXWcAfafeRSuX0o0c-sso-cas.univ-lille1.fr:etud15
TRACE-78492-7KPOu4U56x5KHDRxv2Nvnq4UXpqqY0JmJdXFLl6ocmYybeDSvn-sso-cas.univ-lille1.fr:pers9
TRACE-78526-bkBKKH6PscFKxUWObeih7bsCjOWEDKeHyHCLQIVRHGJ1Xgn3UX-sso-cas.univ-lille1.fr:ens8
TRACE-78538-P2lT4NTIgklzJLJ67OgTgJRZ2Ed7IeTayxwgWpM4JAc9CmfK9z-sso-cas.univ-lille1.fr:ens8
TRACE-78549-Kd3mvuD9D6nghpbkSFjbfcQhlFpyqdi5CXI5HDtYNenJNTwAoS-sso-cas.univ-lille1.fr:ens0
TRACE-78569-dkiQnTowJwpOjscRcQrbJkaILyfCwsWLuZ9Pu9ETUwSctKQaCd-sso-cas.univ-lille1.fr:pers15
TRACE-78720-WONDUHcZ4GUAxov6cswKJqSGFSxXCb3BI0QH06xNkAPh56gqXb-sso-cas.univ-lille1.fr:etud16
TRACE-78722-kA9d7B3pCfcc2IHbIBHqDCVis5wePxn32caIeNw2KCqXrK3pRz-sso-cas.univ-lille1.fr:pers18
TRACE-78742-mF3mwpqKmdvPxAO7u4eeIlnAhoNUz4geefoeefosxCXezdac0j-sso-cas.univ-lille1.fr:pers13
TRACE-78808-3xYfTgnQ5mXnqymDbTPnzvPwDDGYIfNcogqX4QLTnoNMoVzoIx-sso-cas.univ-lille1.fr:pers6
TRACE-78817-phYRZPFpun1tcIUffGfJcwnFkTXT2NmLqsN3QMKs03VFxZSKge-sso-cas.univ-lille1.fr:pers13
TRACE-78833-BeVkOZ12aosiV7Fwg4rvAHG4gr2zu7lqoEvh2IUNCNC7lFD0XP-sso-cas.univ-lille1.fr:ens10
TRACE-78893-leizF4qc1qttNhWFgHS9iJZ9OwaFDoOqgGIR7g0ZbIPuKO2coV-sso-cas.univ-lille1.fr:ens5
TRACE-78908-dyIgfPcCaGeoljvCXKm66qwkyMuaSw4OOuW4e13cmwbrqnXezW-sso-cas.univ-lille1.fr:pers11
TRACE-78933-vKyJ1tevfh6RYkUfFb3azXeFlsBNoa6mtdYoRh0of1bApRCEgf-sso-cas.univ-lille1.fr:ens3
TRACE-78960-L5ccYtkSfds5IjiKAFEIAzUaaMn15O3n1aEjhT2Zc6lmkSXspk-sso-cas.univ-lille1.fr:ens5
TRACE-78973-TemXWU6pDe9SGiuSNF3yCbbKZLQK46UIV0YaLScNgHQegAt0pL-sso-cas.univ-lille1.fr:pers6
TRACE-79021-ticwMkiH7KM4S7dVgyk0NWLx0oIlia9NcQvnwiBK27Oej4wTIc-sso-cas.univ-lille1.fr:etud8
TRACE-79072-vMfJzntQH6N6XstmdRwAqnUFYKeCW9oblPZW4jLukGuOMtbJyb-sso-cas.univ-lille1.fr:etud4
TRACE-79085-eK7mRdJrxWYtZ2nHCIAG6gUp2oXyIpOtuoRmXxpo65d4uf0Jje-sso-cas.univ-lille1.fr:etud4
TRACE-79086-0irXbnR35jFaMwLFjsyi9e6RxNyxCjIAefaQgf3rwxEa9x0iHk-sso-cas.univ-lille1.fr:ens15
TRACE-79096-QloWqhaacjjNnge2aGerLLMBKWZI1IOU79BPNCSFPnFSm9K1s0-sso-cas.univ-lille1.fr:pers0
TRACE-79151-YxtqqNf2Kj6COuAnNVjEDVCewTxf1X9FuIiToSjt3EkiCKDg7m-sso-cas.univ-lille1.fr:etud13
TRACE-79161-ubvWhWhdBU1EIOMIlxedwVLjygVkMRuuHhxWBmcjYzPxndykDQ-sso-cas.univ-lille1.fr:etud11
TRACE-79195-Y9S2arvsnk90KuFBFtawdbo5ehTGOtdzBeXwvKtt3Q9J17q4ic-sso-cas.univ-lille1.fr:pers1
TRACE-79256-sKYAuZaUjopDRjQry4nm6aDdNnbLKd569bg9RB3CR34sJ1ZFGa-sso-cas.univ-lille1.fr:pers2
TRACE-79271-RSsCBxx5BfPhZ4CW0QPFzZdm6Oc9oLAZfRU97cIEirzHYuCQrB-sso-cas.univ-lille1.fr:etud12
TRACE-79274-pnyvozv7YxUmmmhZySv4Evvjd3BdJQBbaDb6alhxSCuwiiVN3H-sso-cas.univ-lille1.fr:etud9
TRACE-79342-a6ddcBW525U0VeLry1NCRNGwSvWLdTmvxF5jASCDD337YsnIVq-sso-cas.univ-lille1.fr:pers13
TRACE-79354-uOeP6r3fD6EWiytedcfUqtwF0l1TFoPmdks5zcHFuGljtz4NH2-sso-cas.univ-lille1.fr:pers16
TRACE-79388-5W7DDbo2CkfXJcXXW3Abx1WzWUHfGG4YAWQtdbeM1uLcpFOHVO-sso-cas.univ-lille1.fr:ens4
TRACE-79396-3pNPeE1KfaIg4Imlk6pn0OYUqg113yDuvMV5ymc1skBGaGgXzX-sso-cas.univ-lille1.fr:etud11
TRACE-79462-iYFdFpLzifqAn6LJOt9fhXSZ6xyxSpfnJljduUMGO2RwEI7DhK-sso-cas.univ-lille1.fr:ens6
TRACE-79495-UvMb9DD7Qe56g4F4bq6sslSCduRrlgCcLle0lNoIbrqchmJSgz-sso-cas.univ-lille1.fr:pers10
TRACE-79498-RH6HBffzZEyqdYeJlWQN4VWwvIfS9dJKdO5xJlu2hqvexa9MBJ-sso-cas.univ-lille1.fr:pers10
TRACE-79507-XlDcZfQxPrfbdgpfIsxzKU9pJG3ZA6WC9f1k1CXYzHmjrHjSrC-sso-cas.univ-lille1.fr:etud5
TRACE-79515-7cx6DjUQSWUmi2zpoimIFCVPNAkfXogBgaVf4GBeigBfRQ2HJi-sso-cas.univ-lille1.fr:ens11
TRACE-79524-SpQy27pv4fcGZhKcIlTCgfkwcoijzozHCjCfdMEvsIq2nbpi7m-sso-cas.univ-lille1.fr:etud6
TRACE-79562-4rOxfvgAdarTFPu7ENR5dkdzZcjWDOkIYfahtPd9Ubi0ABYuW6-sso-cas.univ-lille1.fr:ens0
TRACE-79653-aEmKyF9zWfm41j3uxCA04ozV33el43HeWVoO6NpGM209EBvnyg-sso-cas.univ-lille1.fr:ens2
TRACE-79675-OOOE6SsdQBD5NdYDqj6iOIvg6KmH5c2Q9IG0gyELL7CyWqQfNg-sso-cas.univ-lille1.fr:etud3
TRACE-79684-NOkccWc2B9M0lUZOfQPYnm9vPxzpTsa7Ae1jYDkE7dva0H9iCw-sso-cas.univ-lille1.fr:ens12
TRACE-79755-Gq3WZohHXEHfNV7TQhlBZhi0FUnYPymGrWRUf5pGdVaBo2A7c1-sso-cas.univ-lille1.fr:etud9
TRACE-79760-7yPbD4bC5c53bxjnoPtdCIViYXuIgOVzwSImWYotnnrUQxodvb-sso-cas.univ-lille1.fr:pers6
TRACE-79782-nud3vFhewTCc5Ev0QiIbofp2erPE0eEvmabzzI6jHMKcnfPjIH-sso-cas.univ-lille1.fr:ens9
TRACE-79813-EQS5c5dPr1Rs31goXFaLWTM1oz6dlARKRrSbzmblgOtHlYwczG-sso-cas.univ-lille1.fr:ens0
TRACE-79820-WmESmHrzxeSnNofRePdQ6JxTYDdUjWJit1ajBhaxrIKII5SmtG-sso-cas.univ-lille1.fr:etud11
TRACE-79847-0LiaweeyWFwVMmsm5U1IPUre5RaXIRLRlbzNQFGmqgcxq00bdU-sso-cas.univ-lille1.fr:ens8
TRACE-79878-i3OsnfDz1cRYa746aKBLv12JB9lrMXtIdbNX6hwi1NvlUxdCY5-sso-cas.univ-lille1.fr:pers15
TRACE-79880-ZeQmyOVvyKPYDUyQYRslBvdp7xd6ik2QY3tytpYUofdxzyymwV-sso-cas.univ-lille1.fr:pers8
TRACE-79914-guiSmRCh5qNSVKBn7gfJ2WHoUNwimgkrbxf7TQqBwRsiILWB5x-sso-cas.univ-lille1.fr:ens9
TRACE-79957-WoLetHjmcblKGfASsDDLs72iG5dAudn2rbTUChqGdWdNPs9bm3-sso-cas.univ-lille1.fr:pers18
TRACE-79989-YVCWbK4f0bPLXiZXSkhYq96DJcaDAJCKN7W3WebE64nSUeFTM6-sso-cas.univ-lille1.fr:pers6
TRACE-79990-fhxrNak5vMAlwwdZXYdSjiy2r2t03Pgw1dxrF4BMGYMfeAbxfV-sso-cas.univ-lille1.fr:pers0
TRACE-80013-JNth0GdkdarTUCCZ7rvX9GVqWZ43WbNx5GQrPctuf6cwH6RLMS-sso-cas.univ-lille1.fr:pers0
TRACE-80133-uY6dpkRUVR44gEXKsdMJdkoeRZx21dhGs2bf6w2CEIc3EI4auo-sso-cas.univ-lille1.fr:pers15
TRACE-80167-zzmadmmnEhoJi9PFxVitkDgO99SS9tMvwuvuXCBpb7XIJSGrRN-sso-cas.univ-lille1.fr:pers19
TRACE-80232-Ld1qBB0pYhehGkuSymwvlUoRDKyl0DupgM5zgeBVAa0W4FV4wQ-sso-cas.univ-lille1.fr:pers3
TRACE-80277-BZPF1lLVnOxJ2Px7UkB2sfWw5gjWefiS3eVLjldwSeCQmRlIq1-sso-cas.univ-lille1.fr:etud2
TRACE-80304-ilUaqt7ujCGMa0lt2KEXevP2Xz2HE9zkZYIBfJQ4eLCbdScoab-sso-cas.univ-lille1.fr:ens0
TRACE-80316-jddxBkpbmzdAUbn0BjW4UZikpmLdjB6IjIAbkyrM2zdWi1hAyJ-sso-cas.univ-lille1.fr:ens2
TRACE-80339-ZamZnFbz5nMd7Ov9J0zb3KndJw0ULnTFiMcwO6LEOiVMGlbYRi-sso-cas.univ-lille1.fr:ens13
TRACE-80349-TIblyacFV2YmgkeBiedEUDs9HOwloz5rFCs3iXepe73PHQczwO-sso-cas.univ-lille1.fr:pers0
TRACE-80355-Nykn6p4hqyozDHD7MylmIWJwx3SvqwASp1LQDUfx2taMEbI6zf-sso-cas.univ-lille1.fr:ens12
TRACE-80392-UercPjKQ42BDTEFrBcQVmbfcf2bFDp7BUcdZ2HRL9ebi5ivXHZ-sso-cas.univ-lille1.fr:ens18
TRACE-80398-mLTuNFLyDlqmYqcAn3JXwanrOdmncuEiLzkeEBJBzn7seaX3nB-sso-cas.univ-lille1.fr:pers16
TRACE-80401-eCvvOge3ApJyglglORs6DKCCv3Q5A1YqbzVn15QT0ztFQqF2gV-sso-cas.univ-lille1.fr:etud6
TRACE-80405-bynAvd7h0vjCQRxbT6Qzt6BvBYLUfpmttCwhFBtgU0C4nfb2Ut-sso-cas.univ-lille1.fr:ens7
TRACE-80408-TW3vVJVpU9ETlhntvaQb19zSoJBTr11YzUAQeWhU7qApO1VlDc-sso-cas.univ-lille1.fr:pers17
TRACE-80479-NwV7CJzuZIZjeEkI1UV7qG6Teguehse4qXM0AITMbFd9JcPxwc-sso-cas.univ-lille1.fr:ens5
TRACE-80494-uuV1AqDO7aCiXekAbRIraqECaP9E6LvfBhWK5BC4gX6cmyenDU-sso-cas.univ-lille1.fr:ens6
TRACE-80533-kpW5feGxPvRZJbIHQ1CEMkc2Agojlfv0dC77bEt5ajUKgi6f2e-sso-cas.univ-lille1.fr:pers7
TRACE-80548-oE4jedOnbL1MPPtFOBwNL45pZocHoj9Z4oe5Cz7j6eMrsbT4Ie-sso-cas.univ-lille1.fr:pers6
TRACE-80554-CM37fFH3CgeEbbfmf5ILcJKOSF2Llv2i54KnqHvBJZq11w6Vgp-sso-cas.univ-lille1.fr:ens9
TRACE-80569-rMSSYE20IGFOFdfu2xNSgy47ZQAjLXvLJXVHMc1PH69Z9fMce6-sso-cas.univ-lille1.fr:ens6
TRACE-80572-YdmYrNwwV3p5cdvb9wAmrc69fNOxgMBCg6SsKrkbektxtUWIED-sso-cas.univ-lille1.fr:etud19
TRACE-80574-XzhEaXPTtkKkLuxKAwtfvEkcKQF3hnjdeoU4Iu5tBQKZoKiRPs-sso-cas.univ-lille1.fr:etud10
TRACE-80575-XbOot9bYoa3zc3a4nOfRbCfJlvzfEiON30DlasI1e51aeD5nXh-sso-cas.univ-lille1.fr:ens6
TRACE-80593-NDtyx9RoPfIdBKd2l1cPHoaOadKd4ov6f26xQyayLmdyE0oWdS-sso-cas.univ-lille1.fr:ens6
TRACE-80603-sS7CbTNWbL6gVFICv1pfRPnhqYIGmvWRrhZqTdLRdbq3WGNY4s-sso-cas.univ-lille1.fr:ens8
TRACE-80631-UighsMg2GLH6KKefCea1UUA6TjQeUcseOtddnw3gLJ5dsmviWk-sso-cas.univ-lille1.fr:pers2
TRACE-80701-u72k12jNFS0hdD0C1vkr4R0J0jUwF9thHwuKhuhfVXSMBkTwUd-sso-cas.univ-lille1.fr:ens18
TRACE-80724-xpjcIlFUwgPCgcdnu97Ae3f0XMSgG5904DKhKrPRUw4i69dmMl-sso-cas.univ-lille1.fr:ens16
TRACE-80726-qkocYIEqDhrpfnPEPVqcnRaib4iCtQoJCyjHuUNBdIbLgYcXtt-sso-cas.univ-lille1.fr:pers3
TRACE-80809-gJCuaFvqV1cOCdFO0rFLskKgrkL4NXd2R79iKtfx9JhAkgMsjJ-sso-cas.univ-lille1.fr:ens8
TRACE-80812-BBs7rhoozsAzjI3xI9lcaap2VGoj0KfWN2ObgUQiHObFQ4fzDh-sso-cas.univ-lille1.fr:pers6
TRACE-80815-Ixt6G5vzPN2NyexnN1u5gfLF4bgUfK3aemRSRVYfe56rPZ5F9m-sso-cas.univ-lille1.fr:etud8
TRACE-80839-Eqbdk1G1Ph2fbbUubiInabzeBQe4IWQzSirg3jxZeIusj2aiY4-sso-cas.univ-lille1.fr:ens16
TRACE-80852-BOZBa7akq556fis7qhODhNPTsLSMiN7aUCXzRiINHPPlMegZU1-sso-cas.univ-lille1.fr:etud9
TRACE-80865-gKI3mH15cXn9oVIPsLLLx1H7ynhIbHuGbV76737Hgesg6NsfDc-sso-cas.univ-lille1.fr:pers0
TRACE-80869-X3RB9x5HmZ6m3Ai0s079CrCv2eqSpjdlBtEIy0YZ7RS2TT69EG-sso-cas.univ-lille1.fr:pers2
TRACE-80879-W7cElUq2s6fdcE2wZiZTsPWeYuHd9d3FVjLGgXc2uJIYQijFcS-sso-cas.univ-lille1.fr:etud11
TRACE-80908-Cbq1RXnDW5xp47KJIjJGVJYzvbDhrh3a90pOtOJwFTdmXzZ5Qx-sso-cas.univ-lille1.fr:pers3
TRACE-80909-9JqXZoZCTdmeWMvVJfUMOPMb2Y0tUBXBOAz2kT6nfrdTBLfbY6-sso-cas.univ-lille1.fr:ens6
TRACE-80913-degmm0Gc6kmqBYZggdZcGKkezskoK0JxCPOchlZENKbzNekL1T-sso-cas.univ-lille1.fr:ens4
TRACE-80962-LQRlAuOvAh99wDqJ4SpIKZi6dVvRsHmOwYdHXLfdP42WSdw1g6-sso-cas.univ-lille1.fr:ens10
TRACE-80973-GdbfJRuyCpHpSDUJZ3l4eJUWpI2x0yZeOP9KXUMAYkhpGvmniI-sso-cas.univ-lille1.fr:ens18
TRACE-80980-bM4RcNUIlVf5iKi1QqoEIj1craNmpVlrMG6b3XdImxBRcmFNyu-sso-cas.univ-lille1.fr:etud10
TRACE-80985-5DFel21XGsNYdqCnqfikG5BgtpkxWMlIJ0HvpXg0DJNYEZ05TL-sso-cas.univ-lille1.fr:ens6
TRACE-81076-WbOYJ0iGBuDhxU1Tv4bqmDgZ7iFIRsF0BUCWadeBcW42TgPXuK-sso-cas.univ-lille1.fr:pers12
TRACE-81120-ACSYgfofagP7TXkJDgq7n30drEe940rGyXYo5qhX4N4ahOTcOc-sso-cas.univ-lille1.fr:ens10
TRACE-81131-IxaiLAw4qkVVS2biZrqdeK9IetaV92rfd7C5uaf4Uqjk9z9CnF-sso-cas.univ-lille1.fr:ens10
TRACE-81150-WzvUGMAKIidLrn46ifrI9enKiJhbNUH9VUzdQMSLFGheBZsEig-sso-cas.univ-lille1.fr:ens0
TRACE-81156-9U1zw4e0acsIzOiWZksxgZgXsUuHJLOiUvFn735GZTcNEHfauV-sso-cas.univ-lille1.fr:ens7
TRACE-81169-4svKwg54mGj6eAQcK0uHHQmrwIq9mLJZiTYQqNdETcdsanrOJL-sso-cas.univ-lille1.fr:etud0
TRACE-81178-Qw9BJsPtnFEtiTAtojNloLNBZC2eIZeH3WBXdI4BYpATlmybnY-sso-cas.univ-lille1.fr:ens6
TRACE-81196-nFCNrMXpGHr5PVFut9yUdezgaR0KGTmJc4jJCcWthEbGt7fGTq-sso-cas.univ-lille1.fr:pers13
TRACE-81215-JggpKT2GqYm6h9cmqFiftHwTD1Yjx1JFb4y93TD0HlcQ5UgFPH-sso-cas.univ-lille1.fr:ens2
TRACE-81226-pczhulOP6mtchgkfOg9Xb3hODUydstgmuXPkPmWcm1TSg66z0u-sso-cas.univ-lille1.fr:pers3
TRACE-81231-WQT9ZmNdinz4x4jhURiCKlKe0mpcP9cOorMy2ZeAxEJdXUtMpX-sso-cas.univ-lille1.fr:pers9
TRACE-81237-mupllkADvYnMEh7vpfzdoRP6UfIiuCep5SGRwu3UOijt50Pp7q-sso-cas.univ-lille1.fr:etud16
TRACE-81256-pd0ntm4Ua5e0nCTyvuRoXJPrVIwnkDOPomWbk2uW4u10nlXeBu-sso-cas.univ-lille1.fr:ens11
TRACE-81278-eRMoxLGhYcvCkeK1TOsuU2ILdeh44jwWyDzrvJrTaocY51uL0M-sso-cas.univ-lille1.fr:pers14
TRACE-81301-rgbpOwTboKKbFOzLCYs52qbRbUVX1ohXSD4bFoc32VsijkVJmD-sso-cas.univ-lille1.fr:pers2
TRACE-81320-55sMId0ssTleUDBpwetxxIcyJO4pJe6fuE70ZB1qctsrvpOtxB-sso-cas.univ-lille1.fr:ens3
TRACE-81340-e6ZkCYbzSplHthkoQtourmwqE1UXxi1dCerVmJf1ZyxWddEvRi-sso-cas.univ-lille1.fr:etud0
