TRACE-81360-6S7s3QLvoCVFykN9bw2fCSvHPLOu7IeyJDufvm3EcZvV2dhmOa-sso-cas.univ-lille1.fr:etud0
TRACE-81361-34N6wmc2YVe5pfdnsel5DDLgcbr1NYQUOgBdHEoMNQalC6gJKL-sso-cas.univ-lille1.fr:pers0
TRACE-81364-ycIK4SCaF4vKHakJw2PtWmsnlTozKosD4w550QUUgToGqHba2i-sso-cas.univ-lille1.fr:ens0
TRACE-81366-HLoCd4pGnqFYcAwYoHaBX05gx9SBSUxVuZsITjqGWiyxqzZzna-sso-cas.univ-lille1.fr:etud1
TRACE-81368-dHVUdcBsebQCqo0NRPNDesU7dYcqu5e5C1rHHqFkvQF9wqjdvd-sso-cas.univ-lille1.fr:etud0
TRACE-81369-hMGYdfexZZKN0dSLAsTJIhZBTLfDpzi0MEWNvgCM9ZMPgm79iP-sso-cas.univ-lille1.fr:pers1
TRACE-81371-JCGU5PtZZ731wahgAZcbB5RTm27whspgheNrAEkoS201BeSHGO-sso-cas.univ-lille1.fr:ens1
TRACE-81372-QhYwZreyPFnPaj4gfZ2BPYUgVhtrXbVzcxVek0Wudn4JkyE55f-sso-cas.univ-lille1.fr:etud2
TRACE-81379-d7mAKaXoImyXdE4dPcTZt62fP0hY9RVSgH1NOjoLRzzgGypsSG-sso-cas.univ-lille1.fr:pers2
TRACE-81381-3NGZV4dKH7Pmz4uXcUa3bvGdej5CdwdOC7luObvdfhVEvdvmUT-sso-cas.univ-lille1.fr:ens2
TRACE-81384-uAhVccCIQIne5Ih5ryCpIupzVHAiZ7tgGVazvsYVddbn3fyDFf-sso-cas.univ-lille1.fr:etud3
TRACE-81387-Aub2i17ufhgNNc2pWl47sUxaxvg6XVqbALgsSOJgetldr1uL2O-sso-cas.univ-lille1.fr:pers2
TRACE-81389-hmjl3IaSPxgOLBKOSkCxVluSL5qy5uK7XpAWx7mzQTHfzz1Yrk-sso-cas.univ-lille1.fr:pers3
TRACE-81392-y62jCRCWPALm2Cu55dnPhYIVkGed7kecOcbzuRD1auBtqwXxyM-sso-cas.univ-lille1.fr:ens3
TRACE-81393-aoGSslk1SfJNO61EFKb1lQE4ydas0cT7wVLulZcFKDIHk6Q9Ez-sso-cas.univ-lille1.fr:etud4
TRACE-81394-CBWpZDzp0dUdSq7XJhUcIomyTZuEDxiUZRbXp0H4mWRhC4EsEr-sso-cas.univ-lille1.fr:pers4
TRACE-81400-3b5y70d3qdd5EE4PRsUqECxDBlPtA1wMnYCnbp2ud6ErApwVm3-sso-cas.univ-lille1.fr:ens4
TRACE-81410-ZKtbglXFZ162XwAEi9uhWhThnMzPwVpQZT7tDEBdeWE3JKSRPQ-sso-cas.univ-lille1.fr:etud5
TRACE-81414-AWKJ70SKmUwGOJb3ZkhDkf4K3bvSyaERKspvgmGyzxNw4SLWKI-sso-cas.univ-lille1.fr:pers5
TRACE-81415-w0iixfseE7bLbCsqeQcDScreASZkm1bv4KvNjwlopUiOye7D7x-sso-cas.univ-lille1.fr:ens5
TRACE-81430-bmCauPu3kemyaB5QpQoqieNBeMt7udekEgP3FhfC5LaTfVEdeB-sso-cas.univ-lille1.fr:etud6
TRACE-81444-znOU190LNLV1bb41q6A2hl07X4ZQVhpXEgtiayTup9KcDteyjz-sso-cas.univ-lille1.fr:pers6
TRACE-81447-OgaOvnTVIRgwmyNtzQFW5rKVuuuKc6jGmDv6DIDZ2UssfWRJHb-sso-cas.univ-lille1.fr:ens6
TRACE-81449-uVLQiyJobRPIDjZ9Tzv6amO9QzEY2M5Z3bRbPzgOwLmc77Vcp2-sso-cas.univ-lille1.fr:etud7
TRACE-81451-nMFlHJMsYsbYSdDPw7HMv1Q7GL3oOwVbrpHA3NGZoRb1pedSbR-sso-cas.univ-lille1.fr:ens7
TRACE-81452-kMnesv1RARTsUe3LK1PoGmJLoyhVdqBqHbDKvNvKAd7KNmQjY9-sso-cas.univ-lille1.fr:pers7
TRACE-81453-SiWfRMXTqug3twvhh09DddfDNsjKomjOAaT1tCOw1qbZNDnDKi-sso-cas.univ-lille1.fr:etud8
TRACE-81454-HTBXkKzSdotgEUVSXX3oWoiuMTCQsPxfW22paebEqCIMEl9XGB-sso-cas.univ-lille1.fr:pers8
TRACE-81459-ebXkRCvbDexeM3onruowralLweHBWaMEVLkJrfTbcqctPy6v1Y-sso-cas.univ-lille1.fr:ens8
TRACE-81460-DOXy2rKIDXFeJcngBfU3p1nAImKSAqLBQGBY5iAD4BOYO5iCxo-sso-cas.univ-lille1.fr:etud9
TRACE-81462-ZTLGRbVDT0lzhtxHVaoVhviFgZMIJjpf77xWLbSuEH5a3vAgur-sso-cas.univ-lille1.fr:pers9
TRACE-81463-pRbU4bRdKFeBk2gTPJBoEVhz3qPJWYACyiMjofK1ZU9yeOvBgR-sso-cas.univ-lille1.fr:ens9
TRACE-81468-fnhuQFtJa1aw91dzrvta1OcWMxJK3KvXWuNYCiScAcSvN51MdU-sso-cas.univ-lille1.fr:ens14
TRACE-81470-h6eNsfBYc5Kq9bon2Oa0GQXr9Rr3cnAIddvBCIeorIKVniXSqI-sso-cas.univ-lille1.fr:etud10
TRACE-81472-1sKMokTltC3IXnibpRfY35FKbLiB7VKjjtVUNUpwiOc54PoIjJ-sso-cas.univ-lille1.fr:pers10
TRACE-81475-wFoBXW43CayFHfux5zrTcJwb0lkymIkAeOFCttW9JcfDXgTObw-sso-cas.univ-lille1.fr:pers11
TRACE-81476-LcjthUETkGvjqIPUObXOhkta5gitZsa9bT0kufRnrGaVsAKDeg-sso-cas.univ-lille1.fr:ens10
TRACE-81479-fQxcrq6pYO9lv0c00a3vj34mpfiw290gBNP7EVgaG02Pgkjc3l-sso-cas.univ-lille1.fr:etud11
TRACE-81480-pVz6AMAkcQt0WoedM6quY7SszF7BdpM4SgTiQSAs0ezbw1bwZj-sso-cas.univ-lille1.fr:ens11
TRACE-81481-5yfyPfCU11ZDSKspOo1b5yWifZTKbqoaTz0a60gZENArWPYaff-sso-cas.univ-lille1.fr:etud12
TRACE-81485-zFPtFdeAgcHrziVu7mqqdvX9rn6j1pfnrbJQ7qVflFy39UjiYn-sso-cas.univ-lille1.fr:pers12
TRACE-81489-WPK0wMaHlclvGxXliDMeawJbGjp7xdpDQLXO2yCc6k4cb2Tbeg-sso-cas.univ-lille1.fr:ens12
TRACE-81491-1cfpreS6RE0lvzgYj1XQkxYartY4WAqTWf2SETcUlBB1oDtM6q-sso-cas.univ-lille1.fr:etud13
TRACE-81493-6bCyW7mwk57id0LHH2q05msU3q3hdoh9jddmaKpPQ9wPX1pjcY-sso-cas.univ-lille1.fr:etud14
TRACE-81494-l3m1MedfXs9ANUSVNQXkmRwDZj6Iuug4G3PsgeNQPu9gXsYVCi-sso-cas.univ-lille1.fr:pers13
TRACE-81495-iRRlrHE1sfpONXLB7koAZ9kBVVKhMKuaZ3dZYZWUiP0JDCnc3e-sso-cas.univ-lille1.fr:ens13
TRACE-81498-TkaWrnB4nKMcPIkS3kXxiGVazVzbG9Tr9QjiPODsKNO1CSGUJW-sso-cas.univ-lille1.fr:etud14
TRACE-81499-14i4GP2LqpLUeqsZmbv4GFjQlV7NOV31BGJcZJ36fjpmKb9slq-sso-cas.univ-lille1.fr:pers14
TRACE-81502-paA1OBy3bNWMZq7VSaU59c1Jg2YNSiFOG7WXEcRezpjdbznmGO-sso-cas.univ-lille1.fr:etud15
TRACE-81507-tE6cz2xmAi6JLbOtBZgvI2A41GnDxyxOezhNk3c3WC5b4FowZL-sso-cas.univ-lille1.fr:pers15
TRACE-81508-4jMwVfg2Cd04LECXqBKL4tku2HtABKtITb14peRdflJGehyPtZ-sso-cas.univ-lille1.fr:ens15
TRACE-81509-UXCbTkL7gg3pqmfCsWXan3FJHzFzqpIKJDnTNWqbGxcWZQfWR7-sso-cas.univ-lille1.fr:etud16
TRACE-81512-wbACpjMSF0H3a0wlUtKCF4lDl3u7GbY06PToJ0gNguVfd4EkLW-sso-cas.univ-lille1.fr:pers12
TRACE-81520-2yRe3yKkK7k1LwvXKZsUTEI4g6iSjBejYhv02Gb3XrjqfJlc51-sso-cas.univ-lille1.fr:pers16
TRACE-81521-xm9oHgwpu6wanenOgwfCW7FUJm0HAegVcA0psbXtDdC5e1ZUzH-sso-cas.univ-lille1.fr:ens16
TRACE-81528-zLMdGE4MnBC77jKDNBAXJBLieInafcgUT50LJ5oBjvpmSTRjlJ-sso-cas.univ-lille1.fr:etud17
TRACE-81532-qF7cfGVDaVREmVLBMrEgDvOYPRfaE4q3RfxsdPyozaVc7uBkkD-sso-cas.univ-lille1.fr:pers17
TRACE-81535-cjJPksdu2tydDYHPDWOApbXe20dInel5bM43mq9797Qwao0Hkz-sso-cas.univ-lille1.fr:ens17
TRACE-81536-AgQw3ECaQmXnnQeDgzpx1Ldvt9QqhfRPeECu6oxk1n1Lh9MW72-sso-cas.univ-lille1.fr:etud18
TRACE-81538-X633pGqlZwDO0qy1LHPCdXGhW5LYPtCdFRbuuBDqLjb6c0mYgT-sso-cas.univ-lille1.fr:pers18
TRACE-81540-v7fsWzh7bQucDuDvmFcSGJZekZmtnCSWN7DsXNIRIuVGgXqbyg-sso-cas.univ-lille1.fr:ens18
TRACE-81549-FX64fJyjFJSUyfr0vwl9tqieXauEisiOVCB9eu1faMT3Ic0BYx-sso-cas.univ-lille1.fr:etud19
TRACE-81551-Sm1Q1fwzkIkqe1JUhQGHAtbriR44J1ffjqYVUXrhMRpzld7xx9-sso-cas.univ-lille1.fr:pers19
TRACE-81557-bfKyeP9y70oCWQidTtcoOSVxBPkI9DUHNzkRAnGcILUqVG2cU7-sso-cas.univ-lille1.fr:ens19
TRACE-81558-tlalciWaszh3faGAwTdKnmfahdXkTBDKPDd5JrNLFcI9IJCflT-sso-cas.univ-lille1.fr:ens1
TRACE-81560-GMLoGTiyaggXUvd0ttfGeMYUphuArVGYjcUky32iY4ASBpAL5V-sso-cas.univ-lille1.fr:etud0
TRACE-81567-fLaG6wxa5vWjMucbODjdEpfZuU7eJgjPAYRdEuvwqPA3B1kxZB-sso-cas.univ-lille1.fr:pers0
TRACE-81571-4dmMNpNbGm1dQ0GfFaYju4VwEhEBjr4e3aBLzmdf9dTMzPbf5I-sso-cas.univ-lille1.fr:ens0
TRACE-81573-Y99m73HTnKtQQQbcz5hAjiRacvOuymFZMiHkniAR5Ydawd2nIl-sso-cas.univ-lille1.fr:etud1
TRACE-81576-IPdBLvoAxSXhr3Jg0ghqaMuFQcm9X53YZhOrAzSFqouXXcmBil-sso-cas.univ-lille1.fr:pers1
TRACE-81577-On5N4A33wvdJAd7sApOxRrifeCqBfXkCVUN6sOkJV2nnXVPRsD-sso-cas.univ-lille1.fr:ens1
TRACE-81583-d1kRYEaDaW3Jiezh1HPZJgrNDvcclefRP7hocu2Z2iPBI7s6Uq-sso-cas.univ-lille1.fr:etud2
TRACE-81593-aSlVQbZMfxQt0bpC7odPK3mxjuRdeYjg0zRpJMjY13Q24lCeGI-sso-cas.univ-lille1.fr:pers2
TRACE-81595-lT0mfw4Af33dLkIIq51ff9LIBcXXfZPEturIwpLZBEsKFes1PU-sso-cas.univ-lille1.fr:ens2
TRACE-81602-EdSObpsyODofRi26M0KJLtNs5mt2oqrflRwmperCfxOn7qzZ5g-sso-cas.univ-lille1.fr:etud3
TRACE-81608-5ntIN5kURmNk2IXfJwgMmcddKNkewOjwcOhszrIU4rIaaY6dT0-sso-cas.univ-lille1.fr:pers3
TRACE-81617-S2FbpTgmyXnvbzB4bjkl0IsyyUpGAAXO3EVbGgdecFp3WqwPFB-sso-cas.univ-lille1.fr:ens3
TRACE-81634-IkpQAg3QaQxWCorC23K2hwqNeH9TSKz0dt5Wcvczl9fSpgMVo5-sso-cas.univ-lille1.fr:ens6
TRACE-81650-R7zJ7g16ceae52ejoRVswt4reBEAN41sfHPde5EfIdSJUgDiYa-sso-cas.univ-lille1.fr:etud4
TRACE-81654-mGtTIkNhxlIl3kJ6TStHQaRlskXR4LhqDKYT4CAdslDCJy39yv-sso-cas.univ-lille1.fr:ens13
TRACE-81655-nebgYUf2VM2WlL2fPAFCazz6fFqpfwg2PqKXuCEhHhGOLyXUf6-sso-cas.univ-lille1.fr:pers4
TRACE-81659-btdqs4B6ONL6WaZzx2BCKAToGXfYk7pbqy0RKPyrbEHQU4EFfM-sso-cas.univ-lille1.fr:ens4
TRACE-81663-arFoMWvYQ64bAqUpKnH3phhwwdk0ncF9XjqEPCqTHg2NfYy0zU-sso-cas.univ-lille1.fr:etud5
TRACE-81669-Wr3tc4yRBs2oNgQN0ppzYRtWgAbgC4SnjL6Ek9qoaBtxBGqXGw-sso-cas.univ-lille1.fr:pers5
TRACE-81672-Q0GK1eNsc4dZLJd3uDAGcPlz90MyY4OjarUYSZHhAG1a7Rxc4L-sso-cas.univ-lille1.fr:ens5
TRACE-81685-bHxrekmQtOEJxds4qVyIFrByhO01cySxShbgWtcit32rchvMTs-sso-cas.univ-lille1.fr:etud6
TRACE-81686-JitgiaMJYeEXRRQeHuvBaipcyg4Ovdb4ub0TPUapkBzHqaIF2k-sso-cas.univ-lille1.fr:etud1
TRACE-81687-HdQtyn5OhcXomdu1HCEMhhrp2JYEPZLEyJF0pruRqLJIGvN7iv-sso-cas.univ-lille1.fr:pers6
TRACE-81688-wUzpHZzquXceKV9erCCCaf6HTdUNfd6KA7Blm6MuGYWJ3AhWt7-sso-cas.univ-lille1.fr:ens6
TRACE-81689-hpkL5z5I6oWfkprlNhYJDC4XQiQISId2MujbgerfUsbFacvPOb-sso-cas.univ-lille1.fr:etud7
TRACE-81691-QrAoEgaqZJ2z5D6z3LIpOVwsmGDfAdtAfod15caH5WIbJ3rcVn-sso-cas.univ-lille1.fr:pers7
TRACE-81693-vViT4PfcXWBMlFsfg69zd6tTtZKCZcMffAFKB5KTTzakH7xmW2-sso-cas.univ-lille1.fr:ens7
TRACE-81710-1aD4XSZyVnSwsZW3L6tqJow2VWJxC41tRKcxrfkA2na1FBbAIx-sso-cas.univ-lille1.fr:etud8
TRACE-81714-Oebt9MdTUw5gbFjwVvKq3uABZR3FCSrH0x5bBRVpofJGKiEkTS-sso-cas.univ-lille1.fr:pers8
TRACE-81716-H4qsc1TmH9mpYeQZBZNSx0gfI54sa19egAl66TJZ9AdYHwHUMP-sso-cas.univ-lille1.fr:ens8
TRACE-81718-EjuJdChs1enWrinERhggfyrixKLxihLJUaPSLNJjeHaE6vwjS7-sso-cas.univ-lille1.fr:etud9
TRACE-81724-pxsfxDCTY7pqjR9qoalitNkWYrBAgq7kgUgJO2Cb4WPRfZjF21-sso-cas.univ-lille1.fr:etud1
TRACE-81725-INcaD4lp7KTV2f4m1iQWraROsI522EpGZWVhfqzwf5OyvcBmnG-sso-cas.univ-lille1.fr:pers9
TRACE-81734-IQCe3Gebw4fQ75jsnJ5OAZwRCObbdSMlsjdejKjXqfez1GhdmD-sso-cas.univ-lille1.fr:ens9
TRACE-81736-p4FsOCYzqNQIMdrNcfMSM2xLSwuiOlKFhYXxpEMNeBWp466NE5-sso-cas.univ-lille1.fr:etud10
TRACE-81740-KUBT3iQCefnPSdDkBnseadDaThCtCZvwTdj5oYZI3hErUiwhZl-sso-cas.univ-lille1.fr:pers10
TRACE-81744-KkmvFJpa3a2jvt2pcwbqbWroKKtxBLOoasPCHjlu023yUHiA6r-sso-cas.univ-lille1.fr:ens10
TRACE-81753-nty17l0VWBZGha4pZsYPHAtclQcfy42PQq4WiNrsPuRIQWodCD-sso-cas.univ-lille1.fr:etud11
TRACE-81756-QambnfNzfk1QpnYpUBvDLFkymTz55ZGeqbdEKuMUXe4OeY1wyA-sso-cas.univ-lille1.fr:ens16
TRACE-81759-hAvEa0WDeQ6kKSUUosr7dOlp506bQVnxYn741BU45gdSlNaGVV-sso-cas.univ-lille1.fr:pers11
TRACE-81761-sd3OYee2kqALCHZqSR46V3lIhtk0LC7tB1ra1u2VBxXndPyPhg-sso-cas.univ-lille1.fr:ens11
TRACE-81766-U0x6AH3ZaYOnK36DtaFpeiybabVshXbFbKsrFJVSBuO7xgcU7Y-sso-cas.univ-lille1.fr:etud12
TRACE-81769-subgcKNU5ZTkLnqzIyYu016gajhfdxejrwf4YtSkvBHJFbS0af-sso-cas.univ-lille1.fr:ens1
TRACE-81771-2X0vWMuLbDBbpmBI5G4bpMgQdLrocyddxd6LW56ekpxdsGxdqe-sso-cas.univ-lille1.fr:ens9
TRACE-81772-feHYCwORFMUO2BVR4sUxgtc7eJ1rCZvwm0JQlamH2zQh4eRdCm-sso-cas.univ-lille1.fr:pers12
TRACE-81777-xmRs9TewgwDmtz07CqGxjvQVG2fjPY5w5rsrF3sgxIkS0mpbgf-sso-cas.univ-lille1.fr:etud12
TRACE-81784-PGsgFB7L2RFiYJsyNyqM1VQklEpVROMhpcyms4VV2hL7MJRImB-sso-cas.univ-lille1.fr:ens12
TRACE-81785-i0fba3z6mwhUcUoz4TMtO6tldbmRfALJdRazRCDgNupC1HqgeQ-sso-cas.univ-lille1.fr:etud13
TRACE-81793-5TWiRnJi745danKpPxn3MsQedkg23SpChopjHgTsdExQrMGInq-sso-cas.univ-lille1.fr:pers13
TRACE-81794-fOvetNKMfEMXCCp4pHRvc6vAFtfl2GDpNaF3KsAD1960drNP93-sso-cas.univ-lille1.fr:ens13
TRACE-81802-D6FJX6iJCcBTbUgH2ivLHhvpxfV3Tz293pyIanYZsr0zHOOHou-sso-cas.univ-lille1.fr:etud14
TRACE-81806-fMLTLawqbKfyhExJbEgTxES1fuFNryVuwMKWrjf0oPjdCK0PaE-sso-cas.univ-lille1.fr:pers14
TRACE-81808-jfgMUfqgrp6h5hwp1TJpdnqIzxSr7UktK0I0RfeiafBmReRnKl-sso-cas.univ-lille1.fr:ens14
TRACE-81809-ELNaL53qSfUnV3OLyaQGZ2e1mGR20rM6heblellBcVWSMEUMUg-sso-cas.univ-lille1.fr:etud15
TRACE-81810-N7AnIHlJjOogABFcSVtoxDsDwE2DfJifXFsjhN4pfjDzJ7bRNn-sso-cas.univ-lille1.fr:pers15
TRACE-81811-XPjkCqxufsvnMyXLtlLN9KUHpebQ17bDrH1bQGx3TzEudgT1a2-sso-cas.univ-lille1.fr:ens15
TRACE-81812-hkBj2Cqc0viAXvTefYvwKxU076bjzyQ5fdTDXfXFJOmEwuXYif-sso-cas.univ-lille1.fr:etud16
TRACE-81815-YNcNUH7dG5nO35cvJECcaoAeF91wNZom7fh925p2DPRnorYqeo-sso-cas.univ-lille1.fr:pers16
TRACE-81816-3Sgr6c1mwacPQdFmiWzCMyBqeZHJIzccp59lujismpfw3Filma-sso-cas.univ-lille1.fr:ens16
TRACE-81817-FQRlqeP5u12EctBf4sja3R7xBU7caZMrdxj3ajcJEe9bHJNX0N-sso-cas.univ-lille1.fr:etud17
TRACE-81818-saa574CGDzAeAWpTAEjpuf5nuiTd1lbfTp2IqcdCo1K1fgMoMm-sso-cas.univ-lille1.fr:pers17
TRACE-81819-guNveytnqbqWhbBM7RddWZh7S3IDt0yQGK5FKxDFmhqd4AC7VI-sso-cas.univ-lille1.fr:ens17
TRACE-81820-3I0xJtelcjt92UwCduMOXqrhHpykLTDODgGSeW2Apkes3LM5l2-sso-cas.univ-lille1.fr:etud18
TRACE-81821-hse4zJ1XFqIMIxw5hZROPozkZ3wGFVCbvakEeOZT6acxIpwlqS-sso-cas.univ-lille1.fr:pers18
TRACE-81823-LUK5ywRXXHhWI6NBljth9nxk4cQit60nYWVv2u1XkuM3RDnhJV-sso-cas.univ-lille1.fr:ens18
TRACE-81824-2iJm7eotBZZPxlGmCGLH0GeSf4fv0UhfKkvjxbyP0V91j2GbpN-sso-cas.univ-lille1.fr:etud19
TRACE-81825-ptXsj6huKZsWDAefZdm2eBr9fsHpsPKAdbQ0bme0U4NZXqIoSC-sso-cas.univ-lille1.fr:pers19
TRACE-81826-xX6bsyFaRGiCKrOHgnDUPhCCzbUorqgfsMOyVv6BRafyLMEluL-sso-cas.univ-lille1.fr:ens19
TRACE-81829-xdckFwRhxTApD50YI01S09RubZ04PmwtZF1sDzBa0lMc5qKAl3-sso-cas.univ-lille1.fr:etud0
TRACE-81830-b50hiccF5YSWjBsxtcntLmjRSgpIPRMW4Ae4gVsc9PnhrM9aeH-sso-cas.univ-lille1.fr:pers0
TRACE-81831-M1ekJJd3qQdJgvKdqdSvYbtGuCDp5Om7FdzvgkpmlOK4LsSKje-sso-cas.univ-lille1.fr:ens0
TRACE-81833-j26COERgPAzwzoc355xG5eNnywdxBTwYP2YEp2F2I4OF4TRK26-sso-cas.univ-lille1.fr:etud1
TRACE-81836-waYXdUQmD69e4CKY7t4KSBcVQcEAvr2lX5WPevhPSzok0kcWfH-sso-cas.univ-lille1.fr:pers1
TRACE-81837-wUbvA6Ftn7CMFRICzAhrO77gfzEJ5ZtKJ2R0VPTj6Xd7tlypXR-sso-cas.univ-lille1.fr:pers16
TRACE-81838-Wb5cufyCSALiOhS7QDLGX2dAZWAzKRXxSdF1NJ5rvJt9Y4Brwc-sso-cas.univ-lille1.fr:ens1
TRACE-81840-SUcmC6XzcQNe3PYvmxZ6I0wIgmYl3PBdcvlpjUun3Ac2bLjy31-sso-cas.univ-lille1.fr:etud2
TRACE-81843-nJWUdw3r2bk5YH6zRJf0TXefnN4yUqrGcskHcGVaqWZagoyRGG-sso-cas.univ-lille1.fr:pers0
TRACE-81849-oyNvIBN5Cs7FNs3EeBUfa3cqSoesoamVntE1VaJjkbffDuCazM-sso-cas.univ-lille1.fr:ens9
TRACE-81851-B3OGC7cXsSOcjYhc5lfBwLYbJOzcanVKxdpLp0eC9XwqHVCu4e-sso-cas.univ-lille1.fr:pers2
TRACE-81852-Ql6FWydm2Kg6ZjRbXq5psVbISY4obEe7cw3clMv0NedQbTlgpr-sso-cas.univ-lille1.fr:ens2
TRACE-81853-PtafvRZiELYvZuYwN61Ldw6OvNYLTtSMUGuJGMSFstlw5Yjw6J-sso-cas.univ-lille1.fr:etud3
TRACE-81854-2vJtwxKaeovAHhfaeTsN4oVSfE0DXHfUVKxhsJt07Ilc0EKd4d-sso-cas.univ-lille1.fr:pers0
TRACE-81856-tJaP30e51gfcSroblfmloof0AQRQd9ALGgpXJcXcxVjg2H9p7n-sso-cas.univ-lille1.fr:ens14
TRACE-81862-1jju4GgVKpQMLODem7pfwVseNYbPyjV5wPyiCW2yHYyabvV1D9-sso-cas.univ-lille1.fr:pers3
TRACE-81863-xmES0RwohDewngCrRzAb9KAGEk0QOEWL0Lp5qJ7GkPPT2PCdn7-sso-cas.univ-lille1.fr:ens3
TRACE-81864-xvGnPGwfhYwPNEpxRz2UwKXcZG7haX5JIaaPVWFCmTVP0dtYX3-sso-cas.univ-lille1.fr:pers19
TRACE-81868-KaEAWH1FW7sNR73Y6PXdwRogDMcEpbcl4w7YwfBPaP3nTs5MYv-sso-cas.univ-lille1.fr:etud4
TRACE-81870-z29MylmGrq2z2gpgxWYMJ5MmeNBDLHmQu4yS7VZP1dwvRf9rji-sso-cas.univ-lille1.fr:pers1
TRACE-81873-RIKGsaZ4bIGdW7AdTD9EAAGHZJTq59XGdskeGtfdGbdJ1EDpcS-sso-cas.univ-lille1.fr:pers4
TRACE-81876-RdGSa3aPGavnJddKePuf710Ot7MoidGO6KfDaB5tVFTiwhE5MD-sso-cas.univ-lille1.fr:pers18
TRACE-81884-ziSevI3M3ZkySKqk3gCTSIhkMCNn3dz56XT0yVsbNgUkR5AVAU-sso-cas.univ-lille1.fr:ens4
TRACE-81887-WeZnEzPvMMDgSJjxod9oPyEaHfiPDYoRJKklmrfLzqdUX07AdH-sso-cas.univ-lille1.fr:etud5
TRACE-81888-DtXpVlWMDeMdECawfVrecMeETvPofQmlifRgmASfD0f9Y7FSJR-sso-cas.univ-lille1.fr:pers5
TRACE-81892-yHnoYR3HiHXl1QROCJfFjE2lh9YoiJfEfq3lxlGG05ySs0eesb-sso-cas.univ-lille1.fr:ens5
TRACE-81895-EzcE4I1ChBAx5uq9aNfKl3nsyTNKtd2zqfqM2jxpEqpoPI2gKk-sso-cas.univ-lille1.fr:pers18
TRACE-81896-HN5zy4oi9GaDdndVkfywVpqTAVTl3JePVo7Ye0eIhboaPzVZq7-sso-cas.univ-lille1.fr:etud6
TRACE-81897-nwvOw6y6TNNKIqjRfsPqmyKedYQUQZQT3HHaPInA22bVaPJYGW-sso-cas.univ-lille1.fr:pers6
TRACE-81900-L0DpwyeRawPUOYgHt279cMAsK5fkx5fwm9GCYQYMYPbMwIAtqb-sso-cas.univ-lille1.fr:ens6
TRACE-81902-LIA0OoyWEUcolEpZdmXflqkVrIR33G2Zkk17Glrdz7SYja4pk3-sso-cas.univ-lille1.fr:pers7
TRACE-81903-Y1dlmKl4VSZysQ1z1TbOQKA7CKkcxuFgp2iL09rAgPfOe6JYh2-sso-cas.univ-lille1.fr:etud7
TRACE-81905-DjIXPQqnFPcHmWsGTXrPnKhpbnbqLqdRcszbwacEKidC0XQWMO-sso-cas.univ-lille1.fr:ens7
TRACE-81909-GEfbOiaENHXfNcbLkovchiaeaF2hO4yCdJQZLKF1JV4k65spwc-sso-cas.univ-lille1.fr:etud8
TRACE-81911-qRH9XiGhwWE62cjdukcb6ByxHuTH6LDJEzFZtKjEOfmx0dhgtT-sso-cas.univ-lille1.fr:pers8
TRACE-81919-dBVl1FNf3MSIAademQPNEkUIytloKLtXGmQ2prsttPazCHrn9g-sso-cas.univ-lille1.fr:ens8
TRACE-81924-wgLeZJANmWEv1egbOIQidGLKT4FSFH4FwiSEFc7D6cGNGxtYvd-sso-cas.univ-lille1.fr:ens7
TRACE-81934-LnDPTgUDS6St3ayPCLSenVqNbjfXPPyvJSLd5PXUrg9PfLGYHy-sso-cas.univ-lille1.fr:etud9
TRACE-81937-RBgcRfu3uKz4PIDKgB0H0O0jGGffZSIgQMWDUegXIrSc7g00bE-sso-cas.univ-lille1.fr:ens13
TRACE-81938-k9DFAdvdLhFQLSpZ9ggboO3ULkorUndIYJ9eXFUaDYWHY7FYQ4-sso-cas.univ-lille1.fr:pers9
TRACE-81940-Jw0d9HSEtR2QWzcXbp9bnPjotFwSfG7fKKJsFbyYSSmB2c7dvb-sso-cas.univ-lille1.fr:etud13
TRACE-81943-a2bI4mmC2GTtcUBXeqsdKV4fjbuVCemflgzAtULbGfrlmmjM2b-sso-cas.univ-lille1.fr:etud10
TRACE-81949-ongsnjEzdSgpc6ZQPWof0a6iRqPdJ3D14A5ml2tgHb5dw2Zks4-sso-cas.univ-lille1.fr:ens9
TRACE-81950-7bqlNEs97adq1vFCd5667zi56sEqZxcNnajsDnUXLCYMqWZexv-sso-cas.univ-lille1.fr:etud10
TRACE-81956-AnxFrBs0wuAGc4hC0wFguvPchXKmZLOw2Odb7iZrfaIcAhgKYo-sso-cas.univ-lille1.fr:pers10
TRACE-81960-c5qLsVtPMAOUYeitra1ahwOswJbdbTWGt6eTIX0U04tlnwZZTA-sso-cas.univ-lille1.fr:ens10
TRACE-81964-pAvjcm61nf7JVgl7BaB503zT1e4HuMXefmMEWU56UCoDaqD7ok-sso-cas.univ-lille1.fr:etud11
TRACE-81966-yXQfRef1tN2Qwo37sxy53pXdVzlYtebpTSoiIUqPtZg3A6bMSS-sso-cas.univ-lille1.fr:pers13
TRACE-81967-s3TeoxwnelVdYq3cdM6BIFw5GXcJ0brtt6pqRG51j7qmtHeFGM-sso-cas.univ-lille1.fr:pers11
TRACE-81969-F5UZDVMXNo1219evK5s5bZ5F0vS05R1gt2ZWBA5q5uOMA7EgKI-sso-cas.univ-lille1.fr:ens11
TRACE-81970-VFTr7gOXyqQyxcZa4sdTUFUA9rq7HNkBdzAwFrydAR47MhgLyx-sso-cas.univ-lille1.fr:etud12
TRACE-81972-1o3JczfiIov2QtnKTgjyRghhbfCg1flfcJhyno3Bt9UgBCbCnc-sso-cas.univ-lille1.fr:pers12
TRACE-81975-GSudVpdHJxtGfxrmzGBBiD30CNgaK0QNje6ZCb9PLvFa2QH2gd-sso-cas.univ-lille1.fr:etud13
TRACE-81979-2gPENKVGgaYrJ27NanrxStg9XRCUoD3ttHcaUxfabcBBt5S4vQ-sso-cas.univ-lille1.fr:ens12
TRACE-81991-DjHaTrXTdJsdLjjFLZQ7Or3C7FUb5WvfsbsPNNwE7iJbAofySR-sso-cas.univ-lille1.fr:pers13
TRACE-81992-erbtOg5ndcP2CglIq0uGjTFcaeddFnsEoJgbdVlsnNcphMmkYi-sso-cas.univ-lille1.fr:ens13
TRACE-81994-hpNFq5JNxDdw4C3Fr4xqafe2Er06ndR5LW3NcXg5lVjMxxCYb2-sso-cas.univ-lille1.fr:etud14
TRACE-81995-nahJ1ejrgrpc6fG4dvSNxpT2SZbt6M4hAHKLMebDMOgEA9TQtY-sso-cas.univ-lille1.fr:pers14
TRACE-81997-bS3bW9lkFerktjr2ER3ynt7Jqm6a5cFna7pJfRCnq4nhW7lWiw-sso-cas.univ-lille1.fr:ens14
TRACE-81999-Qs5e1KcpYbmgzov34IDHJdSXuO4nctgKxeJUEXw7cgzM47La6i-sso-cas.univ-lille1.fr:etud15
TRACE-82002-vgqe2MJsjloBAj4wTa77odkrfoSFwBF1kaYykvWPOvCPkfEcQ0-sso-cas.univ-lille1.fr:pers15
TRACE-82004-OeXgN9bF5k1Hz2HoUp09DrbbLG3lcwBOFmpW73Mc6ePfSpjv2t-sso-cas.univ-lille1.fr:ens15
TRACE-82007-0fZOVc34Te2Il4TW2dWNYykGn5R6kaZnh0lhYguH2k2nKcbf2h-sso-cas.univ-lille1.fr:etud16
TRACE-82012-95Lagnb6nBUuSRmwLJx2spKCehrCx7HkmR6lQccjamSigvsNea-sso-cas.univ-lille1.fr:pers16
TRACE-82013-0cLYoyVhhIABqIfuKoLtrulgeJhv3SvchnPIynLoAn10Cipe2Y-sso-cas.univ-lille1.fr:ens16
TRACE-82015-KdB7ksPtW26MOnopPna2ibSatCHljMfAujPZs3vABbRNomyCO3-sso-cas.univ-lille1.fr:ens15
TRACE-82020-QeGSiWDzYm0aPxCiuaiBVV4JigPhLzukBq6CTqcfEq3sonIudA-sso-cas.univ-lille1.fr:etud17
TRACE-82021-OmNvbdaxnF0tHCJhDianz3hNmY9nTRhK45xTrJZdmtGBzSgqrk-sso-cas.univ-lille1.fr:pers17
TRACE-82023-QdkxCVamyMENZsqViDe16zuyHebOzldjfSlTpBvtZjODxyTNQR-sso-cas.univ-lille1.fr:ens17
TRACE-82030-dfPBKC0ccNpX0sYEvrcULXvfDc2EpdkqeNfjrETTJJeWabwpqx-sso-cas.univ-lille1.fr:etud18
TRACE-82031-Dxw02HlW4fdzjrGo7tWKZsScv4EqwALVBhgCafUZjcxO9DMMNw-sso-cas.univ-lille1.fr:pers1
TRACE-82032-GCqWfAobAWn0wGdJfvmtuNDTJn3g6xdTHfNZQSNNA26a1OjfY9-sso-cas.univ-lille1.fr:pers19
TRACE-82033-b4piF6YRq33bvFwgLWVqkEgrGdFixAHmRqodduOsqIpGsORpha-sso-cas.univ-lille1.fr:pers18
TRACE-82035-PZqDsP4jcXFaNil3mJucjd2xecqGcTgVa2cYMPcwJeKdrwBUOr-sso-cas.univ-lille1.fr:ens18
TRACE-82036-nwLEZQYq2eXBCqJcFc9ssnBFbufy1v1rU2JsqtSCarYwbn6kAC-sso-cas.univ-lille1.fr:etud19
TRACE-82039-RjxtgnZh46Q366lsCFtvlVs4xvdaqmTbQGvmseb40PiZqntujz-sso-cas.univ-lille1.fr:ens19
TRACE-82043-ecaF2uTLEhxJbvwVtW1ZDYcJay5hrg4VIfIXcc5FZpBJc2mxFf-sso-cas.univ-lille1.fr:etud0
TRACE-82044-f2GBHoe2zj6VLs7vHKDUiA1mdIWTmRwUbAz6sG76tUZ1PYtiFI-sso-cas.univ-lille1.fr:pers0
TRACE-82046-MgE7uaVDlfboSbgGXTer7LVt9HHe4RiZaUsCTTGD1I5AzlUEXe-sso-cas.univ-lille1.fr:ens0
TRACE-82049-nXNKclf3kDC7Pv71bI3LWLaf5ZYR7go3cGgfMoLnMnjIMdi5G6-sso-cas.univ-lille1.fr:etud5
TRACE-82050-EiwjbFfuDRITnY4ejhVldccjskPK3bMdHcTYoiniO2ccYHMSuQ-sso-cas.univ-lille1.fr:etud1
TRACE-82051-gDJCarrkmypmX13bj13UaaSNak6SXJ642pC5PGLXBccventDar-sso-cas.univ-lille1.fr:ens6
TRACE-82052-7FylPpTvnfEdWwfIxwzHFpR05szoegR5NZbLbCwmsUcOXUhIOx-sso-cas.univ-lille1.fr:ens1
TRACE-82056-AVJnk6X3hbMuDRNk5MTJRvIUW2pw5GexO9obfGd9EgAGTfu231-sso-cas.univ-lille1.fr:etud2
TRACE-82057-mH7HlSJbLqrwTIuwKSxTgwJeDCAVy9Wboy2ijT2oQrSAz9QaQe-sso-cas.univ-lille1.fr:ens1
TRACE-82058-GWcNhgnwCS0p6E4MJihxUVzpvqsgZIGCPwyXFH4bbmqgaA2SZw-sso-cas.univ-lille1.fr:pers2
TRACE-82059-HAGwSe5FQQDG1eKXKb4kWrp9PzsIf7vCPbL4twHxF9d9b9v9y6-sso-cas.univ-lille1.fr:ens2
TRACE-82060-lsrKOETXtq27IcYRL3gakaYimUlut4eZOyKcvuUUuq07JGCQdB-sso-cas.univ-lille1.fr:etud3
TRACE-82061-FRd7ceXtcxdXeECUfcrTbVGvkc1RqzqTB9vtAp4wwHNChBO7OI-sso-cas.univ-lille1.fr:pers3
TRACE-82062-0BAyvO3LXDNgs9hBFmEG2dkyUtrvhYs7UcebGupUuF17Rlo0ro-sso-cas.univ-lille1.fr:ens3
TRACE-82065-TV7dOfyu6IbRY2KR4gk3c5EmIATjW5bpfb6yFIUFUsKAiJIGAS-sso-cas.univ-lille1.fr:etud4
TRACE-82067-5Oa42ieYgFAxteVFTvmp0ox0wX9hD29rQxy33wMH5JUqs9wX7Z-sso-cas.univ-lille1.fr:etud4
TRACE-82070-n0u3gBKQ3abszahgW2lqQz954cgtlOZTfZRlREQV34aHGraTP9-sso-cas.univ-lille1.fr:pers4
TRACE-82073-nledqMo3dpqDpo2BRUtpFhbavNERd0wqBsyNwQKX9igv2sd33N-sso-cas.univ-lille1.fr:ens4
TRACE-82075-7RZLCCL5XAslc0l4nc2J1eSjFXUvrgrKgmJib3RTuOlypBQC5u-sso-cas.univ-lille1.fr:etud5
TRACE-82077-q9R04kXlNde4LAqrLPqfRySMm5HsdfE7QzcAe15mFg1ilCBvR1-sso-cas.univ-lille1.fr:pers5
TRACE-82082-fqhWcnIIkG3eDVDmH2kUBhUrGULDNd4KqO7IUF1OgzoV6bcyfj-sso-cas.univ-lille1.fr:ens5
TRACE-82083-M6O9JzKGgJiwhSuw5UIhoN0RqjAycfySyzbWzXtJKXGPklFisY-sso-cas.univ-lille1.fr:pers8
TRACE-82084-T9J9vlP1E03VeL4a7offTLvfHqwvCwUwdQOkb1MppWCOnjtchS-sso-cas.univ-lille1.fr:etud6
TRACE-82092-4EDhcJjVJHlbSakc4xx0gtSOc3vpYv7CkjGhyxa0y9eRUNYJcr-sso-cas.univ-lille1.fr:pers6
TRACE-82093-zGfmlLjAMVlpSiyG9XedCrm5HDkeceOHbhQeHKEz5cwfw2wRKb-sso-cas.univ-lille1.fr:ens6
TRACE-82094-VNRLpAQdEAmFa1OxntDm2D2F5Yjn6TNCWkbXIjU9flOxLI15TY-sso-cas.univ-lille1.fr:ens6
TRACE-82096-KcSuvlqcDkwtDngafHPv44I4OPvPAudv0ETOeFepPhDmu5UgJQ-sso-cas.univ-lille1.fr:etud7
TRACE-82097-To1qtWK6M4WYcei1RkPeifoIsH64GTXcCoGTXBjCcVK5u7rOKE-sso-cas.univ-lille1.fr:pers7
TRACE-82101-CJd40fWZbOfbZa3kIcFtYphSZUWvE4MKSUDZ1azcbaG4HRTGEf-sso-cas.univ-lille1.fr:ens7
TRACE-82103-SFYkNdycfdCcfmAmmiFP9zjQZNLflvHmxWOETwfZyCgs4xH7MJ-sso-cas.univ-lille1.fr:etud9
TRACE-82105-2IfircWcoM40B705qJLEqCLkRc5jAnnBJFutzMEzZaXaIuVXrf-sso-cas.univ-lille1.fr:etud8
TRACE-82108-TgDFHiW5di9ZMVFlwiLkzq7PyBsSdgfaZdLR1reIuKgjAQxMUM-sso-cas.univ-lille1.fr:pers17
TRACE-82110-lkz4KZBnDfQXddDVHeUKpfGtJeeJdMKkgR4MLVyPjbfYYGq0BX-sso-cas.univ-lille1.fr:pers8
TRACE-82111-LLjIh7VseeVxvWVHzOsXAEHTdzxbp7qrvHZsUTZ2ePZEc7X9BD-sso-cas.univ-lille1.fr:ens8
TRACE-82112-jHjMhQEDzZDwd06nG3HpyyejPBB4U2EWi1HfEB1h2YvItX6RyC-sso-cas.univ-lille1.fr:ens0
TRACE-82113-zbc579gBsGYuRPwbnKDtHlUXDnqAhcwRayw7ZLrFrbD9AWmzbm-sso-cas.univ-lille1.fr:pers0
TRACE-82116-PveUIH2B146Iw1Iw2iLAOnIDqwQpvlJvuzyILGbwuHVjMJKAlT-sso-cas.univ-lille1.fr:etud19
TRACE-82119-N9QGgxdhrShvWVepGg5AbnVtiNSr7JTiv0uBBlEscjKTawhQu9-sso-cas.univ-lille1.fr:etud19
TRACE-82125-xKAd1iE9ggDfcTTmrnKbehaAbuP427W0ns9R4em2eBm2Hf9qUb-sso-cas.univ-lille1.fr:ens15
TRACE-82126-szOepy2qfzEucMtJnKDtMcvPHdyZCM2bLAoFeLSQZ50Macc6sb-sso-cas.univ-lille1.fr:pers10
TRACE-82131-GUsXMgpAcKeuBA2kZngvFA6GeYG1VeabO34jSglpjWHMj0bAUw-sso-cas.univ-lille1.fr:pers9
TRACE-82132-TzdiwAvmrs61XRCLRMIbpye6WfImhzOeekfDMjLWUTytbO9cLq-sso-cas.univ-lille1.fr:ens15
TRACE-82135-jzsmsMfIzBOztmhXFZUngdRoYs5Gea9u0GiHHyqcHeIMmb7B7Z-sso-cas.univ-lille1.fr:ens9
TRACE-82137-3ph2FkT4MnqsENsxyaP4VuEuwaR4bvbSJemwUDKdkbLk0Dh4j9-sso-cas.univ-lille1.fr:ens16
TRACE-82142-7AVGmCIZfxfLoCCMXVgV63jPEkccZrnMCbuloxviqefcYBFGwa-sso-cas.univ-lille1.fr:etud10
TRACE-82151-mfbetMr1DfZkSzumDpfPTZY2IibGfwqaeY3b133DPOXq2UmCdR-sso-cas.univ-lille1.fr:ens10
TRACE-82153-ef9afj3Feukf4akId7bfbfP253rPfr6hhXPs3W0qOODwA4pJyY-sso-cas.univ-lille1.fr:etud11
TRACE-82155-c5dCiutrr5jgDHHYgLROxVYwff4tVWvH7mpWT02JfsYSZJoOwz-sso-cas.univ-lille1.fr:pers11
TRACE-82157-BZP2QCl3Xx3yewchofl4fFxVgx01kEKLzEcxOa2DW6mzew3hzg-sso-cas.univ-lille1.fr:ens11
TRACE-82161-Xxn6nC7m5uJLarRdU3hPyvfSGNcq2aQsXJmvGI97ndPPdGSz5W-sso-cas.univ-lille1.fr:etud12
TRACE-82162-plg73gE7ufdsRDSXn3ZiiY3dFKAtrKkDGQ6vMqS3vJB1UFtvjG-sso-cas.univ-lille1.fr:pers12
TRACE-82165-sWzbqT1fM1sMJ4V1kq0dw0nymA2tPoxzvKyFWYxsI9bBwjikUn-sso-cas.univ-lille1.fr:ens12
TRACE-82174-HgRJJTmE7dY7ucLcU2tVJA5KfcwQNHWGkPgxu0WhBWcfzG2fwh-sso-cas.univ-lille1.fr:pers0
TRACE-82175-1xd2RlnfKSycgEsAnd1sGEg1L09mQag5FbTI9ZK0HEdd4lztCV-sso-cas.univ-lille1.fr:pers18
TRACE-82176-C4rEDUQ1ylYa0UiqJlvzenchfXRbOyF1cndfLEb4MGCpj96rGD-sso-cas.univ-lille1.fr:etud13
TRACE-82180-xFUCTvgSATtwKRNdnTTdQdV757h96XI7kn2FxPsicM2PYoQBAG-sso-cas.univ-lille1.fr:pers13
TRACE-82182-5dH5qKWkJTogSgjrcZVdsoGUryLIgkr6cyU13TEkyl5KYMppSF-sso-cas.univ-lille1.fr:ens13
TRACE-82191-0Ctdak6m2lgwHrD2jWy25PvU7gucw1cK6ptFcfXNNhAC97eTli-sso-cas.univ-lille1.fr:etud14
TRACE-82192-gVbp07q7UypxQRhwTicf71iaWNh1fpKB0ykCm9EnwqSvu7b56a-sso-cas.univ-lille1.fr:pers14
TRACE-82194-hH0RdgUOIBm01vMq7z1oGtwaqFXQbTfz4scdLjtajreqhLUOpI-sso-cas.univ-lille1.fr:ens14
TRACE-82198-gzHccmGfu3BeXy9icjsq19MMF0AyFl3osutAUBirG3NYzW9JgJ-sso-cas.univ-lille1.fr:etud15
TRACE-82200-d30CEDI9mXOGs6LaQilMnLafdMK2eexc7zKkHnqjqs2GjmS70D-sso-cas.univ-lille1.fr:pers15
TRACE-82204-iu4g1oqrJEudwbGEXdk9qjnksKkUn67O2JRhh3AyLgHM1geCUJ-sso-cas.univ-lille1.fr:etud14
TRACE-82205-v6AlXoqtyVGnwuHpap4rRAB0MypIJt5MZsd9gbhJ9K36CyHsLe-sso-cas.univ-lille1.fr:etud16
TRACE-82206-6BbORrtUSg7kjwtbPDOHSVUqZWfm2bIcXMezQIcVXVY6UeUBUc-sso-cas.univ-lille1.fr:ens15
TRACE-82209-n5Xd3j4RDHefLQFY7xzyxELAeUxHosIYQhn3cgsGVakkeXx6U3-sso-cas.univ-lille1.fr:pers16
TRACE-82214-efBeMLnCEf1FW5BENtXWWpucls61bzRaGUNY2hgRsKMYblfQER-sso-cas.univ-lille1.fr:ens16
TRACE-82217-zpN2PvbogJ5zgNWGkrYeYqIAPTWID4naQjHGCFhoYs2QIVZsbT-sso-cas.univ-lille1.fr:etud17
TRACE-82219-iCcAZziXlMtMPe4HouE6Y6oIW5FlQ0CKpLecHyiBnomN4EwhUo-sso-cas.univ-lille1.fr:pers17
TRACE-82222-pI1fhjN2Di42ciEUa4EnYeVYAVW9pUWNIMHd2bRD1ce5bfqbNp-sso-cas.univ-lille1.fr:ens17
TRACE-82227-GgHfhzsYKPg2Fb3GhDTllB1aPZyde3scGrEN7Fb61dYN7h5JXE-sso-cas.univ-lille1.fr:etud18
TRACE-82228-Y4CvNe9QkdJJiTbTUxd6vMIaroLXc2GTOABFKxqappCSoyrxLp-sso-cas.univ-lille1.fr:pers18
TRACE-82229-X7TbYOzdbqmJhHxASG7v66wOkrpNc9gnkcOvry74V1YoU6sMFM-sso-cas.univ-lille1.fr:ens18
TRACE-82232-9MStTKH3JIyHEUU5DdaRAH7tRM7aIrmkeOfSj95egStJ5GCVSQ-sso-cas.univ-lille1.fr:etud19
TRACE-82233-9RTLRaKWCMIi7gv60EzTdtw5LImGdC1WJFNNe1Zi57cFOxnLkm-sso-cas.univ-lille1.fr:pers19
TRACE-82234-AuyqARUhJWE5lEgX2xabtAqmadXmCQW6mpsJgZI6nkffNRe4tC-sso-cas.univ-lille1.fr:ens19
TRACE-82235-IDzvMdmAohR0tiy9caUpHEEkkhmlZbfdzBKoNKeG2meK01T6jN-sso-cas.univ-lille1.fr:etud0
TRACE-82239-42KRfPfCawoUg1mGhb4tgcbqommfeo79E3CU0msDEVMYwcJAWq-sso-cas.univ-lille1.fr:pers0
TRACE-82241-TULqbxHidiW90I4iDfLdQTVSGCcH9s4k7pwsnSIcUzRH7LD1T5-sso-cas.univ-lille1.fr:ens0
TRACE-82242-tHDahYf5Flcj5rmkFbdUd3j62NCpZp5mpfNnwxTYLjUZieOqYc-sso-cas.univ-lille1.fr:etud1
TRACE-82244-nVpSmQk1CzwrxzinOzk2QwOffTyAHy1I5kbHSIeOFdyjUALggi-sso-cas.univ-lille1.fr:pers1
TRACE-82247-IPlnPD0hit2GXup1etucumlocujkbz1HdhU4GoHEraffrUPzMP-sso-cas.univ-lille1.fr:ens1
TRACE-82249-0Vb3oh6GsPqvUCKFzQQTAVzAa01A5jBbO9HMCeAMbUquYKZe1F-sso-cas.univ-lille1.fr:etud2
TRACE-82250-6zvaBIRs5ARta4oHdcUBY1iSjscYs0df6UnNvSZye2EvE42WaI-sso-cas.univ-lille1.fr:pers2
TRACE-82252-KafKkD6qmvJWYt1foxHUtcrdPC6Q3Yu0Bey7OrXMxf5YSnssj1-sso-cas.univ-lille1.fr:ens2
TRACE-82253-QkZ2TugoY7gwotsm52i4QaRN9hkSzDbNslvhTHB3zaCdcSLabc-sso-cas.univ-lille1.fr:pers11
TRACE-82254-4eWPkVew5h19w0LEqrIMTdeXkqGsAIFSbrLTzYXC2WZK9aybPO-sso-cas.univ-lille1.fr:etud3
TRACE-82258-pwSxY94xOpIz17CIgs7EfdBs4UxxeSYtVMOVPtSbAYrHBtrN0M-sso-cas.univ-lille1.fr:ens1
TRACE-82259-ZsFPPksc61q1zTtrgKx6473yZnspi0HpHex7QYWIGOcvrertCK-sso-cas.univ-lille1.fr:pers3
TRACE-82260-S0gihCb9ZDbdYkZL3VjlcvklMYV439m9cXeZXAZgaLdDfxUHJd-sso-cas.univ-lille1.fr:pers14
TRACE-82262-EHEc0WT3L2wH3aXFkFFDcmP0GkuUruXN6AqCGnf7yoEZ3Qwtr2-sso-cas.univ-lille1.fr:etud13
TRACE-82263-2DsHEmvYjj3xBWXaFRRC2n7g2NbGxvokhWoxdaFr7vfxCRxlOW-sso-cas.univ-lille1.fr:ens3
TRACE-82265-K0eLElnWobaaxRFV4rUeDbUxbwcY6DKgWecj6etJxtMMsjuVJg-sso-cas.univ-lille1.fr:etud4
TRACE-82266-64v2P7hvoKvkGKnzcf5swkHfEedSPBexrxx559ndftkZZ5XTQe-sso-cas.univ-lille1.fr:pers4
TRACE-82267-Ju6QUd4e9sXckyJ2AC2ewD9u9GgLH4zoxPrcwC9LxEfebvaEBs-sso-cas.univ-lille1.fr:ens4
TRACE-82274-NuM7KumQbr413A7djGczb5e0BQCgQZ6YtDmbScayTnbDIa4C1L-sso-cas.univ-lille1.fr:etud5
TRACE-82276-cQ7Ey4bV0Pn6AaCGVeRC7MWFd15NWOpPrTBG5P0kwka6TMzFlv-sso-cas.univ-lille1.fr:pers5
TRACE-82282-SqGUHLvd9MjNSr3clYM10AoEWzK5gjrrBZmD9ysklkafehC2Ov-sso-cas.univ-lille1.fr:ens5
TRACE-82283-wlabCrwMdyoSWf0n6ECsselCavUgGnQOTlrtEk4wipajheq3ne-sso-cas.univ-lille1.fr:etud6
TRACE-82284-Mlt0ydUVe9Z3ekzjbrZJH3fpsB6uUcnuh7rg2gQKHGC7wRu6iU-sso-cas.univ-lille1.fr:pers6
TRACE-82287-xTVEVxI2ltpD5wGCWCdh7Lub0bSmmhd1CErhs60MgUoargVssg-sso-cas.univ-lille1.fr:ens6
TRACE-82289-2GRta9lsCrydBWwfDdIsDYWMFVLM0wa5YufoTC2o2ebFGF4apQ-sso-cas.univ-lille1.fr:etud7
TRACE-82295-QzcJsnoFr9YgUyM9qhAtYOOyPWQgjIUFo2kQhdEf3tOiXU7M2i-sso-cas.univ-lille1.fr:pers7
TRACE-82298-s2cZ7LqB4IbzMJDVSkQuVrTykbO3cQdVjXwgKtVbuhX4wOUJF7-sso-cas.univ-lille1.fr:ens7
TRACE-82301-CCHoDMyFa02sych6s4U5PrPXyfMuc6xyvquW5WwuZwlkJjmqff-sso-cas.univ-lille1.fr:etud8
TRACE-82304-nNBBmZOIN1UZ3A25gdEQyMAjYjanbObKUesyC4URdATOTnUBAQ-sso-cas.univ-lille1.fr:pers8
TRACE-82312-MKkD19T04OLEob7vaOQEjuhb6mvpMBnCd17xnQZvP4XSpq5wCa-sso-cas.univ-lille1.fr:ens8
TRACE-82315-Mcg3dzdUkkWUec9QldsezdgMtCADn3QFlgXVe3vVbmb5GZuggo-sso-cas.univ-lille1.fr:etud9
TRACE-82316-Vl6JdYn36Ap94WwjU96TgT1V6PwKape60N53ClPwDmGv1OgfLK-sso-cas.univ-lille1.fr:pers9
TRACE-82321-bSa3CmdQFcTR2alwTV7MZEogMwoSHlQxdVQaJibKlxgYfyNHxi-sso-cas.univ-lille1.fr:ens16
TRACE-82324-AcgA7VweqMYLE442RhwjcoirZDBzOouEmrwN7Tn9DzMEIK9mha-sso-cas.univ-lille1.fr:ens9
TRACE-82325-Lze0ZqWiGFAmfvP7ZRKiY6TQwCSoU6LlJffIeUxG0qPcozGuTT-sso-cas.univ-lille1.fr:etud10
TRACE-82326-fF61TJJbedIyE3mGAyrEzqccNsXVedosL1exdntyKkTqNFga7u-sso-cas.univ-lille1.fr:pers10
TRACE-82332-IqNveNTAmlRiHKMr2zfeeZtmdmWHYDbHIwUMxhmqrqePi0NbhP-sso-cas.univ-lille1.fr:ens10
TRACE-82335-1bpELverbvEX4XJUdcfepB3Kk5dNAR9FjxvQvHjKC1mOo7DWPf-sso-cas.univ-lille1.fr:etud11
TRACE-82336-Xfp9t0i2zp3XUeGjZdzuAOhJPYPiy0TAu54lUsU9g76Oh32oam-sso-cas.univ-lille1.fr:pers11
TRACE-82341-vkTas9wHNcNQ4fLjw5NJPjlAPr5Sbdn2EbAhKVzRPXH5PbITMQ-sso-cas.univ-lille1.fr:ens11
TRACE-82343-d2GCBEl9XIM2yuOqbfhIE7sox9E3o22nhkVm6MAUduIMrDDOLa-sso-cas.univ-lille1.fr:etud12
TRACE-82344-tDvgOFZNjAB0wuFZqsAkYYbYUCDUeHotJSePUmxdJAv1mhwHmD-sso-cas.univ-lille1.fr:pers12
TRACE-82348-AIKu1QsqMTuxQVddHj5kUOgeNiBEmLd3difBTTRDArRIkKmBwE-sso-cas.univ-lille1.fr:ens12
TRACE-82352-7hydccBvIxp45EIdeMEkGBMzMPsnkhKywYTs1K0oQGocCL3DrO-sso-cas.univ-lille1.fr:pers13
TRACE-82353-RQPWndlC3OAcYZ7H1sf6rddx9VPlf1RiqRPCIBy3vO3cE4t5qK-sso-cas.univ-lille1.fr:pers15
TRACE-82354-ue9LYiJzYNwC0flY2ECdm7YUBswkZovwIrRcfQr1qStPQH1ekR-sso-cas.univ-lille1.fr:ens13
TRACE-82359-0gXdoqvcRWadIv1Nus13xdj04T9sEdzRli7uiRvQbu9hJd5Fmf-sso-cas.univ-lille1.fr:etud14
TRACE-82361-vCKgldjmDxXuPAAM2eCQEtxk7SeRwdFtYpzzZSphfb9S6MtFFE-sso-cas.univ-lille1.fr:ens14
TRACE-82362-agWCT4HL4dj4JsmKa4dfzAfh2M0MVp4FnsN0HTXpzRcbOKOhTi-sso-cas.univ-lille1.fr:pers14
TRACE-82363-Bs9fc7ZDDNey0vjiLoqZUGxCN5QxegH6xuJSMXAnU24iFdInaJ-sso-cas.univ-lille1.fr:ens13
TRACE-82364-ce492lfCQRn9ULJpcN2rcGbPSogEsxhHfgeJxTEtrYnAG5YlD2-sso-cas.univ-lille1.fr:etud15
TRACE-82366-Spf6xou3ZrdZE7M6PhK5h1LzMNgfPdzwrONdNqLV0ZSKdzSI5b-sso-cas.univ-lille1.fr:pers15
TRACE-82367-ZSQHKhn1OxCy4ENeLWvLeSFsfSPPUiWbauNhLys2RWtLpUQtKl-sso-cas.univ-lille1.fr:pers7
TRACE-82370-YqYhXVoAW5cueklJkdcSJvGbLxco4RjJXYRYb5qVCXzgfLCbZD-sso-cas.univ-lille1.fr:etud16
TRACE-82373-G54VcdeCRBv7CN6dzLZpnegUZcUI5idqNzaP2m72rxJwsNfctb-sso-cas.univ-lille1.fr:pers16
TRACE-82374-PVXJjecW2Hbg4fcft4nsFHh79d3kjQheKDxpm5vlvDx5TNpWAr-sso-cas.univ-lille1.fr:pers17
TRACE-82376-EabUNQjHD4PNL0laUlTkkmdp9xc3QT4JoLfnDHdAoJd1kTgRfb-sso-cas.univ-lille1.fr:etud15
TRACE-82380-eV7bfiYCyw4BcIvVXnfi6pnOPrG6iyIducHdSuGraqyE7lfxXK-sso-cas.univ-lille1.fr:ens9
TRACE-82381-K2nFvyEJ4blem1vxwPoxyZ39QLBHgyJpZyGcLClF9XCQgx1Svt-sso-cas.univ-lille1.fr:etud17
TRACE-82384-DkCZhYQ2cLudMravdYmzeZaCo4ugpbnaggo1gfBGSrIuYfhyvw-sso-cas.univ-lille1.fr:pers12
TRACE-82385-LWse3Dux01NQZsKDhBHgVO2fVo762I27SlXvPFisFHWSh09cZV-sso-cas.univ-lille1.fr:pers17
TRACE-82387-k4OSzUCZKx6thRHEpqTdVMGh1nJMiNyKLIprtFUY9ex7cyETp9-sso-cas.univ-lille1.fr:ens17
TRACE-82388-f4oc3hf4V7w93JfDPpoQ2x1nI7ISHNIjas9lDImeOtaONmprXq-sso-cas.univ-lille1.fr:etud18
TRACE-82390-4xwq9g3g2adZ0IQ3tY4WPPkeEc2guDDrefIapbvS3aYpQteiHc-sso-cas.univ-lille1.fr:pers18
TRACE-82393-oGLPGKjgJrMBnHMTIqrFZa2vsJsfCDq9k6r3FOdQf4Rp7I9nbe-sso-cas.univ-lille1.fr:ens18
TRACE-82394-hQ4BlC72zdoKIadGceyhnyQ3GOCXqsi1v7JzbScpbQvKMyCR3o-sso-cas.univ-lille1.fr:etud19
TRACE-82398-LaIcJ2th7D2AZag49rcUXKpbfq6KMUeTOdFPR0PFZRyOB2rOmv-sso-cas.univ-lille1.fr:pers19
TRACE-82400-09nGMaagyVkUTrw0koaxVBYMpgyvQSqyDbGAedbbalVmvEt92H-sso-cas.univ-lille1.fr:ens19
TRACE-82401-NH1eMDOOsuUVQdTKik5m9SbtfxG5jDY7gQwVfkOdJSowO2QA13-sso-cas.univ-lille1.fr:etud0
TRACE-82403-CGSAh4vcN0K1O2QyT5fgzS6XowkxHSVSOIcRnBlYAnifkStHwV-sso-cas.univ-lille1.fr:pers0
TRACE-82405-hbwl7nT0HeDbd54EZcmQMenvPzMXWCdTlosUw95W97HcAK9Y7z-sso-cas.univ-lille1.fr:ens0
TRACE-82441-dF7efy6vlalH4KOVP7RfvQdtjxXqPlOEo5Oab12TawTfBizbLn-sso-cas.univ-lille1.fr:etud7
TRACE-82444-aNGzxDasawOAgnLHomC0CoVuwEbQPyJfjzqHpqF1uyfvgL40WP-sso-cas.univ-lille1.fr:etud13
TRACE-82471-6cUROZCJ3yus0gLK6XWYa6t4jmegtu9yNEGHdlCTF2NkmvJWgw-sso-cas.univ-lille1.fr:ens14
TRACE-82480-ZnFbDVO9cPd26HuAJhGeAjLeOGZBfkEGFSscw4ltUjPdfdKcS0-sso-cas.univ-lille1.fr:etud19
TRACE-82488-QyreQelQ1zzTdcWZscVPjazgabiZ0xjUz0miXWpZBBxcqSSU5d-sso-cas.univ-lille1.fr:ens17
TRACE-82526-ndNMif1bQQ3k2Ba7Bft4jebp6dakKxAxfRq1PX9Ke616lECS9Y-sso-cas.univ-lille1.fr:ens13
TRACE-82537-lNV4x14oPJc1Ua7dXaSkqMynGTQjtgj4mZQvOFbFOvUaX3udws-sso-cas.univ-lille1.fr:pers13
TRACE-82545-NoE5DedkOdP3FzkWn7sDCShGYbSFrpI6dpILgUXl1AgBsTeLX1-sso-cas.univ-lille1.fr:ens7
TRACE-82553-ICSPodswGMkDTUwOVn64DSxZtmobhyWbmgqLOczXczLGr9rQVa-sso-cas.univ-lille1.fr:ens13
TRACE-82557-icy7mEvtHGm5uvhXidJjNq46s1ho1odtVBTAjZkNPWD4bvUwRo-sso-cas.univ-lille1.fr:pers19
TRACE-82569-WHOfwDoFz13rQKNzzd9enAPSb7MosAZu04JWhaTCJRHaOtgTte-sso-cas.univ-lille1.fr:pers15
TRACE-82582-9A331dDlEBEhr4fRfBABHf0WhIjyLeNvuEqq39ZEb7adryvkOo-sso-cas.univ-lille1.fr:pers8
TRACE-82616-vqaaj2LQSANth4SygVbfsgbCHQ1bNerz6BzVV6QlOVsspTXbta-sso-cas.univ-lille1.fr:etud2
TRACE-82617-HEwFrPAeEeOPobTebUmkzN9VpNK6IBuygVzMbjPtfy5sM0RyH3-sso-cas.univ-lille1.fr:pers0
TRACE-82621-JMlzgCtA77C252wiuTc1BNgDTqdAgGTozgkfQde07gjTHAZgld-sso-cas.univ-lille1.fr:ens7
TRACE-82635-D5diN6gbgImVMaDKY9e2bmwSfySzeTgkQNFbjbHtGehYb43xkR-sso-cas.univ-lille1.fr:pers9
TRACE-82680-RrJpZ7hfbNPv7MX61MZ3ZyLygXjMlfa3qW69psmBxbNorJcbA3-sso-cas.univ-lille1.fr:ens1
TRACE-82694-iCCLzXnF5CwEJwUt0D5mNY3sfWnxvmURZ6myNWVxSSx5dptCmn-sso-cas.univ-lille1.fr:ens6
TRACE-82713-KNB7K0DuVaqsLhZk5Xub4f11c1kfRfdhrB1SPOWs6eDeBRjHGm-sso-cas.univ-lille1.fr:ens17
TRACE-82720-xziNVFluko0GNEeU5X5WakedebrESXqEicJcgzUIjc6WPtekR9-sso-cas.univ-lille1.fr:etud19
TRACE-82735-4k35f5TMJAcLAKp4byhn0W1ZSauSrOWbrZFzcMOfbFacVp1fWw-sso-cas.univ-lille1.fr:ens7
TRACE-82786-wDvqADySrqqHeqdNPwZczgDyytr1O0aejD1obibYVlxJX4fLET-sso-cas.univ-lille1.fr:pers15
TRACE-82794-rfXm7VYFzUEyOgUCxUyIU1tnXKV5JpvHjFqvIRZt5BgdQ5ORPK-sso-cas.univ-lille1.fr:pers2
TRACE-82795-4j7bLrbscTsPYFBS4VEqu5E449W5xdzlcbyQdPSDM9eFXOXeRE-sso-cas.univ-lille1.fr:etud7
TRACE-82814-A1yc26Pn2jStxNkqQa57mPl0eaAAbU63Bdp4mWDkjCTwfpHc7g-sso-cas.univ-lille1.fr:etud10
TRACE-82829-xaWqouZdAVVGTm4Q2QGK5XqN9xvNxaw49gbklvlglDRAPmvXSN-sso-cas.univ-lille1.fr:etud19
TRACE-82835-d0BGIO9oKJQ0qi4plQxSUpzpbgxMyVd7fpH7h9hWN4xN70AYbb-sso-cas.univ-lille1.fr:etud19
TRACE-82862-vhOKtb5RFEnyJaEblthwdCzLsIelJ3PAYYq7htrrL5y4MI9Rp1-sso-cas.univ-lille1.fr:etud13
TRACE-82869-Bmzr5XxNes2WEsYOPaKYuBwBIS5kFOtwUHE1QU3RZqqxeUfzeZ-sso-cas.univ-lille1.fr:pers4
TRACE-82898-cc42DhpaKSApLVPw4mgayWNKO6ea74CT5h11rhLazdz44zLpHG-sso-cas.univ-lille1.fr:pers3
TRACE-82915-YH3xk6SWTkf4oZL37gLTp0j3j3jb7vJcZNd1d7x7aw3DNwvxFh-sso-cas.univ-lille1.fr:pers4
TRACE-82928-refCPGnjryky4cNePP9sBZCYNqIn0bG4Xi63ghbLhvsdudq2LI-sso-cas.univ-lille1.fr:etud8
TRACE-83001-eZMrEh7yydvwOcttPosC79DRbcbg4aRmXbi71iayHZ0hDTs4Aw-sso-cas.univ-lille1.fr:ens13
TRACE-83009-BLMQWmpCvzdzzaCTeBnlhDtEBcH2LD7jb2jJIcXWv9tuPcQuHO-sso-cas.univ-lille1.fr:etud12
TRACE-83016-XVtrZe1xJivMmLy3R7NW1egJq6OYPkAc1WqJR5lqq4cr1SIENO-sso-cas.univ-lille1.fr:pers17
TRACE-83017-h21bMpD2G6KWx0cAoCfcbPAAtGmqV52PmzaZCannztLkvHPeUa-sso-cas.univ-lille1.fr:etud0
TRACE-83020-sdvVf5KAIeOVXIHbJvEdsjErrueufk2dE2P3cdj4q7BASxDT1g-sso-cas.univ-lille1.fr:pers13
TRACE-83024-ytURbdO3XeGbBAJqT5b1HmiXdK1FhA13aYDdVJ5FkjBclv1PKI-sso-cas.univ-lille1.fr:ens18
TRACE-83028-HNY6t7tusJl9BaxGmp2vlckybzKx4bXxgZg5mjqUvPtL6Bz7uR-sso-cas.univ-lille1.fr:ens16
TRACE-83034-VniVGfWPLfLPsXASOnFCb1idBVTpNEwVRwbfIIFsb7CeqROc5r-sso-cas.univ-lille1.fr:ens15
TRACE-83103-cEOStI4jhenTrAWBD7CrDqpVlXlyg33fZCl05UNcrTN7tNerjI-sso-cas.univ-lille1.fr:etud13
TRACE-83118-mAINgmscz2VBFOrFdq9LfpyPa0PEpFhRvA11qtx5GFtMVKgwHm-sso-cas.univ-lille1.fr:ens9
TRACE-83154-rf9knspTvCbRpxCfbeo9fTngBbEpQqiBCNreWNa4NpjDzFcpC5-sso-cas.univ-lille1.fr:pers1
TRACE-83174-JwK2OasgrE4Da2cikpe6i0LWMxaZWaeF2aotO6OY0NvAldZTpi-sso-cas.univ-lille1.fr:pers19
TRACE-83196-15K1EeyRtldmjRATsedT9OEOw97exiyXHredNznR2jMujuwR69-sso-cas.univ-lille1.fr:etud1
TRACE-83226-f7Ozs5RhzbeofMDMnM7ZUznXqTbq5bXCI7aycNWXH7JJTnMWWy-sso-cas.univ-lille1.fr:pers18
TRACE-83279-JaINdY11K142PNb4S1GFIL0JkQ1GGB5rZe3ypC7M7QbfJvNAbY-sso-cas.univ-lille1.fr:ens6
TRACE-83355-g5knizXnCvxbmsUtAkcttIKQEFRZkYmo6XhXb3uAGyambp22pV-sso-cas.univ-lille1.fr:pers2
TRACE-83399-zDYwGl0M9gYcHCPyBihK5cvTXwvE3tZtRI7bqCDcAcDZrFlRJu-sso-cas.univ-lille1.fr:etud9
TRACE-83401-v7044BbCrLKZB1NAC0bUDE0pyUgBaIibjAdTbMexlVgGEmGl39-sso-cas.univ-lille1.fr:pers7
TRACE-83452-NWeAmhYs3rdxlupK6MewUsf3PeUeXdQIkqSBsptDdb0XjHlYSR-sso-cas.univ-lille1.fr:etud4
TRACE-83462-QBGbweXp392eHC6jAJbAVoFiv93jMokAAmMkR5Ht3UvEJGaeOg-sso-cas.univ-lille1.fr:etud2
TRACE-83574-RtMbAUANfR7gc1IbaZvqX5aHyDOfUTLBimc3KbGxuMko6qaRR0-sso-cas.univ-lille1.fr:ens7
TRACE-83586-deneftpdjmA2KRRQEJacsLs3jU4ksbSiVfakr4ufQ7QzygdLuU-sso-cas.univ-lille1.fr:pers19
TRACE-83608-O7lYlntMqBlunF20kNE9el2b00fNEm7b1pq2SXer9dpwNd0Jns-sso-cas.univ-lille1.fr:etud4
TRACE-83667-sCeXu3VrwSngOVfXpbTzEa0eO9TKBECQe3Dcu3usjIAeV06ptf-sso-cas.univ-lille1.fr:pers18
TRACE-83714-v0RQuPIKyyQNW2A1yZnoCuHroBlTpuRCrfg0k9fcW9xIaYgMLw-sso-cas.univ-lille1.fr:etud16
TRACE-83743-j9TIZ1Ns3oJeTYpRQDgPyeNdWjEe0VXvkc1SEcNlcPktF2eKN6-sso-cas.univ-lille1.fr:pers5
TRACE-83793-zvvddOJw5yEsycdDdPUB6WUiQceBFCjC6f1azuRW7PCB5IZXdx-sso-cas.univ-lille1.fr:ens18
TRACE-83826-mnt2SluZvHScXQdMf1KrM7sYMDSp0CYiibnBhPDMjfI7UcNvGX-sso-cas.univ-lille1.fr:etud7
TRACE-83839-yZf9TcffZdmZnjndWAUpvkwdqRmCwjWfMqobmwZbPHXUauLZcX-sso-cas.univ-lille1.fr:etud11
TRACE-83846-dpr30qBF61vP0Mok97SxJjo0brXuiAh27BbarwerpP5H2d450B-sso-cas.univ-lille1.fr:ens19
TRACE-83869-mPz6bdpz0VqfqWvf6EvXheQXSSpRoTe0ADDcByNJ1JZTCJg5fr-sso-cas.univ-lille1.fr:ens7
TRACE-83884-Y4aMhCctCLufOqVgbxuuAtOpZ03TPy4vYZaS05DSWZ49zWdCEM-sso-cas.univ-lille1.fr:pers12
TRACE-83886-nhHVsjBcNGHADA06HnbwBmSlOoDiX2o9mcpqvu9CgdWMNujyco-sso-cas.univ-lille1.fr:pers1
TRACE-83912-SOaEOhoOP11tmG4w3fj1rWWDLOYfr6tSTgDwbynyiUPZBkGsSU-sso-cas.univ-lille1.fr:pers2
TRACE-83937-DiRaWbtWbrJccSBaJiYPIxgXpIUeVoDbor6Dfe1ojqjUJLNakx-sso-cas.univ-lille1.fr:etud7
TRACE-83978-D9Gf94saX7SzLjoZHOaxgw7SpOGac5k9Hfj9ggHVJRvMpxn6fB-sso-cas.univ-lille1.fr:ens8
TRACE-83985-z1y21cmpYQfApN4oGeS7a9xzYif7mj6DcwDiNkPkw5tLe1casJ-sso-cas.univ-lille1.fr:pers9
TRACE-84007-pQFAO9APrzbptgYkCFUlj2askfiSfDUBhcQN2WZJYGqVruXKK9-sso-cas.univ-lille1.fr:ens5
TRACE-84016-zoBCSAS4gYnw5RYYisPKdP4uMIbHnaq9fhqaBhiB9Tj25suZ4g-sso-cas.univ-lille1.fr:etud3
TRACE-84018-eMWlwc4u5p4T5uBnbSl0vK10qFUzpgLq2iyb75CQOKZ9HTUjTr-sso-cas.univ-lille1.fr:ens11
TRACE-84022-3MpUGIxkjM7wKGrwxG0CwfhkHGxTrzqiTcthBMTs13rR2XOW3b-sso-cas.univ-lille1.fr:etud16
TRACE-84071-cFRd1a0lMp9zAAkjy52DxWB6htPdgzAAnMADOsY19O6m2fGqf6-sso-cas.univ-lille1.fr:pers6
TRACE-84109-kp5REp2cw5g5ppiX37hQrBI65NbSpGFnHnz7goubV6MeD9CYMZ-sso-cas.univ-lille1.fr:etud3
TRACE-84140-EY1hVa3PDmq14SqaioA9IPXnelgQEnczQPSQjPqAIXQTsJyyAZ-sso-cas.univ-lille1.fr:ens5
TRACE-84160-PJF2cUp0XYJcbhiLxeMIfXTmdsyjniWUglCdIJ50XfiYcvOpZU-sso-cas.univ-lille1.fr:etud18
TRACE-84210-ZScZXmbyClclDvTKbUc9oUSprAnnsW3D26Ke3uobycTQQxCaPQ-sso-cas.univ-lille1.fr:pers4
TRACE-84227-g1cyFMTtHIueapLhNAXcx03Jq77RblzB9u3lwxahYOaw4qFAyn-sso-cas.univ-lille1.fr:etud16
TRACE-84250-mJstw9ebe9mphRnUEtL0aZWxYdFUEMBMQ9GbZTwF9vCkKWS4gM-sso-cas.univ-lille1.fr:etud9
TRACE-84264-tPeg5UficTE07BSXgchGUeAvj3c5qifyUossJ7OBmGl2mYsGqt-sso-cas.univ-lille1.fr:etud7
TRACE-84275-nQH60BcJfUOTcXhmgYzaIVxpJ1WVcOIXA1lcoYl35N1RFgwzRJ-sso-cas.univ-lille1.fr:etud11
TRACE-84285-NY7iXdedRhKHF46OooipOJ7gj2vpE4cu3PaZlMorddZeLrfA7u-sso-cas.univ-lille1.fr:etud12
TRACE-84287-UotlMw9GOL1TgTdeRKBZI3MNwkVPiWVKhWahMqWdr2gbAHRCML-sso-cas.univ-lille1.fr:etud6
TRACE-84306-RoRyuwAKSM3KtzwFqGRzuuzEXj96DRXn7jeoc2sGB3245bierw-sso-cas.univ-lille1.fr:pers4
TRACE-84309-dLFaS3AjuwWAK7RxlccNDhHFH9XwNaweePawdflNhV3MagTbE0-sso-cas.univ-lille1.fr:ens7
TRACE-84318-MJH2sVduATfsOFYRAQoKevJqaEVyotFdgn6MjxJazCmyezW21B-sso-cas.univ-lille1.fr:ens4
TRACE-84319-A5D0qQdcs4Wfij60p7bXwJPtp2Rcy4fLdI4CCwSe14oWfszxGO-sso-cas.univ-lille1.fr:pers0
TRACE-84321-dJTNnxylKcTdaWO4EQcVbN4APgtDolbbvneLuOh2nGDCSLvf7a-sso-cas.univ-lille1.fr:pers2
TRACE-84323-CXgfYUu7uJjreSoQUuPXXqYujnrNzlmYeUz3cdIk5mcd9QcrLV-sso-cas.univ-lille1.fr:ens0
TRACE-84330-43mPFG7jkE5exjZmyiBNqkXJFj9zDrmpNYCFCKJ4WdQ24bwdWf-sso-cas.univ-lille1.fr:etud7
TRACE-84420-ZkMl6GAf51ycjgwEXqIEfFzTRqJhL6S2HV9rWAcT4adQHaxGLg-sso-cas.univ-lille1.fr:etud15
TRACE-84469-bc7EWL0Q2lRQJyhVah1qnIILt7eTVHpuPugXILtbN4CwZfBIVh-sso-cas.univ-lille1.fr:ens19
TRACE-84535-K3tOiRkLYJJwbPpFgGksgW3vUvXI5zxZz6iqWPeje49imC7ELS-sso-cas.univ-lille1.fr:etud14
TRACE-84583-qF1tZb4MQSavJs5QKiF9PsMX6uyJ7dwOxdOtkFqPl5LsDeyb1Q-sso-cas.univ-lille1.fr:etud16
TRACE-84611-jyTxiBRAfE3onYNC6uVXCIYRaseiQyeXVDhOoqtYdvqjiofFHS-sso-cas.univ-lille1.fr:pers17
TRACE-84653-DNDKkE6n55dOxf3CgC2nFlYrSnCuryzRxoV6pSzEsF01SBqcfh-sso-cas.univ-lille1.fr:pers4
TRACE-84689-J1T31R6MJe7cnHzBMnzyBKcVGBCOLqnzZZDpbkoBfsaDCOWwWL-sso-cas.univ-lille1.fr:etud18
TRACE-84696-KGc6emF7rNlzMY5WxqPFVQO4qxilRlTJcoBSNpRfcAUtOWBpZO-sso-cas.univ-lille1.fr:ens16
TRACE-84711-l4Bszbb2eHAat0kMSBFiIbgRmFOlNqme03wt1WILCCCSdZDfjI-sso-cas.univ-lille1.fr:ens4
TRACE-84714-QXdWv6ckObVxlHlbWNa2CWRdc0Pk5JtbZYpYBGv9OJdCLLnsfT-sso-cas.univ-lille1.fr:ens8
TRACE-84793-wxenCorAmKGGNkR7jnIbkfds0ab5psCf6P7L5VHd2e9hHeCayD-sso-cas.univ-lille1.fr:ens6
TRACE-84806-YHYyKU0gT1YgKGofSI7TuDZPZGdQywzKFX6UY5huVxwYdWCfds-sso-cas.univ-lille1.fr:pers14
TRACE-84821-Fc4oGJDnDICFOzGPiOe7FhOnTVQ9Uu9ObSkqbdDXM7jbioaQT9-sso-cas.univ-lille1.fr:pers2
TRACE-84822-YpSbbE2OreAk0LS9ZSeNLrbs2wEvdmkTVWHqL6NQW5JjICni2W-sso-cas.univ-lille1.fr:ens2
TRACE-84845-xYaxuj45Lu3gMiIy7F9gzPcNxSSzIvre3t4TDlrW2eIFLQuM30-sso-cas.univ-lille1.fr:pers8
TRACE-84847-PBlqtJodlvq73tifhrimarTno0429evzdbncwx5wnBZgmLG7EZ-sso-cas.univ-lille1.fr:etud13
TRACE-84878-YvkELZzgbOvK3YaqIOg7yc3UHsiNwCgfzEfOPD5dzb7sGBEovH-sso-cas.univ-lille1.fr:etud0
TRACE-84888-gmvBVxQAK1pzff0rUUccIRI1dPgsfrziY0tdneqKs9gN3tleA1-sso-cas.univ-lille1.fr:etud0
TRACE-84945-Bio0LOiiaZP2DTLtV3Zm4YG0ywd5duCIVPYQp1iQHNwC0xvOwK-sso-cas.univ-lille1.fr:ens3
TRACE-84984-IpSw1rjWxccNNPxFRStRJqxznvCc3G3gnesBCdKl1abJHqsdhh-sso-cas.univ-lille1.fr:ens8
TRACE-85036-ePX3FwSCqiZRWTm2GB79IozEUuNKp3GXqGQaBByCGmpmX6f4f1-sso-cas.univ-lille1.fr:ens10
TRACE-85044-GCEuFkcreG1yK29WRvrLftVzQjhqwhi17jGfe4WzcqLqwb3biH-sso-cas.univ-lille1.fr:etud2
TRACE-85054-ZIt4R020bdi4cBbuxKZui5aiUisYpHJkpXLcNpMtD4uGNyGYdK-sso-cas.univ-lille1.fr:ens12
TRACE-85125-B4XySw1cslpJpKUsneyttHijdcGLSXEOiYTZTmORitJCiRfzYq-sso-cas.univ-lille1.fr:pers1
TRACE-85265-cNs31kdUXyoohoY4iMX5CqvwWSt1mUTCa3bwSeKK9nbjWETlmW-sso-cas.univ-lille1.fr:ens16
TRACE-85340-vAxuvLYEiAycVRKr10YcRSBozhAtjqJkPOmiEfrVaqXm9EzWNc-sso-cas.univ-lille1.fr:pers6
TRACE-85346-SzZ4zzFqs9su6mtnAi6Hcz92Pu5ZXjL5rZnmllQKa7d1Qjdc1h-sso-cas.univ-lille1.fr:pers12
TRACE-85351-RQ1xbu2cBQikmAtT3HKSbseD2fRF6Z2ZDTCdQOgKG7redgEgk4-sso-cas.univ-lille1.fr:ens2
TRACE-85404-zg5FTgScgnYIZEopjBZgQAu9Fgq2rpu3tGw02Ujd7OqxxTdDFN-sso-cas.univ-lille1.fr:etud16
TRACE-85405-INKWmc2zJwjCr03yNntSfKLkb9rrUvX1SmWqmCCwhqFbixarJl-sso-cas.univ-lille1.fr:etud5
TRACE-85435-ZOGd2PN7zqMIeTEmJj2HGIQoqkLBVBaGy49EEGtqAs3aTJdNYM-sso-cas.univ-lille1.fr:etud6
TRACE-85440-gCfss1oi5zQnWiu6osVep9zdfJ6Idt7JiWoiVSE4gkgzIl9QHG-sso-cas.univ-lille1.fr:etud4
TRACE-85460-C0cPl7zsGYQTfHMustI0NDgfPiJxcvZ3LgxKEHcZOKye4obTUW-sso-cas.univ-lille1.fr:etud17
TRACE-85492-zonNvQV0AhFKMTfqTxglPpdLFc179NQ0jYmpmocqPzMFh6xqTe-sso-cas.univ-lille1.fr:pers12
TRACE-85494-0kqFYbZcEDlOlfMIVP2H4Y9rirCXF21ftblTT9Nkze3EvUUVbr-sso-cas.univ-lille1.fr:etud8
TRACE-85496-eBzABftIJuxBABmGtmkfPMj6qTuqmjuW35edfl3KBc5k30LF1e-sso-cas.univ-lille1.fr:ens19
TRACE-85526-tKiRcTKSjadX5Vpb0QKGvFs42qi4FclzjRO3SchIFaB6feaddP-sso-cas.univ-lille1.fr:pers17
TRACE-85527-ePdfwdBdaWtWrVM5eojjnmwJeUzpl2iANWyChvimwnJ1ih4SEo-sso-cas.univ-lille1.fr:pers9
TRACE-85528-oycU9PafXWem73ymZpRf1nYZ5RIWB0aCN0pxXOakPcWDJ904zf-sso-cas.univ-lille1.fr:pers9
TRACE-85573-Nhxjx7vktBE7lAefde6tBVsXI4uMqjqiXNHMprYmrrgBfkXIdc-sso-cas.univ-lille1.fr:ens7
TRACE-85585-rjDWuGL3DUziPQVoJTLtIHZCjFN4npV0JBhOtj7QKqiAtcy0Mm-sso-cas.univ-lille1.fr:etud2
TRACE-85591-mfvRYEEYtjNlx1QaamsmkcmHz6SKPkZiLseyldVw53sd56O6IZ-sso-cas.univ-lille1.fr:etud8
TRACE-85606-S0NsDpUY21QO7OdYixxUZY95xMuV9vbXX3w3yHa6MrqnXT5eA3-sso-cas.univ-lille1.fr:ens6
TRACE-85608-mxeE0KcUjqyvP9QAfacHUK6pPFIlol1TXvFjAJuNGNYiCpa7mu-sso-cas.univ-lille1.fr:ens6
TRACE-85629-AkLidbdqeNuAJPl1B4FGZBcDAcf63fvvAiORmhJsA3r6cQjvrY-sso-cas.univ-lille1.fr:ens18
TRACE-85640-hD9bPqo0b0mRMR2d02PDR5FiTFaPwIdWwRmpDePitPoe0LtH51-sso-cas.univ-lille1.fr:ens16
TRACE-85643-SakIxzvkICEd3HsZJOpJMKSdAV9xPdqYaFIv4U2PaqrAebifrt-sso-cas.univ-lille1.fr:pers12
TRACE-85682-b2HVbsSPojERedGLohYrFZHOI3Ve3yjqsRXqGFuM0ViL5HcNoE-sso-cas.univ-lille1.fr:ens1
TRACE-85690-Ghxhbf9kxnBs3pJFyo9KFRJTxAXfE7BMgcI36TF4QGJGNqs2H1-sso-cas.univ-lille1.fr:etud18
TRACE-85730-Y3HCISjPpcdyeUStxS1mjXVX3cP5alPIK49ALp14QtIabUencX-sso-cas.univ-lille1.fr:ens2
TRACE-85743-iDUmgoKrRd2g1niT5ra9CHetglCiO5Gsv0SqV6a2fHPveLNcsl-sso-cas.univ-lille1.fr:ens19
TRACE-85749-bYp5PQsZGBigVLgkDyPmXSTBtuMj2v22pPmsLE7WrXejfQNhNZ-sso-cas.univ-lille1.fr:ens2
TRACE-85753-lL006BcBDzZsuSLSBQdPjNdxN2Za15mEsASzFZKMkROBbSoOkR-sso-cas.univ-lille1.fr:ens2
TRACE-85798-qp2Xx5HXdOFEFekkVsov7ew4sazqNZolnd0U9pz2sQViKOMMS1-sso-cas.univ-lille1.fr:ens8
TRACE-85821-VetPIYHc2Hq379DdMQE7DUjl3Af27XDxdeDwnxkeVmSKjn4gTq-sso-cas.univ-lille1.fr:etud8
TRACE-85861-gaVn1UGlrkcX4qEFWvjwapeoNpr7XMAIRt5Xac2CNfHPWb9jlN-sso-cas.univ-lille1.fr:etud16
TRACE-85867-OGUBx1m2Jb0ZO5ZIzd4G9xpWysmEVSVLO31t9bJHAcGYgZb0fk-sso-cas.univ-lille1.fr:etud7
TRACE-85870-UyH4FXdfLFGrYli9Jaihh3BF6HTBAIQfbdobClnuXNblaXxRzl-sso-cas.univ-lille1.fr:etud0
TRACE-85871-a9XEpj4MsmqwtqQAyEmMtB2VlM9JDsqhhLEgq2WXfDuGRusiud-sso-cas.univ-lille1.fr:ens6
TRACE-85875-oi1bC6cFG2f4jMb4ohhx5GtKWLAAQGjXEUL2nfkODneGxobGG9-sso-cas.univ-lille1.fr:etud7
TRACE-85881-cVKKOIFPaegeN2GgoVYwIvZ37RmHpKWzjL1EEDbVZTgF6QghIO-sso-cas.univ-lille1.fr:pers10
TRACE-85892-kMaPo2UpUaFW5EJQpHeoJh6CSypsee0POZKDpuLmEj62CUp6ko-sso-cas.univ-lille1.fr:pers3
TRACE-85942-S0PdYsNHNZz3G3qNZXJul1S2P03V0NzGmMaDZgGh9ZUSa3m6aV-sso-cas.univ-lille1.fr:ens8
