TRACE-85974-WNenSFv2zcvDuEPhbJeAagPeM1T9KtVFZklqvc7polKakXifcw-sso-cas.univ-lille1.fr:etud0
TRACE-85983-nEuvRutnDLxjIoBjAdWx9B5Nz5rRQV3mMHxSgqtWLvp6mWsoRD-sso-cas.univ-lille1.fr:etud16
TRACE-85991-auCuIQEfDnjNG5bqduwU1X9x1iY9m6dQgHNhKGgUfoSPDv5pVw-sso-cas.univ-lille1.fr:pers0
TRACE-85995-TSibcQ5TzMWcBahhNHqohtf770AmosWOsxXI6WiqG9iH7NNiBr-sso-cas.univ-lille1.fr:ens0
TRACE-85997-hr7TcbDmMTrEgQGPbJRjc1TCi9FUQwflGXO4bk9LW4vRaNsWLD-sso-cas.univ-lille1.fr:etud1
TRACE-86001-4YTpbeho1f6gmV2dk7wH4neY30wpELNBW3isiPXDEtNrkaeVfx-sso-cas.univ-lille1.fr:pers1
TRACE-86007-OymxoIJonhbsCNhCiFwh2r0ymxzvHwsfrTVD6BcZ5dXNDwebS0-sso-cas.univ-lille1.fr:ens1
TRACE-86010-COfWC4eCAvpdAZirsspEgowntf7rDlCCfjfd62Inz6T7cmczlB-sso-cas.univ-lille1.fr:etud2
TRACE-86011-0kgO3MTfbMjsl1EV3je55e7QDybL2WOQ7G9wWO7JjYd7kaWPsR-sso-cas.univ-lille1.fr:pers2
TRACE-86012-tzMN4sgJHmwVOKErv1Rcct2k0usdkjKdDwuNk6gSFEcevpEsy4-sso-cas.univ-lille1.fr:ens2
TRACE-86016-nc0mCIzsCTidS3tlb4KJrhI2xz4eiZdEmQec27wAj0sIIDAKMA-sso-cas.univ-lille1.fr:pers0
TRACE-86017-GwFXxRmaynYeheAJFglCeiQFA3ibaxeY9Ad5toVrN255y4T1LK-sso-cas.univ-lille1.fr:etud3
TRACE-86018-Lfcmjejlb3LgoX5aWbofIHVkQkyBaT7S7gQTJosgW7qTNwIQxT-sso-cas.univ-lille1.fr:pers3
TRACE-86019-jQAMmf3YFrAROJRIACR3HENzai4yrOSIccEaghKJHiWl3KKT6t-sso-cas.univ-lille1.fr:ens1
TRACE-86023-LmT5BwCYKbGmwUUQn0jYPjx9CcOEwP9WiiYwgvYRoW1VvrK1cH-sso-cas.univ-lille1.fr:ens3
TRACE-86025-XGUYcxLUJnGUuNijNeezuCYhe4Z6fV0xZLlmMJi5dI9uKvMg3k-sso-cas.univ-lille1.fr:etud4
TRACE-86026-2ABjuH4tj0CglhAFFcYf3jsoNV5ZNuqSD5wIEjUWcUwcfdt6Gm-sso-cas.univ-lille1.fr:pers4
TRACE-86031-mY7CySORXTmxeRweT5cASl9oP4uBUQCk0W6vaFhbJvdNxYFbNd-sso-cas.univ-lille1.fr:etud16
TRACE-86035-GaxBBLO1wbLQoyyilUsLdol46MmEmmq2gAycRnt1HO0dBpIihJ-sso-cas.univ-lille1.fr:ens4
TRACE-86037-agpcisfRnjSTcW5CaWgKjKeASQV2hQhw15uOxZpmcfe4omBvny-sso-cas.univ-lille1.fr:etud5
TRACE-86038-nIGUWWS6aeK5UepfcrQQwksLpuooAUF7tPfDziz4qywzxCfdwB-sso-cas.univ-lille1.fr:pers5
TRACE-86039-gdOppAn0LTobp4ABCcpZbpeVY74s7YrnIcAdeoJwSU9Y4ucfUG-sso-cas.univ-lille1.fr:ens5
TRACE-86042-IvXyoqFDqSlxUz5Rpd1Y73bMgJIzNcf9eHN1dQsiTGvJ1WkJmw-sso-cas.univ-lille1.fr:etud14
TRACE-86043-Z04ShxqJZu1tr7qNGFkfVCcmKgf5d6kZZJPSTH0Zopa155JXaF-sso-cas.univ-lille1.fr:etud6
TRACE-86044-9n7CgzkhOSZQGxTUdHeTPaE5CzYrSyYPP6HHi96hnWuunileLK-sso-cas.univ-lille1.fr:pers6
TRACE-86046-Qfck1QxX5p1gLAhYcl0460SzeTfpeBWdbUPyckMyrnO4aTI1y4-sso-cas.univ-lille1.fr:ens6
TRACE-86049-flp1HJSAa27EnJfEYmSXjR7ZxfpngIGe3mAZQIfwJ9IrfSlelg-sso-cas.univ-lille1.fr:etud7
TRACE-86054-QYW1wopHZtotzMSLF7wQwJPnObnfdrHgiNBN4nyJoFWbsT1fnQ-sso-cas.univ-lille1.fr:ens10
TRACE-86064-dEpexgHs25d1Sv5bo1sBWr5fxhIUgUDhbnyHmyDMqT0Pa1AGdW-sso-cas.univ-lille1.fr:ens10
TRACE-86065-gdxyobJShKYwYDcIaknkqqeuUCbG7h4JylHc9bR1HXpulYl1L3-sso-cas.univ-lille1.fr:pers7
TRACE-86066-wcdRcuJGGuJkvj0cIQvbD7MNSZrrgSJeXYW2WHhXxJzfXwj1nL-sso-cas.univ-lille1.fr:etud16
TRACE-86068-VWwbLCST6LUv7Fp5LWW1KueQDcp4mocJahzaZMqeoUk4V5mQK0-sso-cas.univ-lille1.fr:ens7
TRACE-86069-ysletk1gOGrMe6rEGjmtVzAjKE7oqr9rjNegt9zbl3yXMFEwYT-sso-cas.univ-lille1.fr:etud8
TRACE-86071-aHpAu7gOjMbIYCkMfEca5flK419WFIMdWhXQWPaELainsopb7x-sso-cas.univ-lille1.fr:pers8
TRACE-86072-B7GerIpHMci6h6ZUcYepGF7CaeUcseoLVrOpwItKS0IJB6Qsuy-sso-cas.univ-lille1.fr:ens8
TRACE-86073-19bcDgd7IPYtqeHdf6moFYBV5cqA5j2r23vcDYdwhXsuKALScj-sso-cas.univ-lille1.fr:ens10
TRACE-86074-jQnSPq4UpVUASdMetzbV5f1Fe7ftaRrrTm4F2sKFQav126IhPV-sso-cas.univ-lille1.fr:etud9
TRACE-86080-wGdvNLY3ZIfiX0HQLiTmGdPTYuTnfCcgW4QeBVw2kRbeYjNJJM-sso-cas.univ-lille1.fr:pers9
TRACE-86081-ni7KkTU56LKafOAxdCuSLVgYPFCq1tt5zDvHnVU93BGRAVdc7u-sso-cas.univ-lille1.fr:ens9
TRACE-86085-MkyuY5bFxj0eVTpN3PNwbLsZ4ZdZJhSdhc6op0dLZQYiInENNm-sso-cas.univ-lille1.fr:etud10
TRACE-86087-4Sq9cklcw0q1vIMxInEcPKzflyTthye2d0oRfNBP9RVWNKi6Vh-sso-cas.univ-lille1.fr:pers10
TRACE-86096-m7EnNfeXEbqAfYb2RrEBa1oUEhnBRWRlJ9bW2PVSqW72Iwz4Mk-sso-cas.univ-lille1.fr:etud11
TRACE-86098-WTXCE2y5cLXpuEpKF1wPKhgd2QHTMvKD2MbRvFT03x66iLSpbl-sso-cas.univ-lille1.fr:pers11
TRACE-86104-fkbDmaDC7j9aSurWz2ev9H6k13mVdfE2qW6aGOc3nysvLSjUHq-sso-cas.univ-lille1.fr:ens11
TRACE-86106-kURxn7oIHJh2c2J3VRIOVzmPIFBXWfaYZOlGMcTjAhbHo0CWwj-sso-cas.univ-lille1.fr:etud12
TRACE-86107-X4MqvpmEZcFonMnoH9YMeKR9X4vZpAQR4vr3b0vu5nUWqDxHNI-sso-cas.univ-lille1.fr:pers12
TRACE-86108-6BQkA5Fdq2eDWKIGu2UPHbAavfcTl7Ct40zBKIk2QxOWcvcZYj-sso-cas.univ-lille1.fr:ens12
TRACE-86114-uMQwacs61fSmFxAXf1gmb5OCVJZZgHSXHRcppa3DorIbDfFtfl-sso-cas.univ-lille1.fr:etud13
TRACE-86115-ZoCrSixA3VtRsZgC3pzV695XWpz2LkcZ035oa9lX3DtLWwfxlV-sso-cas.univ-lille1.fr:pers13
TRACE-86117-dnZcGjEikDhscgCguiN7X5xbykCfhXFOqEnb6Jk6dc9OCo4aTM-sso-cas.univ-lille1.fr:etud14
TRACE-86118-bHyR6mZA20qMvg7bl6q6O6QDAjM1Y6bsObbvXCpJxrJvIJfGEl-sso-cas.univ-lille1.fr:ens13
TRACE-86123-vTI1Gmro2QzqlDGM2V9PAaPTKdde62FYcCOR2qvMg9D90vu1W1-sso-cas.univ-lille1.fr:pers14
TRACE-86124-XxcE2zYMvhtCxdjJEfcQjPolAT0At2K1aytdtb2NfeqdEhFrfD-sso-cas.univ-lille1.fr:ens14
TRACE-86136-LXdmIlc9c9diwKNBNMDmThPnhYPtcnYesfgJeCdlPw6edl3cyD-sso-cas.univ-lille1.fr:etud15
TRACE-86139-fK1tQOsjldT7zrJCbU9pK1hQIRGd91kHVKOx69OYdykLffeU2p-sso-cas.univ-lille1.fr:etud14
TRACE-86143-cYjYQpc7rx7BPEtbAdVBnxvKjgHeF6basuWPWfxjj79aJifGM7-sso-cas.univ-lille1.fr:pers15
TRACE-86145-1zRvNZxfmcrARh3MOEegcDZy5neTOrboHihdDWfynY4Xtkwqw5-sso-cas.univ-lille1.fr:ens15
TRACE-86150-wOGKfqBRqlu5d0Df2ZyDwJ79G2CXykxv43RhEEhpghea72Kp4o-sso-cas.univ-lille1.fr:etud16
TRACE-86152-q0elsc1dcck2egKCFPDsae4evqYpbXayWJ3AahhuCdi965hQP1-sso-cas.univ-lille1.fr:pers16
TRACE-86154-P2w5EmHCMRfbcSol4Wka6EIcgjG3nxRKYE9TgjhgcbhQ2Uicyg-sso-cas.univ-lille1.fr:ens16
TRACE-86155-fEK6Meedy2DYth6QMB0zYRXD5CcZyiQAiIzNDh5ZrXpPiOpNwc-sso-cas.univ-lille1.fr:etud17
TRACE-86156-WcDfWPlkmsZgcNBSfeGzSleZq6EBc7p91RSeKhWtGHOyUdAJdj-sso-cas.univ-lille1.fr:pers17
TRACE-86165-33yUpDTIbzmDaU1TFSXYHy7bT5tYPCgg7O3IAjDJT3DsVS772K-sso-cas.univ-lille1.fr:ens17
TRACE-86166-KGed9rnDe5P2rKFFeeD2MbxCa9Q09QCo6uYiDeW9fjEaRcT53O-sso-cas.univ-lille1.fr:etud18
TRACE-86167-aNftVtked2Dpr94v03EWXwleFbFk0ajoCsbK6sKBFiDYZz7Hj4-sso-cas.univ-lille1.fr:ens18
TRACE-86168-TuG3MRfgmrc7Lf4Te339lXSQteQdvvO4Jl4HxApRII66sONPj6-sso-cas.univ-lille1.fr:pers18
TRACE-86178-bOGGvl4b0daMOo0tMrYZ6OBKWyCMKgf7y6PGkS6yBALRsXRUEm-sso-cas.univ-lille1.fr:etud19
TRACE-86180-BPKLwCiD6B5yDlDcwAvCcIxz7bRoiFeaICrKRG6AnRCj55wfdS-sso-cas.univ-lille1.fr:pers19
TRACE-86181-0scYfNcPcTscWH1pSvyQpz5rxAgW3qlLzZoC02b2gJVkKG4uNW-sso-cas.univ-lille1.fr:ens19
TRACE-86185-maeqOvsZk0gY4kjfNmIwZTB2ofqX5Kmr5fGa7IPvxfYQzSogEv-sso-cas.univ-lille1.fr:etud0
TRACE-86191-uZkSNdNbEkUG4LiZPdjOIK14WcnuDF27dYwLlHfQtVuQiasVAy-sso-cas.univ-lille1.fr:pers0
TRACE-86196-oDbnQknL7y3wLTDKFdGipre0EfkLueL5Z9Ff2TBaJnrdfZ9qcM-sso-cas.univ-lille1.fr:ens0
TRACE-86203-BOnbB5bhTcmeyyeaDN9gpDaf99xH6eJZZFopHNGBkn0osU1L69-sso-cas.univ-lille1.fr:etud1
TRACE-86204-iZzIGjgCfzjltZgGUekUm92fQQiJNqcTHXfUPepHAw1BXlpQTq-sso-cas.univ-lille1.fr:pers1
TRACE-86206-5SepPIobu4W7FP4dKbjQAtsHsztuQfYeasj9jHVomYTArfSwbK-sso-cas.univ-lille1.fr:pers1
TRACE-86225-aYLUdM16NLDNOxDSd9HRDPJ1jiwTmwsfYAVjRDqYnUDEZBdqsN-sso-cas.univ-lille1.fr:ens1
TRACE-86227-d5qUTguvGZaeVzeWNudTxgvHF059YVdkGS4akMgIrDIjhtIvum-sso-cas.univ-lille1.fr:etud2
TRACE-86244-FuzhHVeKjFbjueer7jYe0ZRUlDZO91gaCTcrvXhGITZGwehiU3-sso-cas.univ-lille1.fr:pers2
TRACE-86249-pRVqEiKTOrcIdvaqicS731oErLBhofQ6YSx7fCpfDp4600ntpv-sso-cas.univ-lille1.fr:ens2
TRACE-86257-cGIpKrUzbRgeTOarD1pWOTggBylHKebAAZ7QLd6KTdkKfqu5kp-sso-cas.univ-lille1.fr:etud7
TRACE-86258-JgdcGUPHBZZeFne7OYi4oS4i951NvCwu3NMeqNlBPX3hZDrNma-sso-cas.univ-lille1.fr:etud3
TRACE-86259-yr7jqwXKaCorqyt6Kel0w12eveQhSnQeXNzcNAVSkbSQCtk09T-sso-cas.univ-lille1.fr:pers3
TRACE-86262-sHThZheqkG4qeq19vPPpHwnvVSuwSY73SUJ939GALXxKWfS9X7-sso-cas.univ-lille1.fr:ens3
TRACE-86278-ubGnLMfnfKdB2XJCe0UzVKi1cHOruddfXaUKXsNaoCePCJzuZQ-sso-cas.univ-lille1.fr:etud4
TRACE-86283-ExmDpnfqr7DcvYTv4WqLEgBhSveLay4SzVT6RXRROzdYyNNsJN-sso-cas.univ-lille1.fr:pers4
TRACE-86289-RbwLyYuKHaMVduGbenyEbR4owvbte27L6UcUdtmt5lFgmwXx1j-sso-cas.univ-lille1.fr:ens4
TRACE-86290-wxDvZMOHRa5bNXvoS2YsnNaclflXrb4fTbr2xueBquNDsBL1IE-sso-cas.univ-lille1.fr:etud5
TRACE-86295-FWzQnCWbXkdzMWEJvS2dMoFjvbh5ECzn43fec3bskhTC1tozQN-sso-cas.univ-lille1.fr:pers5
TRACE-86301-gldRvgK43KzuTooK9uWdn0BxudauhrN271gUgO4b4a7LdJp2Q2-sso-cas.univ-lille1.fr:ens5
TRACE-86313-nPbgpBQwelMs09QMdWpUMjCOsWrp6ZUNNrw3oS6MwqtG6kcefa-sso-cas.univ-lille1.fr:etud6
TRACE-86317-R69ejUTOjaEG1egexSmpEeGrN41fJd7OcljtHqVrmqAluig3BS-sso-cas.univ-lille1.fr:pers6
TRACE-86322-9NlFQjbLcYaPggumfT5eE0UKmTCcjZ0wjwXznwzD9RggVSodTt-sso-cas.univ-lille1.fr:ens6
TRACE-86325-jzklxaIUgqZLvUsdZvNqFBiVuDyDkMwfpeXH7Yag6Wd9eNfv99-sso-cas.univ-lille1.fr:etud7
TRACE-86327-jXXLmuYfP3WedtBHq3YrV1eRf34bufJQ6YdOMy1ccaG3Bhl9At-sso-cas.univ-lille1.fr:pers7
TRACE-86334-THqHAoik1sJz6CpEybnrX221irA7n3UK5ArBDIUfbK49uOiUZp-sso-cas.univ-lille1.fr:ens7
TRACE-86338-fr29TpKyVrjgfAE0Ol9mz6yHcnxqc5fnSH3IDD3vipo4a26aUl-sso-cas.univ-lille1.fr:etud8
TRACE-86343-HxRN7FHwSHn743VbuvclSKnDcqCPzCyRSmadT5CKGnqSlefYdQ-sso-cas.univ-lille1.fr:pers8
TRACE-86353-KnULaTzDYSgypnrZpdQ2UNwTjmF0TdRGzqovyvv0HEbKdb2scU-sso-cas.univ-lille1.fr:ens8
TRACE-86355-IBJGnhXUYwXW1fOIiWoT1UcozhktKd1hw3hRrjAbUXcMHcGdQo-sso-cas.univ-lille1.fr:etud9
TRACE-86362-u027VPotGbOxLZ5r2bxdcIazPZePEFWIlSzX7GvH3CeP13fqIP-sso-cas.univ-lille1.fr:pers9
TRACE-86365-eXprUNTcQwVTAtSQj7SBlYFHSe2EotKkpJDgaPZWzjm3lAggBG-sso-cas.univ-lille1.fr:ens9
TRACE-86366-9zMnLRWBpK3Ev4h1HPdJR446oRCfgaMWxRSCIbwNnEGl3MMkXG-sso-cas.univ-lille1.fr:etud10
TRACE-86368-RSlKLbbjTgEn6zrv4ViU3mx3bhKygwQwWz5j2Jwbs3tpH3c2bB-sso-cas.univ-lille1.fr:pers10
TRACE-86369-heOQFU1gZun3wDgwfdWOqHJBFbMM4dpuPPkFyXiwoXSCt9oyB0-sso-cas.univ-lille1.fr:ens10
TRACE-86372-RyfDqB4dCQB1jdg4CLia0hpuc06Ab6D03GiZpg7XepS65k0OIn-sso-cas.univ-lille1.fr:etud11
TRACE-86373-n0wbZNWjEKfbYcOcdLIe4o5Ot2kVazfeOY1PXV4QfwSryKRJe5-sso-cas.univ-lille1.fr:pers11
TRACE-86374-njWMSsKefnXOfLWbR56bIdgXSBorSw997eW350q2cJIcSC1ldx-sso-cas.univ-lille1.fr:ens11
TRACE-86377-vBW4dqQPUFJSXuF5g0S2HzHRACoSWALGKACgwszaTHUcy4WCch-sso-cas.univ-lille1.fr:etud12
TRACE-86380-etJrQi01v9KhaXHTHs3jbqp0nDy2moWTg5PfKl4wRSZfh4GHSL-sso-cas.univ-lille1.fr:ens5
TRACE-86382-fx0dFg5oqQLbzgmJxVMDvT6ULl6DN0OHegFBc0VfTTgrBeNybN-sso-cas.univ-lille1.fr:pers12
TRACE-86383-QaUOjZcIpIO3jTdK1F0PqHeIX7yba9ZdktrQQkW2WP2X7ubLWt-sso-cas.univ-lille1.fr:ens8
TRACE-86384-FeRWuWXZcO4SNgWzQzLH1mmAQiuN09ShwfMijoiCYwAHihikib-sso-cas.univ-lille1.fr:ens12
TRACE-86388-Dj65MgG6oOU1MmaAClFFubb3TAj5SRglhAcdSDeEFBrFfnlHdB-sso-cas.univ-lille1.fr:etud13
TRACE-86390-LBdcrXgd3eIexOHzF2oVMMP7NpTq5ppdtXC1lcXnPsLCG9SeA5-sso-cas.univ-lille1.fr:pers17
TRACE-86396-B7KS4RwzJdbLRfV7bzCCIETaDwyXw2RE9HngR9oGFMJDHU6N6K-sso-cas.univ-lille1.fr:pers13
TRACE-86397-Xv74Wjhl2ZKOsfCrDekhMFLQ0fCcEtfyDPJpZ0wJufrOzxqE5Y-sso-cas.univ-lille1.fr:ens13
TRACE-86398-pyUabSWrtbbzuesDD5va2judR1eTjZCrCpuExptYsNhzV4AYne-sso-cas.univ-lille1.fr:etud14
TRACE-86401-qDaujuZ1NMVdBS1hxJSynuDYPAzbk5IbT9vKCGg6uJmiQD7Kzo-sso-cas.univ-lille1.fr:pers14
TRACE-86403-9gzwhaFL6wCeMLGdekNfJuVfROycHAndQsbvTM6PGBPCru5IUG-sso-cas.univ-lille1.fr:ens14
TRACE-86404-F6ScS2jPpPigGNEcfQdbSbXd4Jjwv45qKDiBxxgfS3uPH5DDWi-sso-cas.univ-lille1.fr:etud15
TRACE-86407-nbOKcrZEXuhPGbjJdYhXSM5CPWpyLeNBNxu5tgNFdtQENLjvgs-sso-cas.univ-lille1.fr:pers15
TRACE-86408-Q2MUtqenZrIfzl1Em0QRb5PexMbKaZOYezyunARRHu6YMOzcLL-sso-cas.univ-lille1.fr:ens15
TRACE-86409-XcZjrHd9HAgFzRXFwLVdN9EkAnqJ3D7B6Kr29NYLzY6oytwnVs-sso-cas.univ-lille1.fr:etud16
TRACE-86411-RmqzbijrRjOpVixigUEhRFghBrQF5A6ohBT932qkpD1jjDbyGg-sso-cas.univ-lille1.fr:pers16
TRACE-86412-liiOYcMAmlGpyJZTdTmUfltTeU6MwJv6EdLLpD9U9Nd6kwh6Qp-sso-cas.univ-lille1.fr:ens16
TRACE-86413-Kt6LQdyNxxknJ31wYXrqNnG5qrRbd1f7zQ5A5KwFRrFtO0gAhc-sso-cas.univ-lille1.fr:etud17
TRACE-86414-9prjVk9Xejd6Umwbht17jknd7kUAcjdLFOYopUjjsdgNIckEX6-sso-cas.univ-lille1.fr:ens5
TRACE-86419-FpiZuSML6XeCL6QqjLHMG6dLlRFZ5PH0lh9PPTd4ALqkOYkyGU-sso-cas.univ-lille1.fr:ens17
TRACE-86426-L0cREFwJF4aSGeidw7EuKgXfel7LblVlJPMpK6g0L4Mo793dnV-sso-cas.univ-lille1.fr:etud18
TRACE-86427-Bhbtc7Ysa6yN75PtvFgqakKkh2ICtIJkAldU1D6bqA9cba3ABq-sso-cas.univ-lille1.fr:pers18
TRACE-86432-yOCphbyr7GVpaf2eWJeqs4vquZhnsVVl54hh7jAKjNTKaA7356-sso-cas.univ-lille1.fr:ens18
TRACE-86433-9s2PO4ZdOIWcHpBnb5tMow1rVfAcYcVwkix6IVdUc2qjhWdeyj-sso-cas.univ-lille1.fr:etud19
TRACE-86434-7B4vv7RZZut1lIFyeTJEZLCr55BfuprHd0lCwiffxj6s7naObh-sso-cas.univ-lille1.fr:pers19
TRACE-86435-4LwwWeDtJwksEwyctP9WacQ0ZbttJLCYPzweLzaIbkohsMSbFn-sso-cas.univ-lille1.fr:ens19
TRACE-86436-iC2DjwB7NdVeHkSY5e09MZ62TOwak6d754kjQKzzxy7qTYGNSY-sso-cas.univ-lille1.fr:etud0
TRACE-86439-6hMKMklkpqr3YNMMfNuAzzDVWeFAZFD7cfqABte7gcphUi6jT7-sso-cas.univ-lille1.fr:pers0
TRACE-86441-fuu1cd6bN6d4bQ9kkUoKSv6cL7saRGKZVKt13lhudTHzEXnAys-sso-cas.univ-lille1.fr:ens0
TRACE-86446-h7IuDAWkcEEbRvtP5UdmBHRXjcKjvZUbteNRz4T9JWm5cf2IgK-sso-cas.univ-lille1.fr:etud1
TRACE-86448-NTcFsDi1xBxOhECmTVTWlhhNeZvEKqbIhJM7jJUzWnlwsaCxfS-sso-cas.univ-lille1.fr:pers1
TRACE-86450-saANstl9jrQeH4ugs4wUVjIBWfCZavdBdKg22N6qI0sj0L2zzf-sso-cas.univ-lille1.fr:ens1
TRACE-86451-CeDMYSRRfEBdIAaf0T2cnPhDDByE5V2UuV5FqQXDQqLrE9dCZ9-sso-cas.univ-lille1.fr:etud16
TRACE-86452-DvJoIuuemqbbq5heARfaLqnbxtIZYEa4YRXDMiuE0jqbGdNy5s-sso-cas.univ-lille1.fr:etud2
TRACE-86453-MSuNrtFZloPVUrJJYWbhXdUvCmn01Tmtcvr7Q3vIrPjVH5dQ1u-sso-cas.univ-lille1.fr:pers2
TRACE-86454-Z9veFmfQ40a3SUYbBLrhDWpYIILodcy4iHfLuRrmJTpYQNV2rq-sso-cas.univ-lille1.fr:ens2
TRACE-86455-gvvedOdZ05eofXNJb3gg3qdglvgkXtfr6hyAsdjq1L16qJmC6j-sso-cas.univ-lille1.fr:etud3
TRACE-86457-kt5Pq1mQ71OMDfQe4BATbPNJQygccDapT0UtxzeKRHhEnJZHM1-sso-cas.univ-lille1.fr:pers3
TRACE-86462-gQL6Fn57a34uosfH5MjdnqIWMLAQJRcBFbKTZVhlmFrPJ4JjUZ-sso-cas.univ-lille1.fr:ens3
TRACE-86463-bVLLWSk7QPSg4EtT9uh7IlomY9UflqPABabfjAEJaVfGrUPLdN-sso-cas.univ-lille1.fr:pers19
TRACE-86464-RzpsCBrzZnYBHa4FpEE1MF6AsMpV4ZiBWXb5kDRcl0qhFrHmMy-sso-cas.univ-lille1.fr:etud4
TRACE-86465-UgRItfDDHxBd1kOmhKiMcvYrwn7M6gacTCBKrziwfHlBE5vQfU-sso-cas.univ-lille1.fr:pers4
TRACE-86466-7bgUm2WiCcRubouveaISSJ7JdzTRYouyO70W9EIn50OErcv4Sd-sso-cas.univ-lille1.fr:ens4
TRACE-86468-zJVTbDrewftGgcZ5t2tNSJqGCDKwqquHOIevhkWRyc4i6lvejR-sso-cas.univ-lille1.fr:etud5
TRACE-86469-RTxe9MsaSWbvT2qdllb0jluIyXCgmS5yitYZu3bvaJ4sf1JQUV-sso-cas.univ-lille1.fr:pers5
TRACE-86475-t4lybFqPNXJlUAlB00cyosdqNrffFLc2QytowuhE7oWDNUdlHZ-sso-cas.univ-lille1.fr:ens5
TRACE-86479-fgnttdehQ9r9BW9YkrWZUQgj5qtdQL40e4v9gY42YQqPq4hOWE-sso-cas.univ-lille1.fr:etud6
TRACE-86480-JxAcwcGoevD1FfOCQMWKezNQbH7jCGwWvbt5NJfPJ6ZG3fHcWi-sso-cas.univ-lille1.fr:pers6
TRACE-86482-M1fK5qTM299i4MwsOCOLvLceFKklPXsETduCu53N52P2dguoYs-sso-cas.univ-lille1.fr:ens6
TRACE-86484-xTkIDDGZW0e2OkJxPEfS2nYMASyN0ik22h4sl15gr3wGaLxT2v-sso-cas.univ-lille1.fr:pers7
TRACE-86485-jCELVxPgdcCHPa4uaudCZFIpaxebYeX5PWid7uSmUQTBbrPckR-sso-cas.univ-lille1.fr:etud7
TRACE-86487-sEWN4niABeSbXul6UeaRoHis5T7pWI6oytYowETmd7reulQQVz-sso-cas.univ-lille1.fr:ens7
TRACE-86488-oxk3Otx3HOgKSuNCldxiWgxBH7hXlcwLI9brXlHyRewg7lxonv-sso-cas.univ-lille1.fr:etud8
TRACE-86490-aKOde6G5Chc5PMiPsaBrrc9Cuj73uqCy2POsfmrW6FTgkQdoNd-sso-cas.univ-lille1.fr:pers8
TRACE-86496-ZU4Fnea967KvbEGK0ebGtaSkzklEeP2CJDvnkUbMceMUbPSJRI-sso-cas.univ-lille1.fr:ens10
TRACE-86499-mRdA9Ek0PFG5zgaSl0OGxUXgWcPoIqlMLmrGC05WCAUS7SUM1n-sso-cas.univ-lille1.fr:pers14
TRACE-86500-lceZpXulNeEcJfbJS76yUxKepmgjbXAekyDUem5VjipF6VzJpZ-sso-cas.univ-lille1.fr:ens8
TRACE-86501-IuTSf1wcih9Hrlh3Bpdhtv2b5L6AsWdo1es2pQP5g0P9sZetGW-sso-cas.univ-lille1.fr:pers10
TRACE-86502-bp64daQzjeOr1CewU09OFNqKy9IRozhFzbqobRfct7OFpB20jj-sso-cas.univ-lille1.fr:etud9
TRACE-86503-hejPBYasRsun1UrgIhuEUdFQPiRUVPCQg2JQIme7ekxzHoGSEW-sso-cas.univ-lille1.fr:pers9
TRACE-86504-CsVFFg12NdIXB5x6iT5jz5gaoOMRNyuUiBP2oGcABGgTA2a3uu-sso-cas.univ-lille1.fr:ens3
TRACE-86505-dHIE7fJbnSIwQOZ3WvdkXirDwR9gNgES2TmCB1uQJW9HKYS4U0-sso-cas.univ-lille1.fr:ens9
TRACE-86506-pmIuGhRvjY0hUqAeNkLxk0RG249CO1EVIFaQz2GUrQQBxlLAoM-sso-cas.univ-lille1.fr:etud10
TRACE-86508-bNceAWlHvV44z7CIxcYCKa0YS13AD9sIQaCbPkMR7iqRxPkuXD-sso-cas.univ-lille1.fr:ens10
TRACE-86509-UybdSDM22FVD4piqGYaJozc6XCcWqmlJHm6kfhxK2zOgqfCmbt-sso-cas.univ-lille1.fr:etud11
TRACE-86511-AW0skvkSn7kjzedpm4scg4QTODLw5IblArqSnO7ih36SpmmyGS-sso-cas.univ-lille1.fr:etud4
TRACE-86513-bzH730EhqHPYbwHcVonsAadphGOa2wvieUisSoltSaKByWf0BF-sso-cas.univ-lille1.fr:pers11
TRACE-86514-EwzUFHbwTf4cq5YX2cQHfpu5AcyR6qPT7aA4KXSl4CDdlZTTYf-sso-cas.univ-lille1.fr:ens11
TRACE-86515-XAPdMy0nodao4SNrbljEX6Zcg1FwOe1HAMQON6B4ybua5c7rHG-sso-cas.univ-lille1.fr:etud12
TRACE-86516-VaKS5YmCtGxyQxe9QoBQmfXJ3ctis5YyDjReLeOvlVbQldH5Tl-sso-cas.univ-lille1.fr:ens12
TRACE-86520-6flTKs5Coo5P44gKiTXvdxVCeG9EFj3roxnUDQWdxIZiWFB9Kd-sso-cas.univ-lille1.fr:pers12
TRACE-86523-dSsxhUZ1zgVFTien7Z2JRASibWEw229Hix7VEV3wE3UzIRDCd0-sso-cas.univ-lille1.fr:ens12
TRACE-86526-AiMqUVl4Za7RbDtEMJ0gvJYc0FIE0cSjdDvnH4wG7ZHxr7HUOK-sso-cas.univ-lille1.fr:ens13
TRACE-86527-FXVJcAmN9eY24bsgX3Blay7tYyXdxgERVfWoVI37hEWxkx4r1w-sso-cas.univ-lille1.fr:pers13
TRACE-86528-Hqg3BTfaSb36wVL7KFdPlizdA3vAQQvXbfkHLPKHobbcdHMez9-sso-cas.univ-lille1.fr:etud13
TRACE-86529-THWRpHGG6b9JiHoHT9KsyaH7MXFcufVqtGc9FwaUYRqoXZAdDZ-sso-cas.univ-lille1.fr:etud14
TRACE-86531-PxbK2nRIDEFxeZugxOkOAFbrK44PeVgYMSVNADH5FgcPQYHRkS-sso-cas.univ-lille1.fr:pers14
TRACE-86532-9ZEfqO3b1OuXyABmifA5djdOqUT7hsSjCGpz0NG7KLJICnkqvP-sso-cas.univ-lille1.fr:ens14
TRACE-86533-eAWmpeVrX49igv27XTYCjNSC6vRoKtyAiBPITvZPUmsqliN0Ib-sso-cas.univ-lille1.fr:etud15
TRACE-86535-ioyQERTVhgfyobvgE3rSxNSXDYjsXlotOA7GMmnmywtkiJ2eMM-sso-cas.univ-lille1.fr:pers15
TRACE-86536-FLvbM7fYXbdHzDjXcSg6PZhtB7CwrcjrXRrMV5PIdgoCWZricV-sso-cas.univ-lille1.fr:ens15
TRACE-86538-bzNrUNgLWdR1ecoCe4GJtqcJlcRdYGhZdecdnmi2eA7zAQ21jt-sso-cas.univ-lille1.fr:ens17
TRACE-86545-iSazVnJEaH3NLUQUrSBmx0kNHiYAItKYeV0GwpmnQirybJTFaU-sso-cas.univ-lille1.fr:etud16
TRACE-86547-HAv7deeJTBCgS2cUPDa6PMnVdGqWhsBRmQtO0AdjKi0byueIVz-sso-cas.univ-lille1.fr:pers16
TRACE-86548-QUjZmZEgSIrJ3iJ7lHj7yQQZIGA6Hlqp3ReRcEJwFR2xGCzmcf-sso-cas.univ-lille1.fr:ens16
TRACE-86550-7ApVyarw2oCcfnINfUfjvkTj07DJerlWCOSfEioYFSnrEDJzbJ-sso-cas.univ-lille1.fr:etud17
TRACE-86551-cXrVjgTT9LK4Bqcm54v6D5fm562tMOcTNIOSburhvmvnIknvOP-sso-cas.univ-lille1.fr:etud18
TRACE-86554-UlCgfWoonr3XupCAXxDWvhd5PEv4E7vPBv7CF3HoquGo61nVt1-sso-cas.univ-lille1.fr:pers17
TRACE-86559-cF64gTJpNewRmCUJ0DS2pvdStScZrkDOsqtdvynu6UU3QOPJNF-sso-cas.univ-lille1.fr:pers18
TRACE-86562-RNrAH6XkhxlEdkEtSYZ6gitzlzhFo6ulGlCgvlh1jjapaHZeGx-sso-cas.univ-lille1.fr:ens18
TRACE-86564-PQvcgsA0uazUVqYgoyw6ecXoCgG334PTQmLCkCc24jz7rxHkXK-sso-cas.univ-lille1.fr:etud19
TRACE-86565-JBkbITHfcPSM3tAaq2bVRbDFMb5EEaMujF6k0Yd4ztZFgSmZtq-sso-cas.univ-lille1.fr:pers19
TRACE-86566-A3rbCiDMALNxXaGImNs0Hd52bf3rTCh5lRZk3AgqFEEJUeNCYt-sso-cas.univ-lille1.fr:ens19
TRACE-86568-KnffKGoLJvApSDgRaYJgVt4YffXAaasAqf1A5UJ5mlmw2IAf91-sso-cas.univ-lille1.fr:etud0
TRACE-86569-T2kx0UZcIlFY96rMgakcwpOYDsjXgcVna6euZLdWlfuRt1Pp3P-sso-cas.univ-lille1.fr:pers0
TRACE-86570-vaNr3ePG6hzT37hQcsMOzXkCCNHaddnf35RboWTuemMl5rCTxu-sso-cas.univ-lille1.fr:ens0
TRACE-86571-JeadNceMzo92qpeRhEZzpliHhaNFPL4ptfqDgvOtyWwUZKwS0f-sso-cas.univ-lille1.fr:etud1
TRACE-86572-2pGwHXExwveS5af0CO2iU0rGkCgHvk0zBhCxf10tMtgdXDBKqb-sso-cas.univ-lille1.fr:pers1
TRACE-86573-fxrhxd72f1xcJBab1bAk4eeEjjEADvytIGJx4bddVKudT0TLZT-sso-cas.univ-lille1.fr:ens17
TRACE-86574-xMvGXGdx9E3kSG1bScgrmXf1eworVHRzjMAZ54wU4zW2TZADeL-sso-cas.univ-lille1.fr:ens1
TRACE-86577-6kvaZFrR4t22tsBdNjisxReYtg1TWHwk22P46Xwgoq3ZqFwh7l-sso-cas.univ-lille1.fr:etud2
TRACE-86578-hxbTuddRqrqrTWrLpD1bZTFbTJuDF3VVRnrzN1PQLbYTFgmiAP-sso-cas.univ-lille1.fr:pers2
TRACE-86579-BLPskGcs4JETCM04FnXtnziTExq624TrgfQwAwDjUmB0o6c39g-sso-cas.univ-lille1.fr:ens2
TRACE-86581-ZHzSlMIdOIxqfS5BvdRppt4k9UagwF4ruq7SJYBegLJ1XjCNj2-sso-cas.univ-lille1.fr:pers3
TRACE-86582-tGrIye65VMIxQS06OM6RJNw7LOAWIKFiLDTuUvuQcCd9mNdOty-sso-cas.univ-lille1.fr:etud3
TRACE-86583-U1X0cLdIdal5esqOQcVz24jHC6jSseObZvZgzjqf4t1o6ctxTd-sso-cas.univ-lille1.fr:ens7
TRACE-86584-27m17dSPS51gbNvl9hBxbk9F9pldVJ5TYKuyWVlVdOnO4qAdbX-sso-cas.univ-lille1.fr:pers4
TRACE-86585-7WNBQZb4IdhFdynK4kvxfnfGfvA4UBccP1ymktYlyR0s97pZyP-sso-cas.univ-lille1.fr:ens3
TRACE-86588-Pa9V3jWxMOAwMFnAYJ7e4NHiKlXMhMpQJrspBweVayFwgDI6O7-sso-cas.univ-lille1.fr:etud4
TRACE-86589-GkNR3DY9QqkowzyImVEuu2QCuHfe7hsqXyBAHmj1lYZ0BuAXZL-sso-cas.univ-lille1.fr:pers4
TRACE-86590-d9ad6hiQKs9IKzIJ42QAPPgLGiUNbGWySx9PlfdtaLNeRcs5Ma-sso-cas.univ-lille1.fr:ens4
TRACE-86593-SzQ6eNn46be7MXJDAelbv5IM7RK50KVDyGUUn2QcrtCgyvBC3h-sso-cas.univ-lille1.fr:etud5
TRACE-86596-HGlOoDd9yxJdy3Xhb10ht3v41PE99GANNKDZU4VTxDqfgDjtpH-sso-cas.univ-lille1.fr:pers5
TRACE-86600-ze7PAclp5nHYicHBZRE4OwT7K2XZioitCA4EStvupq74I9HbLU-sso-cas.univ-lille1.fr:etud3
TRACE-86602-0kMb39MxGjeT5sPUDLF6db7Z5yQEgp9vc4CzJtsxlGCORN3IpP-sso-cas.univ-lille1.fr:ens5
TRACE-86605-Ba4b63IyXlV5CNYyDlytlWQPkfhEy6FQeKPu5dJckD9WkxyAeG-sso-cas.univ-lille1.fr:etud6
TRACE-86606-Fp7vwzZyEt9mLF5tFHkJ6AaPaxu9Ti4neDsrdUNIh5wv94Qccp-sso-cas.univ-lille1.fr:pers6
TRACE-86607-zBOVQsQiGxbBtv5okdpoljRDblQ4BJvx2Bl6ZjfibsE4fFaR3X-sso-cas.univ-lille1.fr:ens6
TRACE-86608-DeJ9EUXgTfZb1x0ckY74HU2LfV5qdaIiuuEVPqmTd3CuAGCfh0-sso-cas.univ-lille1.fr:etud7
TRACE-86609-ffhbnoMK9pGMf7EHgwqiFH3SaSbL7mYbIIBTiIMTTXuQUSxe00-sso-cas.univ-lille1.fr:pers7
TRACE-86610-Q5Z5sIjR63cYhubX3yMnEefqZSBVEknDHVmZGl5fUgRhRRff4v-sso-cas.univ-lille1.fr:etud9
TRACE-86611-qJikAsLIUgKxUCco6GxidsOSgQNiLpvPjgWfzHPvp7TDnZMrAJ-sso-cas.univ-lille1.fr:etud8
TRACE-86612-qAmggU0mBJACqYK59bmnf4DMxTNdbq2idwXpTzoUfKbLFnDoVB-sso-cas.univ-lille1.fr:pers8
TRACE-86613-t52D3R42rh6dEVZKu7QzWogDJdIxkkOUGzYcH7xuihxggoIipb-sso-cas.univ-lille1.fr:ens8
TRACE-86614-17WLNO6ueAIRq7OWT4GuT9niNigBnbLOQElONecig6bG9G59Ke-sso-cas.univ-lille1.fr:pers9
TRACE-86616-QdXMmJnumIyhDDEbhLhTBhKlmqNidejpPX72F9lbSp0JFKdCcn-sso-cas.univ-lille1.fr:ens9
TRACE-86617-AVMM6eP0DdZlQOxtBlVnEe10lFcqvMp5uYgogfuvpHo0GEpOwM-sso-cas.univ-lille1.fr:etud10
TRACE-86618-BobOpBxy1IEe7mOsVAK2OrVCKcrlHkEBMhGSqFFioq2vij1c45-sso-cas.univ-lille1.fr:pers10
TRACE-86619-EPT65jmx9BtNF3PrHj61yvMfnSD1MGtTO7c6bt7TUPfxCV7MXu-sso-cas.univ-lille1.fr:ens10
TRACE-86620-G4sSbvQfl2QA77QtZhm9q0I4GPwPGysXajVFbqpjtfgMkCYGnb-sso-cas.univ-lille1.fr:etud11
TRACE-86622-Dtx1t4jrVMLQwB9CplxkjBXZmpaXLdiGwtuzmwm4KQ4wNtkEbG-sso-cas.univ-lille1.fr:pers11
TRACE-86625-aNKP7jBUF7Q5HMURGpfRzJLfAHgm9Ss7p7GuDA2vgd7CtL7MKn-sso-cas.univ-lille1.fr:ens11
TRACE-86631-4GWo5w4Qjc0sGFUkjjZA1Gj9SwNB2pDIAXOgt01IVOtk7gXFaP-sso-cas.univ-lille1.fr:etud12
TRACE-86633-o4tkJkG0ZkKiWgwF9deUKDLFJuEBry7FqGZhAKVucU0HZJmeRL-sso-cas.univ-lille1.fr:pers12
TRACE-86635-3zuJ6WTQcKg0W3w14FfUoPa1VoBn7251wYmdzVSTjU2ZSFIzki-sso-cas.univ-lille1.fr:ens12
TRACE-86636-X3np9eAVVeGRlXLfEm74SPhGXiJUUp3VCe0KOpeEUd2b30GqRW-sso-cas.univ-lille1.fr:etud13
TRACE-86639-nfubvcycj5a5MVe36VTdwYzgeTfb05lf5gSsthKnxlOqg4knwn-sso-cas.univ-lille1.fr:pers13
TRACE-86640-zSjIscwmpSlWVhP3zeI1Fv6JoEKpvhAXpfdU3clqS2m5wVIf7g-sso-cas.univ-lille1.fr:etud16
TRACE-86641-GsekileKPVKXusSHkaI6eV4tadGVINPuylOJDNjICcENrhTJQu-sso-cas.univ-lille1.fr:ens13
TRACE-86642-PAD9dVM37yCmye3KsUqfkkkclBrrcjkJ13rpfZeeC5DNnQLsap-sso-cas.univ-lille1.fr:etud14
TRACE-86645-Uf9P31w3DLcRepweyvnaY2dwVEiZ7j2brL0abVwuQsR2oPeBHh-sso-cas.univ-lille1.fr:ens14
TRACE-86646-qOIR9Yf4elA9LQW9V5VdyeZ7UlyeIfVnY3hjgpBPf7eeHWNJ4i-sso-cas.univ-lille1.fr:etud15
TRACE-86649-bI5Ks5CGY2HNiqKIgG2cnyCKSujlXekjqwLEIpUcUE3dTDfIAj-sso-cas.univ-lille1.fr:pers15
TRACE-86650-eNJOqlBwzhHPCksX27z9eEzO9p92Zme6UCYsgqP9cacvzsY0Cw-sso-cas.univ-lille1.fr:ens15
TRACE-86654-wph15H5wTTtdM1q9blJXLbG4TQC39HVm9D7jzBMVg3YHZb3ZYf-sso-cas.univ-lille1.fr:pers16
TRACE-86656-mkqwwqbdSjcdr0cWe0EzQb4DIYbuGJcWf3zaSu47VweH7zdZdC-sso-cas.univ-lille1.fr:ens16
TRACE-86657-lMklzjokEcoszC4mpRQYkv4hVV9U9y357BfLzlbN9fSCKvEeDs-sso-cas.univ-lille1.fr:pers19
TRACE-86658-djznXcCDmm2jUCeZWUM9FwI5qxyH2Z6NvCgMs0ANOpTGbLCFdU-sso-cas.univ-lille1.fr:etud17
TRACE-86659-qyAbBjwx4z0xAxcDWZGjQhXTDWcRbXA9OwBbrUa6fiqgXA4o13-sso-cas.univ-lille1.fr:pers1
TRACE-86660-Dss6mi6qsrvYveRDgbkWbtClvx634vvxcfvsXDHJWsEFaen6Qm-sso-cas.univ-lille1.fr:pers17
TRACE-86662-3tG4CZIxILScHoIIgfvr5ZXW2cZvoLSOLGlpE9ardfG72yyegQ-sso-cas.univ-lille1.fr:etud18
TRACE-86665-1krKomVvInhlJBBI5KWeeQwmz2J3OLA99cgTaNdoIEfr4BMEwP-sso-cas.univ-lille1.fr:etud16
TRACE-86667-TCAzcsrrKbqxpiOdgYttLjgO19r5fIFemJmzKiOidNUpSQZk4c-sso-cas.univ-lille1.fr:etud6
TRACE-86668-OCBby5LPW0daatonuRQp7po1mZVahROofeqcgxA3bt9gbfmy2f-sso-cas.univ-lille1.fr:pers18
TRACE-86669-AR24NejXUqtuWmNFHsRLcT5DZ4fAmfh7ycyqVQ2pr7V1QebHkn-sso-cas.univ-lille1.fr:ens18
TRACE-86671-ZKSkvjTraGbBgTQ5ugSAI5nz5xDAOJYO1b5AGpLz7jQfCBtej0-sso-cas.univ-lille1.fr:etud1
TRACE-86672-hbPTX4JYTOpZrxRbuBB4FVNilOmhi7gOxpjarTgYeLo1lFtHXr-sso-cas.univ-lille1.fr:etud19
TRACE-86675-r4zDtC6uUxDoWnn1Lbfql9gb6XcC3ae3mj3blaujXJbUO9EXsc-sso-cas.univ-lille1.fr:pers19
TRACE-86678-sOkICya3FmCQgUxLl5sHKO5DPb09WcKqPeAOfkShgkbiS7cQA6-sso-cas.univ-lille1.fr:ens19
TRACE-86679-9BaXMZHXu5UFyf27muodUbmosdce0YxyqEuczfVrgIjaazfVoz-sso-cas.univ-lille1.fr:etud0
TRACE-86680-xocSqJPDBelXnbNGuBy4UhKT2Qx0Cv7ea7hUxCRW6B2Fx5m5v3-sso-cas.univ-lille1.fr:pers0
TRACE-86683-Rabs7CdKIrafxGDn6jtB0FCWRTiduIqpua7btdPWSGZpwltsZV-sso-cas.univ-lille1.fr:ens1
TRACE-86685-NEKrhIOur0c9cUORspcMNaPrl17QfjVT3dLmZ4UGISoslYaQwD-sso-cas.univ-lille1.fr:ens0
TRACE-86690-kECVPKAjc9aNOrk50r0iMqYqQeda5HgpLrS9do1c4tmxF3IfcB-sso-cas.univ-lille1.fr:ens19
TRACE-86691-eEQz4Wi92dB9J4e6kVkvN2yAafpXvW7aeAUnlITzucYSLL0cXI-sso-cas.univ-lille1.fr:etud1
TRACE-86692-PjGCDuOmUtccinpUabeAoi92gsrkAsAwLPefDbvNa4zcr05Ep4-sso-cas.univ-lille1.fr:pers1
TRACE-86694-lurJ6J1iG0XwHHMebIghkbxk4dbwNvflabteob0T60bwdE2qni-sso-cas.univ-lille1.fr:etud2
TRACE-86697-pploUooLvefQNcmARG9rUXLgZvVlvHSYaiIeBwj2fu1fzuoNuG-sso-cas.univ-lille1.fr:pers2
TRACE-86700-wf5TuYI6azRe7lx9owLVVhlSfMJSaDRo77nh5ek3bzkdhNW2nK-sso-cas.univ-lille1.fr:ens1
TRACE-86701-eMkJeY1jwO9pKw0MrBlMNEsnhDNpskJdOHPVVJj3FKO9msuo6F-sso-cas.univ-lille1.fr:ens2
TRACE-86702-aXVkQNjZydjpby4IWMubqmKhqrca5xfX9vYIUw7O7djhTipa3q-sso-cas.univ-lille1.fr:etud3
TRACE-86705-EWOLvI6z9Hps649aMbdoAvnC57yP9NnGqhIXxRDGUDPHtwvkmi-sso-cas.univ-lille1.fr:pers3
TRACE-86706-bUWda1fUXpsKIn6lF3H7zMlsofjsdJ9sD2Ao7yxBLtLpb2zHch-sso-cas.univ-lille1.fr:etud4
TRACE-86707-2dfjmUp2RdYJaSYfmpdGweWrREkIEWj1dFveJ1ljxQ9f6ncCXT-sso-cas.univ-lille1.fr:ens3
TRACE-86709-lqBR2oXYqcAIOHlkRe6CLymfOacuNvlPswIpKNxR1AnzohAnHG-sso-cas.univ-lille1.fr:pers4
TRACE-86711-VO6O21iE94VSY47u2Padxsf6ZiS4AC26Rs5oJjINeCqr2QdqcT-sso-cas.univ-lille1.fr:ens4
TRACE-86713-jrR6xnz6Q30vJeZ1dEDKNbEr9zbOtU0teCRzJypmvEOU3bbgUb-sso-cas.univ-lille1.fr:etud5
TRACE-86715-xglJNU42SxAdjltk3pc1BEEv9Lpjvj53qDQcU2N1TdAl9M6piA-sso-cas.univ-lille1.fr:pers5
TRACE-86716-pmeCdxYaLAYc70mbQVEwWCZQkhJpzQF6A3Ew1KCVQjYEq3g1wW-sso-cas.univ-lille1.fr:etud3
TRACE-86718-VniYDstnyTIO3j1EeauceXS6sru0Yl36d55QhQh1U2b3xJHvxo-sso-cas.univ-lille1.fr:ens5
TRACE-86721-EKMoz5CwaC25sEZYN96zYubmrf5dstHywttgv9A5PsIq1LI96S-sso-cas.univ-lille1.fr:etud6
TRACE-86722-SdmI9ITVHuGB6O3stekYjha4DRfftNJfaSkSZoLycdVgBb9xtC-sso-cas.univ-lille1.fr:pers6
TRACE-86723-gFWbJThnLGYAprffccA0kngij5NbTHJgcXg4iFIGPD2mH3B4kC-sso-cas.univ-lille1.fr:pers7
TRACE-86725-KhGNJX513tUbTZFi2soRKIlEDlKm7ZDMAK5TzIbvbduqp0IoEq-sso-cas.univ-lille1.fr:ens6
TRACE-86726-RUiRoIiaaPdPAzEHLb2lc1Slo0BgICNbSIyfBPEy1dgmMK9d66-sso-cas.univ-lille1.fr:etud7
TRACE-86727-oTDkCJ1TMn7USQC0cg4AZ37THDNPLpcdURsxDMrax4TVt4h3PR-sso-cas.univ-lille1.fr:ens7
TRACE-86728-v2IKwQYUDg4h5fi9BGoRwjOZZuS1bRimncvOZQVoIry4bZoxdW-sso-cas.univ-lille1.fr:etud8
TRACE-86729-i3fb9bF2MjxYefsgF2fBMt4Y0x41CYttbt4rPVhuFYqFCdTrNR-sso-cas.univ-lille1.fr:pers9
TRACE-86732-52zKgeMYdn0yatY74YRh0x1f9g05QXacvEpd22hTE9jVccj9Jd-sso-cas.univ-lille1.fr:pers8
TRACE-86734-p76gUujSegUywqMji2Pe4v2oENinbgNdToeGyDIcWocy0yoXde-sso-cas.univ-lille1.fr:ens8
TRACE-86735-yUoM5awjVe25Vwfa7lJGZyoKhfUOtCf0jLbp0UR3jxNLNoTBPp-sso-cas.univ-lille1.fr:etud9
TRACE-86736-JGTulhPEWOmtyPvAYUGxr6yHLfHceq0epVdepYM7l1bKXbo5bq-sso-cas.univ-lille1.fr:ens9
TRACE-86738-yMKIbMb1bF2xLgiEoVEyEFgkCN04O5yeZUG3ZtQadneZKxzydg-sso-cas.univ-lille1.fr:etud10
TRACE-86739-9L4bR9oeJd1b7hHwVO9U7bNUrSc9SP9IJXnWROdyaKS5Ff1atO-sso-cas.univ-lille1.fr:pers10
TRACE-86740-KjfZZ4gdJzYYXApgPh2bwltqGz4rvRAtoaWImQ3c1mLwGn0uwR-sso-cas.univ-lille1.fr:ens10
TRACE-86743-aN22laf4ehpizDvUTGWeWwQvW2uHcsznfniXhnzaaaxHVnSvFh-sso-cas.univ-lille1.fr:etud11
TRACE-86744-pfk0vAK0gSFJfDOSexpfXhcjf6mVkRM6dacg14hdEw5ZMB7KeY-sso-cas.univ-lille1.fr:etud5
TRACE-86745-13BafJRPMPdGQq2tvnFXt9hJYemjgIoAqiGckaQUQB1yqY1qok-sso-cas.univ-lille1.fr:pers11
TRACE-86748-uZ2ESUnSI9tqyF7pmTDCbB5tyRCTDmiFAaWcgLMgTpF1iQpxPT-sso-cas.univ-lille1.fr:etud12
TRACE-86749-6NoLP5iCnmklPpLNVIecLtD7Wm0xfdL4CU9szTCcbNr50ucCQG-sso-cas.univ-lille1.fr:ens11
TRACE-86750-YLAgOPx2sleADRZfTZJ6yxEUbAmpPa0L4x1Gwd6CnfItCeGU3E-sso-cas.univ-lille1.fr:pers12
TRACE-86754-MeWNO1wzKJacEtmPK1X0hj5NgXq7YzPNVIamqdEpVlKkcgR9Ne-sso-cas.univ-lille1.fr:ens12
TRACE-86757-wJtigXGSBpXwfXj1t5GeCTijEn9EXTfdj5eAIFVIQa6dQJlR72-sso-cas.univ-lille1.fr:etud13
TRACE-86758-dFQfLjCIThIelCysVxIb7S0wUgCgjzXvGgcOeKc3ZF1D5R3XLd-sso-cas.univ-lille1.fr:pers13
TRACE-86759-dqfobUJylxRfZMSAm49MHaSnHjt5WQjtDwwiEmGme0M0N6opcd-sso-cas.univ-lille1.fr:ens13
TRACE-86760-TUgcobPr7rYg9rclLinxVWnx1dAlU0ixNrVEjQi4GZfQA16pFk-sso-cas.univ-lille1.fr:etud6
TRACE-86761-oTGML3UMJwozVIgBeXRXpGNfl49I9ckzf3peOajVWdrg2e0TnQ-sso-cas.univ-lille1.fr:etud14
TRACE-86764-Y9651VJJmxbPRHqQlXNWWqsNh7KYf1sZZLElbVdwkCyN9xACAE-sso-cas.univ-lille1.fr:ens19
TRACE-86766-v0Lv5BcAZa2P3mQJvFlc2tTKbSovDjSMMbrboHlbCdq0bFmdLH-sso-cas.univ-lille1.fr:pers14
TRACE-86767-EnMeGGjSqt9NW4e9xL935xxMo6U65NiPPJcYNrzRWjLp4tmAGU-sso-cas.univ-lille1.fr:pers15
TRACE-86769-rmx4Ac2GjrEdKQqSHQR16z7g2AH9YrYzdZDpXNeLHljkMMqo6w-sso-cas.univ-lille1.fr:ens14
TRACE-86772-L5D7AdnslkgbXVrGMsGmSOJ4Nf5s5f6glQbGvATODT2w2lyyXy-sso-cas.univ-lille1.fr:etud15
TRACE-86773-Va3J05mfDTtLrIFNnbJzQSrTKSvfAsezLlmlKUcCTtMbMsQ2GB-sso-cas.univ-lille1.fr:ens15
TRACE-86774-fJlqBYSE31a3mfBsc4jeazXVkPsPgrMdLeDvIXWrLRx3KNvHXT-sso-cas.univ-lille1.fr:etud16
TRACE-86780-lvEfzW7DvyYPGuE4ZhuzSpceAdimVEca664Yrdg7JCf61jdpc0-sso-cas.univ-lille1.fr:pers13
TRACE-86782-ZXr3UBQMDfGblcj3vHeNrrYVEr1SK5SjOiPQJcfl2yBr4en0Xk-sso-cas.univ-lille1.fr:pers16
TRACE-86786-a4oXhxRa56O9mXyfncWj5cYcneUZ4BgX1GPrdNTxYmLbrD2Y3d-sso-cas.univ-lille1.fr:ens16
TRACE-86787-4SddFkvj2zIbEGXenJpwfarFL4Arw7ILpPvdjT3x7jNf9cy5ER-sso-cas.univ-lille1.fr:etud17
TRACE-86788-LL2Izcv3suiPd4YtL1ZMblAuQ2MuoafDUSFOceV912VRiZefr9-sso-cas.univ-lille1.fr:pers17
TRACE-86789-OiBNMOujcb5lCBzFeERdJUpywx4WhmnCI9F7lkj600J1UFj6Hc-sso-cas.univ-lille1.fr:ens17
TRACE-86790-Vi2bZz1fIO0v4kPBpSej9OXURmRGrqUtgqFZfALtQp3eERuvzn-sso-cas.univ-lille1.fr:etud18
TRACE-86808-IytEmUc6yD009T7XHVUwoKDFJ9CnfNp4hTca0Z4ERyJLpNP164-sso-cas.univ-lille1.fr:ens5
TRACE-86815-3dQOIhqArgr2RFwerJWcFTTYcqiea0NYP9wm7mVXXqpYRpHtNx-sso-cas.univ-lille1.fr:ens5
TRACE-86816-eZyusIfRGrXXxmUco4juhTYxM4J6jm5cYF4fCUK7drdBpYeZyk-sso-cas.univ-lille1.fr:etud2
TRACE-86824-39fSJabiGWFp3cUmvbJ5OfitjJf6dJUBlaGQJDZY6TRo5brgkw-sso-cas.univ-lille1.fr:etud3
TRACE-86864-5RfckUqEv672cDadRHchxZcDQSbc0WzK6F94Sm7t5JgDplq2cf-sso-cas.univ-lille1.fr:pers18
TRACE-86875-aIaO9ZfDGKoy1o2zq2kb5ioWlWHdl7yDIp7kI30LpIjQowpqBV-sso-cas.univ-lille1.fr:pers18
TRACE-86932-tVRRbPfJpqQNFjRuGWd0OIyFdyYQkB9svf2jWzzQZWwD9araa7-sso-cas.univ-lille1.fr:pers8
TRACE-86954-rCgKxOUztTdYJBW7OyqYZam5G3WVmILKdWelVYuYFdCHlqy25L-sso-cas.univ-lille1.fr:pers5
TRACE-86969-9oJm5etIVDhihJbn5oWetfMIbb9ZzgMXEqLbtwwfxTG4nQ5EuF-sso-cas.univ-lille1.fr:pers4
TRACE-86991-LZnownQG4ZEJg6gJ5mXRFYN6GMMfHckbcq7DeU2IPdWpzwRpg2-sso-cas.univ-lille1.fr:etud10
TRACE-86999-WBziUCdDJzyZc0NizfHvakYmetiRtRwrIpdrQHvTdecw2LFGcN-sso-cas.univ-lille1.fr:pers17
TRACE-87009-CzwxKDigVhMOO1ffJfxHoW4ruCdpZLVyz6xLtADU0ZEMu74Xfg-sso-cas.univ-lille1.fr:etud12
TRACE-87010-hbzayfCbIeBGyNaPmKeaGanPapAVh7pEKpvYrDDKTieR7wa1Fa-sso-cas.univ-lille1.fr:ens14
TRACE-87054-urGHzPyQ2JQAKBiyyMsJPANUXUDDEhvGQHZIYiWpfGY1t7blFr-sso-cas.univ-lille1.fr:ens3
TRACE-87063-I7j6x0GfvbqvISqkGtIgBi1u6uEPm1VV6rmCLpZELBp5Jpxc22-sso-cas.univ-lille1.fr:ens5
TRACE-87093-bop5YreKQENAHM9Px56DqeEtljzVOaM05g2OjfalZEsV5IbHVP-sso-cas.univ-lille1.fr:pers7
TRACE-87153-EYoDSwy7enhK5exwrCzgcgWYBmubLfqJqyr7stkvCZ6BL6zNeT-sso-cas.univ-lille1.fr:etud15
TRACE-87156-doiIoHIhoqxQ79mFpFeYA4WziEyohFwpfJWrtGddqL5hvmNd7U-sso-cas.univ-lille1.fr:etud14
TRACE-87183-czeXntloXqtPyu6utwQ4jeoRblWXgTa0dMJQNlz1FEeolGGgT7-sso-cas.univ-lille1.fr:etud18
TRACE-87189-knTbdpkMZ9lbdTfSSY4m6zBuW3eeEaRF5JysIO70CrZQ51YdsI-sso-cas.univ-lille1.fr:ens5
TRACE-87288-tWlvbg20gbTn9RFNyds0sn5hir9yMQHNE7HZQgZ0fVPDab465z-sso-cas.univ-lille1.fr:pers15
TRACE-87290-bY4bictH7jeEdImaryzbr7oHbOBCsQfCEcfwezlIsIYH30nIwG-sso-cas.univ-lille1.fr:pers4
TRACE-87296-mzYjT9d09BhsUVk30ib9SNbXqnHrkfkUp3xHLOVmBz1wIH2lGa-sso-cas.univ-lille1.fr:pers18
TRACE-87323-IOBVcPFdhRqlnUGhpEHeKoKWfRChe71uYjn6lnXe3SHgReJmQm-sso-cas.univ-lille1.fr:pers9
TRACE-87332-gYAxwedqMAFfPERya0UWjXAtHASaTwc7fVdodaHzdJaEcwxunN-sso-cas.univ-lille1.fr:etud12
TRACE-87359-c7zgPud6dFTQy9HOVyUgQtwwF3jIBuRXnyMWm6hm4UwdPew1Tn-sso-cas.univ-lille1.fr:pers12
TRACE-87360-fWV77HSfP24pQC2yjTsU3cVbdmwPY9AeMYscYJfDuKqOrCesUN-sso-cas.univ-lille1.fr:pers19
TRACE-87375-dsWqCQiNBfcIz0ZFvPuKnBkMMcqCtpFSUNaCf3iTBTiZj3cFkP-sso-cas.univ-lille1.fr:etud15
TRACE-87383-9Lhmgi1XbE12EPfIEHrzLcA1ARa0FFEsdh79xmYantKnHBTTlw-sso-cas.univ-lille1.fr:etud15
TRACE-87392-ZOMJ2KtuRMPaJJhHzRNfxbWX6gdbji5pdQa6xrLba2Gd1LgBWC-sso-cas.univ-lille1.fr:ens5
TRACE-87429-TpDMzVNItVAyYvdGFMNWTQ7ueFSx2cK4aT6nohIp9RSDItetQE-sso-cas.univ-lille1.fr:ens16
TRACE-87445-gCxkJrZdCq3ve56Wbaf9Ny3v9UojuygIf9DfT0cZzbqtrmmXPy-sso-cas.univ-lille1.fr:ens2
TRACE-87457-PUpeCkgfd9u7ckci3ElKfRB9IMcUOIXkfkY2ekfAEdAfgcNUOZ-sso-cas.univ-lille1.fr:pers12
TRACE-87491-e79xRaAB0UhP4iOzWkMyPnsqD5cCHTAxzI0DZTQfg3OqtvwaIz-sso-cas.univ-lille1.fr:ens11
TRACE-87545-u4bguv1vZPsK5AqMpc9Twoj34GECkIWcyVmRmQhbfNtecaZuRB-sso-cas.univ-lille1.fr:etud14
TRACE-87621-fWRRurLawYI9ItA4greurWDSWnHYNYRln31rfebJNCs3NEy4ch-sso-cas.univ-lille1.fr:etud17
TRACE-87744-sJirvVsMQozDL9kANWfixz6YfABt3E9UasWJcCbcSMAgvzRxvY-sso-cas.univ-lille1.fr:pers14
TRACE-87750-dxFrU7taPYPXxExShi25zAHUN0huBmG7tzRyb4EmCjHODKpriX-sso-cas.univ-lille1.fr:ens7
TRACE-87757-qYGnwFDDVzUBMifsoivPYIILTg4bVoX6R0vTkZKPjH9yLe4ShQ-sso-cas.univ-lille1.fr:etud18
TRACE-87783-ALhFfFZrn7QKOZeAJdV2dgiKyrzVPHTR4Qyg15yoHdK14yhNNV-sso-cas.univ-lille1.fr:pers14
TRACE-87820-71qPeJbUebZG1LR3iKN4qBGeSTLio6pTdZSGCzhdegbny4gejP-sso-cas.univ-lille1.fr:ens13
TRACE-87942-SwjrshKuQa4qmqisv5HfzNSZnXg3N90ytNyOi1uk7g6HUFz7eB-sso-cas.univ-lille1.fr:ens4
TRACE-87949-oZz0SgvI9oJljkIonCK6nqZmvFcTIHAXVpOhkbheFbHrJsclrW-sso-cas.univ-lille1.fr:etud15
TRACE-87957-syU3W4IyyXuOrgjYqVqPeS69huSO33RjcrJ3ojz4wlWunJ4pMB-sso-cas.univ-lille1.fr:etud15
TRACE-87979-YdSsYBo4C2Bas9hYA4iKEDXceABgWQBSTqxMZNdEvqUojmWfuX-sso-cas.univ-lille1.fr:pers4
TRACE-88008-HnljlJrDykfRqXnctiRYzxtfHwazCUH4m7v35whC44FIuNok5I-sso-cas.univ-lille1.fr:etud2
TRACE-88023-7USG6rQR5q72vvNWLuq4EfS4sUUT9BKnfrC5MTaCB5spttScsD-sso-cas.univ-lille1.fr:etud2
TRACE-88037-VsqXlfsbUOVbtZf7PRC2t2h3tzcFethlWbZQy4y1Wvsr9IQlkn-sso-cas.univ-lille1.fr:pers12
TRACE-88054-7xKOoriQAewXwXJ1ZgO4TnaE6fu4cz54dwIVilfSfEfus5mJwq-sso-cas.univ-lille1.fr:etud16
TRACE-88129-a1TmEtVd6dTwbXgAMlBpAeCcx9N6F1b6ZoVq96Bwg1kFNVDGeB-sso-cas.univ-lille1.fr:pers13
TRACE-88155-eKfa1wTcMXBflq9JZIuVVkDcGQQcUvSZhjxHbk2wDDgSqeD2Cg-sso-cas.univ-lille1.fr:ens0
TRACE-88199-zOoOCNINg4oOecbACHxsyxNIp77pLfS2TLMFdpFldlpAcUbT7e-sso-cas.univ-lille1.fr:ens5
TRACE-88235-0jNL6pBNvW9bre2nal5lkH4laEYjkcZEkMRvzdQ5VyfT7OkORo-sso-cas.univ-lille1.fr:pers0
TRACE-88254-dreC9lJkSyGEYPZVm4bcuLxysfIq0eGg7sgBCMYJicaZAXAdd7-sso-cas.univ-lille1.fr:etud18
TRACE-88267-1yNibgq4MDP7MQq0toQhtM7HKUdpsmmWYNeLDPsUAJw06RbTYM-sso-cas.univ-lille1.fr:ens12
TRACE-88299-nuoQQPqdyxeYcDmLQRCvHEcwl4Smd003uV3rvfzjjpdd09D4sz-sso-cas.univ-lille1.fr:pers2
TRACE-88323-bfqZV44CLROmOoXhPulffkdFTrkNFQuPiCXorl2vGfVIHbPdAk-sso-cas.univ-lille1.fr:ens10
TRACE-88377-VWxuwZl3XryVP3kgZKjhjjclmlfKMNmznQFne7LAL2evBRkES1-sso-cas.univ-lille1.fr:pers18
TRACE-88392-jYgpO5zeZoJlkBHNlBot4Aho1x1oapDYg50fcrLPN2193CUf3R-sso-cas.univ-lille1.fr:etud15
TRACE-88401-9EqAeaPdvPUiIVd4DknIuw9by4vGXGHYcNQMBIIXxThYRQrQaF-sso-cas.univ-lille1.fr:pers12
TRACE-88423-b0NUBUastOLUCu4YvFfMPmUVKKxcUzHppX3FL4f4Me7Wem5EGg-sso-cas.univ-lille1.fr:pers4
TRACE-88430-Tbah9uOjQOXPMIfFbETn3PMJaxBxaKuzxogAIc7sbmJX3VLXNQ-sso-cas.univ-lille1.fr:pers5
TRACE-88436-aS9P3eEaTJS0afCdzcgLZotzYlouS7cXcwp04fMUNX5cy3QfjV-sso-cas.univ-lille1.fr:etud15
TRACE-88443-aCPHRRn5jViCtNhI1BqrILaR9CUXKAyE76RhxBEicRJNLO2qhu-sso-cas.univ-lille1.fr:pers13
TRACE-88456-tTCbDVkXeRM6BaCx6xWdNHtVSznObBHnW1E0wb6DwhGunQYfdD-sso-cas.univ-lille1.fr:ens3
TRACE-88465-McMkFIADb6IDoU2uMuHdJsD19TtO5HjFNsoWM10J7HSORHvhtS-sso-cas.univ-lille1.fr:etud1
TRACE-88480-u0Q5BBeLmdQXMVZbXQNOgTfXoe6poRVWADuaoD9vRek5xeaRPq-sso-cas.univ-lille1.fr:etud11
TRACE-88481-VvIi3PRIRcz4GMVzRo7y4U4nkqulJbCtMfkPIc5W3WQBmGPSNm-sso-cas.univ-lille1.fr:pers4
TRACE-88491-qNIUGaTFwGnjRbtp5yFGaDCg77PzpGADAmokQSd4R5QQKdMuF1-sso-cas.univ-lille1.fr:pers13
TRACE-88517-JFIoypECVdETOHeKibyON3TmJBCJ7e3TTNlYvfNtEKJjNb4NyV-sso-cas.univ-lille1.fr:pers2
TRACE-88537-1yOkfMbwefSVf5abikfj0duPU7dU3j3u66zMilRziUBu2m7vyM-sso-cas.univ-lille1.fr:etud8
TRACE-88543-CZqgxrApa4UAfrsIsdhoDDWjdRVduNQHgURIOz0NFBavILY3Ll-sso-cas.univ-lille1.fr:etud5
TRACE-88576-NcLKKOso1pnMdLlXnb65ngUVHFD7FZ0Dnb1aob2d7dGWeEb9qy-sso-cas.univ-lille1.fr:ens6
TRACE-88596-IoAdA5wdRf0t9nrHyV25Li1mdGvt45puFZKASSHtJMqvXbVNXH-sso-cas.univ-lille1.fr:etud11
TRACE-88681-clAaCP4GL2HtNZuAj9yEbGYjKd6opASDAoKXcTutrMdlnakhsQ-sso-cas.univ-lille1.fr:pers18
TRACE-88684-AiNTp4gDqjrniXQ6n6WE4zgxv6SIp2k2VdcvLozi7VBxR0LXMj-sso-cas.univ-lille1.fr:etud3
TRACE-88708-SUyBnBeKCeidtMxge2MZrxH2na4sNoKVjk5vc7TGMGlyweboPV-sso-cas.univ-lille1.fr:pers12
TRACE-88749-vVVkSJ76jEE7ghz9J3syIUqOamhQKwdGZXAObmxOHNZaFkwPTW-sso-cas.univ-lille1.fr:etud16
TRACE-88750-hHCLxMBl3fXz1CiCakWwvBm1HfKnxwUfTZSdSmszY2gVjxpvyY-sso-cas.univ-lille1.fr:etud0
TRACE-88763-gfeGtZywdIFOKhVxyazCLVH2a5kdSIsNAJBGCFtYed5OFw6yPS-sso-cas.univ-lille1.fr:ens10
TRACE-88768-sezZfltoLQEmlNhFLlwCJ1d751ngljJcxErRdbpe39abpIk5Zk-sso-cas.univ-lille1.fr:ens16
TRACE-88795-Xw4xZsctBOl0mNifU5ooQYn7QZQAmbPmtDdhjkuqMk5j9k11XE-sso-cas.univ-lille1.fr:ens13
TRACE-88803-nw2k6umSZzfVtTNhJoJNyXmKPFJPkp9mBQMbIi6K6leXCzGel2-sso-cas.univ-lille1.fr:etud4
TRACE-88835-YHn0YO1oi92vKvHJ5DBCuOO2Rskt3bObgxbjYBQ26ddMgYM0pr-sso-cas.univ-lille1.fr:ens7
TRACE-88839-fTbBEa7PdcaxkNKvZiLX9NOCVhevUTEPipBQ4XKfeXWtdTbnSP-sso-cas.univ-lille1.fr:etud18
TRACE-88872-BEKfTc6xUeookzo7FESf0m7NufGFR9VQx1gmObqYL1CbW3dClZ-sso-cas.univ-lille1.fr:pers3
TRACE-88874-zRzsyNavofeQCC7VcRVHYlPkcAp3Nn9tWc2h241pwzOGIrROXh-sso-cas.univ-lille1.fr:pers7
TRACE-88894-bqPwB6giJ0nklegkiJqn3Y5L9x3kMYK0G2X5YMFoBW0B9kqUgw-sso-cas.univ-lille1.fr:ens5
TRACE-88907-MpVfEstkAG4swmc2mYkQgPgfgjALe0fgZHBRqpkxLKXl59Uqio-sso-cas.univ-lille1.fr:ens7
TRACE-88920-qkbBm5QvxWeAeABCr75i5UkY44lbYda0sxOi5JaLygNc72dYgm-sso-cas.univ-lille1.fr:ens12
TRACE-88935-b1iLuQJ3KICpWZ3iUBjX4dffGvQjuENYRJK2on59cWsUVKuMu6-sso-cas.univ-lille1.fr:etud11
TRACE-88954-i4abAqtVHh0dqRnRNPBdKJxuVLpdcxZAagsiNWCw6BLc45JxCO-sso-cas.univ-lille1.fr:etud8
TRACE-88957-hmQangnHtBdLXlc3ljmxYNUAAbxKfskgPKJxo1LnZCFEgmET73-sso-cas.univ-lille1.fr:etud16
TRACE-88958-GwlAMAaf1lglWEly7wSJn5ussgMBugXzJf7OsFxO4zTpuaTuuf-sso-cas.univ-lille1.fr:etud16
TRACE-88980-OOv1vZXwU2LKlfStf1HjXuSwcKPhgFebZzuRDD6bnZrSPPdDji-sso-cas.univ-lille1.fr:ens5
TRACE-88997-eZCgkRmnC62eS0f3fndbUNwJqSOUNcdGnMlANw1Wn2YKCdRbiP-sso-cas.univ-lille1.fr:pers11
TRACE-89014-dABqbVXJspy4F3bTvqceBe1OHxtNy2YbFUds0LYIU1YsIQfwmw-sso-cas.univ-lille1.fr:ens4
TRACE-89083-p2DA2jyeMcgIRKp4ws2fpwMeBKXdmedkugp90BjBFyGBxSHXNW-sso-cas.univ-lille1.fr:ens8
TRACE-89092-G4m9jBpLn5OhFGNlf3I4dNxfQcqOfbWWo6Js9WFE0uQtkZ4fqt-sso-cas.univ-lille1.fr:etud7
TRACE-89151-RdBJz3LMjJKB79hMeP00zFae2RbTr4VZq0FbCyFlMHDZiHmvKD-sso-cas.univ-lille1.fr:ens8
TRACE-89191-FBdQjDKh7FYV0KUjhUSaBVtL4fjFf0R7FcJ2OOOpTnwJnmkc7X-sso-cas.univ-lille1.fr:ens9
TRACE-89196-OskMgC0OafzeGedky1tYPt3s2GhPgQIzgmjHcEkVBOj5yVKELo-sso-cas.univ-lille1.fr:ens17
TRACE-89204-0D1lhQ9iceWpDcm1MVknYdgcn1aj6jRShOhWa4aTnjoxOIvkvD-sso-cas.univ-lille1.fr:pers18
TRACE-89205-aRpisPeeWmygwNlD2nRHnABeq5UKwgTcnT5XkMVAgiGT1Kfaby-sso-cas.univ-lille1.fr:ens0
TRACE-89254-etcn5UtsZnBRX5eEFJuyZeTCVM1Wt2K9CClZHaVXULcF0tL3Jz-sso-cas.univ-lille1.fr:etud15
TRACE-89296-ODIXVZ2DGFkbftofzGvQU4qRgUkuMMSonnHA45uf6QtxTtG4dB-sso-cas.univ-lille1.fr:pers4
TRACE-89323-s3jxyhZ27tvSXniFwh4Y1IqzAtlRNZ4RipK3i2F21za1aVNkcm-sso-cas.univ-lille1.fr:etud17
TRACE-89334-NOOLnhtbRPlUoNm64i9hN9OwMcFxILnVREditQWu36mAPou0eY-sso-cas.univ-lille1.fr:ens12
TRACE-89339-6gSlGdNjUdCYGCfvy0xm6VNurCNAdvOMQDnwAEyo5945SbSgGK-sso-cas.univ-lille1.fr:ens12
TRACE-89347-NpkmIe7w1igmKdwhSbqaw4LUuT3wr6bE26PvlAFcGnarXyPHFe-sso-cas.univ-lille1.fr:etud0
TRACE-89355-FrDbKG7Yt4I07Z0mcrqBd65WhQovht3NQucA4y3beO42wegaVz-sso-cas.univ-lille1.fr:etud18
TRACE-89358-f51aj0qxZtckqa26t2QMPOeyJjyx7kF33BaPGC0RpZdKuJqlPq-sso-cas.univ-lille1.fr:pers13
TRACE-89380-3epfeO5HdspygXr3DxxeBCqXblfPcTaC5pY5fIKWOTAzDh5qaa-sso-cas.univ-lille1.fr:etud8
TRACE-89416-w1KmAtVa529OJGadOjD4wiUj74e3ZOgRiffPhGwto7V5EfY5fX-sso-cas.univ-lille1.fr:etud16
TRACE-89422-rCPxB16MmWaxcsGEchyL9BcejOls9J6Swse97Sj5sXVsgJc9Pg-sso-cas.univ-lille1.fr:etud19
TRACE-89438-P9wgHTxM9BMylAbXQHpDksYgO5z1rek0cP0wXh7Ogao1M9OkmK-sso-cas.univ-lille1.fr:pers6
TRACE-89460-6bJZuo6jnh0mqnmguwf4fa5tdqOn5vbO2bwASpneIfQixY0JrE-sso-cas.univ-lille1.fr:etud11
TRACE-89464-doDsgdcKN2VyHn3zrzXGdhbjWSeKMwadIcgXn5bU9r7aRwJTW7-sso-cas.univ-lille1.fr:pers1
TRACE-89472-5bsZaCcXwmcyYtiGPbmxt4zau6e0SO7mXEeqO5CvjacCQ3UgSn-sso-cas.univ-lille1.fr:etud15
TRACE-89479-1w0F6e95wI0mMTOZarxsVuI5kCtsAmadMnSXfYXR0cKDhXUVeV-sso-cas.univ-lille1.fr:ens10
TRACE-89669-DBPn4l6bGicESqvxtcrwtpbfhw7NBIDFSooOFFaeinUPeGuryP-sso-cas.univ-lille1.fr:etud9
TRACE-89705-YaLQOMf9bR7xdPBuDtQhCsNmekufF7JBsjWImkdS4qawhDQOR1-sso-cas.univ-lille1.fr:ens5
TRACE-89712-dXbqmCffJyGlMyejLIL3pkHf5MLYiRKX4Vmi6LJHgsx2ccdrsE-sso-cas.univ-lille1.fr:ens5
TRACE-89719-Z3MeKganheRDwfOqaHQTMuSTMSCULe7bWzFoHbNjS1vaR59TXv-sso-cas.univ-lille1.fr:etud0
TRACE-89720-YusgTNPTG9JmZbbp1xDDFlXgbn94mzU5l9QlRMaHyEkfEV4Vs2-sso-cas.univ-lille1.fr:ens17
TRACE-89777-MbIQLdxBX4qHPlqSofUuF33DntpacZgMBcKHNiAc9X64akzmhJ-sso-cas.univ-lille1.fr:pers8
TRACE-89793-MeIe0feTz7obfESCuBpD5MIKhgP3bfCBAnDr5apHbhUtcasepU-sso-cas.univ-lille1.fr:ens5
TRACE-89808-HFuJyfg55nQJYrHLMC7jCZrsLNdnhI4cAa6LgrOT4axYqRB1oG-sso-cas.univ-lille1.fr:pers0
TRACE-89960-GN6wczfWiDd00x5yl4Bfp2qx4FLFmtnxpuQbOpk9WY9Kdslj7j-sso-cas.univ-lille1.fr:pers9
TRACE-89973-mwUQrhDdh7BhGdXpu26alhcBTdcLYCu6NLG0W9cLfaLmqgkqPZ-sso-cas.univ-lille1.fr:pers13
TRACE-90027-dTQ9roSaFhBFMIjRnhGYsR6tXw0HUgw7sbbsX0kSfnpkCzs2oX-sso-cas.univ-lille1.fr:etud12
TRACE-90030-XKuZHFR2EukCn1FbPcZlq13wM9rgfWUuOJxtvhXZL5JKc3wJf1-sso-cas.univ-lille1.fr:pers16
TRACE-90031-rzCWUF7zXp1r3TsiFZHyxkoyKuJB9hsrCgmrKbrIaeDKHN9oTb-sso-cas.univ-lille1.fr:pers4
TRACE-90077-X7u1dHPfjJQnWbpgggenFyJjj7F7lSIlRxBqXwC5O7rrTFYx03-sso-cas.univ-lille1.fr:ens13
TRACE-90083-5bhEJZxLeLWz6z4iciHcmGlZDFbuvWQsfVquhNpMwQeYlv3bAb-sso-cas.univ-lille1.fr:pers1
TRACE-90095-4JmTeNEkphYJoAmRDq5xv7AsCOFeTjP4gTnrgppnVBXNZ7c6F3-sso-cas.univ-lille1.fr:pers18
TRACE-90127-TIZlK7y92fDhsMS4Pxi3PJhPaoacS3FrbYmEwHsMOt6u7sQBI5-sso-cas.univ-lille1.fr:etud1
TRACE-90171-W6s3wKZq9aM2JzPf0APoEhwfo0euvquO5nagipgeikzwOrsRJL-sso-cas.univ-lille1.fr:pers9
TRACE-90204-R15xgERx97Y0UmqvvLnFSuXtwao4Y0VMH2Bk1pQBRghcVLvCUm-sso-cas.univ-lille1.fr:pers1
TRACE-90205-6zOBumLwWnazDPdNvEqzZAEPA5v9OfbBpm9xU9NSYpBWasYfgI-sso-cas.univ-lille1.fr:etud13
TRACE-90235-beVgMEFXbJllB1e0SKgZz6dn9dTuwSuEoIGffuVJBXBwUDfKUQ-sso-cas.univ-lille1.fr:pers18
TRACE-90244-IG1peP9cqsWevvKHxu726MdwBOPJRetrWFaG2AClYkHYH9wDRI-sso-cas.univ-lille1.fr:ens7
TRACE-90285-gaYpffA6slsFko6bggGp4zrbfrFnfgYRdQAGxp3WIfQda9eVbd-sso-cas.univ-lille1.fr:pers12
TRACE-90328-kWCqfCW5409BzqNUgU901y0c5WLez3VArGhonyJswkakgrQLqB-sso-cas.univ-lille1.fr:pers0
TRACE-90341-3g91x2IUbhPdgY39KdDfcRPo4xVGGwaoxkq25jbGFcvrp1fAua-sso-cas.univ-lille1.fr:etud8
TRACE-90451-hlFGRUEA0Lw7EIebu2H1UJ7R3vRqzfTfwBtSxwHPhXlfeiXJne-sso-cas.univ-lille1.fr:pers12
TRACE-90455-Sd9ZlDgaXRMigg725dQNfNavk1WDQJ5dBrKK4teXMYd7FstjsA-sso-cas.univ-lille1.fr:ens6
TRACE-90475-eqtanifzUAjUMIKrcHlZKW2vxOC0uRYaXDf5z6SyoqrCE7Ezfz-sso-cas.univ-lille1.fr:ens0
TRACE-90530-5GlK5sjR9HYCNXmSKn9TDs2bvCjbCr0h4WfFkeYx5O3bAobX9b-sso-cas.univ-lille1.fr:pers14
TRACE-90536-dlZZ031qSUGlKa2v2qdFpQuynAuxWCgIhzI6eYOxX27GL691VF-sso-cas.univ-lille1.fr:ens7
TRACE-90590-zQBGAofTrfesPhQAVa2oflmU9qWkFBWZadYAJhscmfUZXK5lvs-sso-cas.univ-lille1.fr:ens7
TRACE-90602-cbFcPukVPbK2XKKw1SC40utV2ayilh5xolUoyEcg3o3swbV63A-sso-cas.univ-lille1.fr:ens9
TRACE-90605-LTA4PQ6nsu36Mk4iuqwpaENmK6z6jCegmN2yfc7efArdMZNv1g-sso-cas.univ-lille1.fr:pers0
TRACE-90613-HONwbFjnskftrWdqRY5QOj5dqXxrKBNsVFVQaYSiMrJKbWrj2D-sso-cas.univ-lille1.fr:etud2
TRACE-90634-J3oLrAGtohWgfo3AG9JFi4eykmeLkkakSqeqxsqKcTfZvzf3Pm-sso-cas.univ-lille1.fr:etud16
TRACE-90686-jVWTMBWd1YznI4i5G6FbNug3QPjjEeXbcAvbL2aKaLYkDUhEBp-sso-cas.univ-lille1.fr:ens1
TRACE-90692-0E1wXbUu2RobT0FPJZRzog4gTRnq00mx9ID7LF4iiBKVFB9yfj-sso-cas.univ-lille1.fr:ens14
TRACE-90750-2HnpqCOmTY24uIw6xllXNOzedwpKSz3pvkWR4YA9aeycfKd0CZ-sso-cas.univ-lille1.fr:pers9
TRACE-90770-V1W1ngRxWpILda6hU3TI1P3au0j9GB1IytjAMbOgfbaGojOJTI-sso-cas.univ-lille1.fr:pers12
TRACE-90794-JX07Jr5dumzfMghTpnD4nnEEszQ3WmkVMXsuKcRCDNw0WJvmAt-sso-cas.univ-lille1.fr:ens5
TRACE-90802-2IZhkQtGny41Gh7XpSls9d7YNHLoKPuNldyKPF3dve7fxJl2LY-sso-cas.univ-lille1.fr:etud3
TRACE-90805-cfFQwDSip5uZdsHMGpTsozDWOqqmisHkAzCBKnqHrcTQRaDfUa-sso-cas.univ-lille1.fr:pers0
TRACE-90831-qwbugfYID24GlOFVWD5SzCujebfmafoS4Xz2oQCeSXlKEXdmn4-sso-cas.univ-lille1.fr:pers19
TRACE-90938-hawNpqhtJluezuPujXSVMxOhJ1MedPeIrpubfJuaLbov61HRAo-sso-cas.univ-lille1.fr:pers11
TRACE-90941-6rxDznjhKrXENCrh0zgEoBJyZhbmDvdaOdmD9NXMvTvteGhcgL-sso-cas.univ-lille1.fr:ens12
TRACE-90947-dxt5sXseqQmoRfwE1eOPcXOHb5dU6kjvQgx6P2Umf0eJZhSfEr-sso-cas.univ-lille1.fr:pers3
TRACE-90970-e3GeA0tbMHoI4X1yE65sdeBYR6PSppP5NcZdpEzx7lVfRabguJ-sso-cas.univ-lille1.fr:ens19
TRACE-91004-dFwuwAlXZiSOFlyRwFdiVo0nan9op1dHWrl9txMBdt6bugEMFQ-sso-cas.univ-lille1.fr:etud11
TRACE-91034-fGoNroUw6adRqGXZ6Kxzr7zspmoDMQgCVYSPAhOgK7S4iq5YHG-sso-cas.univ-lille1.fr:ens10
TRACE-91072-AIiFXBXqZBRMsWCg4ObM3n7cj9www2DNOKgaO6dSsiIZjuTBus-sso-cas.univ-lille1.fr:etud15
TRACE-91080-vQmlPGNoycTYUAacUZmZsb5PCFkMnven7RegHceXoyYEXCJYrL-sso-cas.univ-lille1.fr:pers18
TRACE-91094-Sg0DCaCTeNvQCqxdsW0SJehkKATF9l0QOEOmxFld2a73bSRnMz-sso-cas.univ-lille1.fr:ens9
TRACE-91097-DoYJOeYuJp4TrMfUxcCuwoMWgqAdfO2OatSQJbUQUbf2Fq9WYd-sso-cas.univ-lille1.fr:etud16
TRACE-91135-UcdjHGXM0wdAMgVaVfcfcdOfABStrbNOaSXVKk1aHvo0gir0dS-sso-cas.univ-lille1.fr:ens11
TRACE-91139-bMS4dpdZfT3bCiA5frUq2DmtLcuQlweZYpamWmB32QUYlTZDVM-sso-cas.univ-lille1.fr:pers18
TRACE-91164-J0adndjXKLWuovG1oYdMtqVpENieCe3rAMFMA3myjhgmeWJXje-sso-cas.univ-lille1.fr:etud0
TRACE-91170-prdqnabvEU6ZnB3ypagnRneFheElEZgYZ1IBbsCrzLmV4iLHTi-sso-cas.univ-lille1.fr:pers8
TRACE-91226-pP2VMuPzabikd52YqA2Ui1q3bF0DJcbCcH1WF1AXMPl7zxxVka-sso-cas.univ-lille1.fr:etud14
TRACE-91227-hnCWg0vkB3ABRPj96j3EZFU9CNnLydbdgXmmyed4JwdAnQOn1W-sso-cas.univ-lille1.fr:ens9
TRACE-91279-yb2LTBbmrzQAcwllqCO2iVRZF9BX3xoZIMFbVXP1yvQdZj6Jt7-sso-cas.univ-lille1.fr:ens15
TRACE-91290-KObEBU7vcxtrjpuea29mW7OzWPbjBlLyatIdJwHgjfzvJoa2rf-sso-cas.univ-lille1.fr:etud12
TRACE-91299-ZdceiVnnSBiDHcOZ2XBSohS5AinLNhyCLZygGYUp5RPHte0zo4-sso-cas.univ-lille1.fr:ens15
TRACE-91315-CzBguwcDf3kfLqEl1wchxELwumPg93rUYlNRaSj6ToO3tRcV3Z-sso-cas.univ-lille1.fr:etud2
TRACE-91340-PKy0iN9IsaHJVHrwuT4MUgpbfDz6sxaUpWXteLz6Xhoy2NbVlL-sso-cas.univ-lille1.fr:ens1
TRACE-91349-YtxGTZXSVewjLYqVQOSmvOYotsWQcrPgIOcpef1MnsfgKJhcLd-sso-cas.univ-lille1.fr:ens4
TRACE-91366-fb5wtCTiPweBc51pFjcf9nQpiCrAX6FwCeI0Vt4cKSj7zl23SO-sso-cas.univ-lille1.fr:pers18
TRACE-91370-YXysPGxGiXpN0ZzANRoenbt3iua9YBeaib60t1KVYtGbyftZyA-sso-cas.univ-lille1.fr:pers18
TRACE-91396-6UHoSp0pde9e50LzxIuQwqsF4pA4y1UeehLTreQbr9Nfkwk3sb-sso-cas.univ-lille1.fr:ens10
TRACE-91399-vKxplJYzqHwOdLalLTBf49vDuwWmN5AoRSlII4ryNaOHpXdN5g-sso-cas.univ-lille1.fr:ens18
TRACE-91413-R3LkbFZoKvPbr5UcESoG9awU0kGHncapYVQSyqksTfFDqk6tF7-sso-cas.univ-lille1.fr:pers3
TRACE-91515-TQiXh6ColXtAoiyJ5aedvwSh70DIhbUGJKUtbta14kYcTPykCo-sso-cas.univ-lille1.fr:ens18
TRACE-91547-S0civ4QS9f7IlikPIzsTpAmqW45XTHhb51OUYCez3Rdn697dAZ-sso-cas.univ-lille1.fr:etud6
TRACE-91552-PeCF1SUitIxx727iQDuJJi6HHfxsCnc9UC50InftLPzII5jRkv-sso-cas.univ-lille1.fr:etud1
TRACE-91569-xqtUwA9WKnOpjd0nTE3rIhutfpTDw7pVf2opsDvAGkllQ74ZGA-sso-cas.univ-lille1.fr:ens10
TRACE-91589-fNh9E0yZacqYSb000WtqX0bhT26oBTS5CkC9c9aR5JQAIfYby1-sso-cas.univ-lille1.fr:pers16
TRACE-91597-d6UEftKdVoLFdXdtKtt1EwXJx4kEPidsIKi20xbeZVZ6ERONy4-sso-cas.univ-lille1.fr:ens18
TRACE-91599-UNUajYcScVp9SpWkV7cwNEAWHjwESufW3NW3zcev4EebT2UmU2-sso-cas.univ-lille1.fr:pers8
TRACE-91640-CAFHtMGwOUWs5tStD0rqiGW4XgtH2IeGgWSWtbCbU9JzxXRY7b-sso-cas.univ-lille1.fr:etud6
TRACE-91658-ktfOujQbpwcjEC9aTjpcmsCrhaoXvj2qSeNGurFIUfCchAeGYf-sso-cas.univ-lille1.fr:etud17
TRACE-91659-EGgNHQXiVbaj3SSUZrlayBTP57NUWaPy5xbLhN2aVBP9Idcu3Y-sso-cas.univ-lille1.fr:pers16
TRACE-91693-se4kP6i195c9dcR4d2O699pqbSpJmX3IhWwQVF4FoEnzmR2Jhs-sso-cas.univ-lille1.fr:pers8
TRACE-91727-p1706SH9dfzzazaHJffGhnbWZiOp3uHUDeRJgiRrHYFTo0zdQY-sso-cas.univ-lille1.fr:etud6
TRACE-91749-IgocAOZ2cu1KCeQzpg0WKsyUdb3USwzyqUFtGW01RFfbu6Spbk-sso-cas.univ-lille1.fr:etud16
TRACE-91750-GEBgPcRFSyId7x5tkp1xR1L6EigxtQHwFEmWRonqxTWeWga9IO-sso-cas.univ-lille1.fr:pers3
TRACE-91755-f6FYvqCKYXT3Or7ReE6IzZjZyrFAarh7TpLvRdf4BQnX6kk7Vo-sso-cas.univ-lille1.fr:etud16
TRACE-91777-UFanB5eAqhxJpRJ1uvKrd3X1Kn5mXcwx6s21DdOKrCwAUcSgUy-sso-cas.univ-lille1.fr:pers3
TRACE-91795-kXBTbnoQKh0KXcDWrPWGudf03X27fBCJXwMixRrShS1e4Tfgoe-sso-cas.univ-lille1.fr:etud14
TRACE-91826-fhYyhF5Iv3CefiDWawRvGpqTwFxxWTYH6YbpuQaVT1jUbgQxqe-sso-cas.univ-lille1.fr:ens1
TRACE-91839-HJVofLon1vU5qCTHuaXemhFwZrTQ19vS6ASAPWMXHcKbTdH5Lk-sso-cas.univ-lille1.fr:pers18
TRACE-91863-WOGpeQEafIabiPHIkZded5GsH7oxNdcIwejN3i2z2c0ultPUh5-sso-cas.univ-lille1.fr:ens4
TRACE-91880-QZjyrpdabfY53p1JhiPnrp14TIxxd7jARTz6HgSb3IeCrTUeaU-sso-cas.univ-lille1.fr:pers8
TRACE-91884-qeFio0Ust5iZ4SPgefk00WbzszdY4JbseNhhRXJOVAHT93MQM5-sso-cas.univ-lille1.fr:ens0
TRACE-91892-h7HyQaFxcINWAcG70pefbBRx1arDe0w5XbuLc93Wsyt4U1GCIa-sso-cas.univ-lille1.fr:ens17
TRACE-91939-yq065QNGOgQW1wYlcPIVfdm0eyPbsstLbytbzHqRAcNkvBDfRQ-sso-cas.univ-lille1.fr:ens17
TRACE-91970-vemOzlvdM13BPJ2Trfc6GRdhJ5pcBrwhaOG7ltdNAxKib2GtmU-sso-cas.univ-lille1.fr:etud5
TRACE-92014-KUFmh0SGlHJtN113IzAGRjg5snAeOvbwuc3K0Hh0md4EBa7bNd-sso-cas.univ-lille1.fr:etud17
TRACE-92033-5jx0zLsFYmvuORqklAsHxNXdzrsAmb5mG2cNTvsqh5hJ539Tai-sso-cas.univ-lille1.fr:etud9
TRACE-92094-UOqiBscxvU5z5cKlnfd0APmwfxlfBPhMmz6C6DvpM3yZMWj5UB-sso-cas.univ-lille1.fr:pers7
TRACE-92098-PZZaVv14ZsqBgAnn6wAhtpvQ16hwW6l2ccwuPN5L6BzHeHxLZG-sso-cas.univ-lille1.fr:pers15
TRACE-92175-o1m6NtH3Fd9QZ0iU1U2srhOEbm9kQYBt9DoKpo3gHTzOWscLjZ-sso-cas.univ-lille1.fr:etud17
TRACE-92269-f4CUPl2TP4QLwLATLfkk6zTNcjQ7kdaFQskJxvJxfbj0nFXr9c-sso-cas.univ-lille1.fr:ens19
TRACE-92287-BY2fujROpxI1PFrzmiQYOUQ9SO9bArh6rSFfwDLZXmKsphM0uU-sso-cas.univ-lille1.fr:ens2
TRACE-92290-4Cdc2J4CAosD2fIsTncjHnCI9Po9Ank2z4TEdQHhsK4sFbo7nn-sso-cas.univ-lille1.fr:pers3
TRACE-92306-yOeSjzCqFugzyLOelZRbM6KkD5cyeX1jIPJLcTVUw7ndxYz9G4-sso-cas.univ-lille1.fr:pers17
TRACE-92308-WZOl4PtBwvcQjPmudX0ZoMJqWlnLVNsyjcdfoxcDCOGAtGx3Lt-sso-cas.univ-lille1.fr:ens18
TRACE-92317-A5W3jB3HhlxH0HhC2xLeD6fQ5XWUexfmXbXwaWRfhA9cd4VpeC-sso-cas.univ-lille1.fr:ens8
TRACE-92325-9YkPzew3uB7WKORgjTqVap0DlIjIa39tswwrDbqllv1frZEvsw-sso-cas.univ-lille1.fr:pers6
TRACE-92346-ZoaeAMp1BbcNCBXHgokncLTTbvmdRzVGXgeRHgcpffBew4jM7v-sso-cas.univ-lille1.fr:etud18
TRACE-92401-N7C4LbXBBdM4cYNYcbE3VtlFdvJhlCdeRLcAaOIonRPdC9z9Rq-sso-cas.univ-lille1.fr:ens10
TRACE-92441-DdOhyaBcUOUynnwUbIAkvSBbTebTa6iX3bao5XabqZ7jep421F-sso-cas.univ-lille1.fr:pers6
